#
# A fatal error has been detected by the Java Runtime Environment:
#
#  EXCEPTION_ACCESS_VIOLATION (0xc0000005) at pc=0x00007ff8f5e1d266, pid=204, tid=104
#
# JRE version: OpenJDK Runtime Environment (11.0.11+9) (build 11.0.11+9-b60-7590822)
# Java VM: OpenJDK 64-Bit Server VM (11.0.11+9-b60-7590822, mixed mode, tiered, compressed oops, g1 gc, windows-amd64)
# Problematic frame:
# V  [jvm.dll+0x18d266]
#
# No core dump will be written. Minidumps are not enabled by default on client versions of Windows
#
# If you would like to submit a bug report, please visit:
#   https://bugreport.java.com/bugreport/crash.jsp
#

---------------  S U M M A R Y ------------

Command Line: --add-opens=java.base/java.util=ALL-UNNAMED --add-opens=java.base/java.lang=ALL-UNNAMED --add-opens=java.base/java.lang.invoke=ALL-UNNAMED --add-opens=java.base/java.util=ALL-UNNAMED --add-opens=java.prefs/java.util.prefs=ALL-UNNAMED --add-opens=java.prefs/java.util.prefs=ALL-UNNAMED --add-opens=java.base/java.nio.charset=ALL-UNNAMED --add-opens=java.base/java.net=ALL-UNNAMED --add-opens=java.base/java.util.concurrent.atomic=ALL-UNNAMED -Xmx2048m -Dfile.encoding=UTF-8 -Duser.country=US -Duser.language=en -Duser.variant org.gradle.launcher.daemon.bootstrap.GradleDaemon 7.2

Host: Intel(R) Core(TM) i5-2500S CPU @ 2.70GHz, 4 cores, 7G,  Windows 10 , 64 bit Build 17134 (10.0.17134.753)
Time: Mon Apr 25 23:29:44 2022 Caucasus Standard Time elapsed time: 4.206391 seconds (0d 0h 0m 4s)

---------------  T H R E A D  ---------------

Current thread (0x00000127d39e8800):  GCTaskThread "GC Thread#1" [stack: 0x0000001fb8e00000,0x0000001fb8f00000] [id=104]

Stack: [0x0000001fb8e00000,0x0000001fb8f00000],  sp=0x0000001fb8efef18,  free space=1019k
Native frames: (J=compiled Java code, j=interpreted, Vv=VM code, C=native code)
V  [jvm.dll+0x18d266]


siginfo: EXCEPTION_ACCESS_VIOLATION (0xc0000005), reading address 0x00000003a2097ba0


Register to memory mapping:

RIP=0x00007ff8f5e1d266 jvm.dll
RAX=0x0000000000000001 is an unknown value
RBX=0x0000000083d8f824 is pointing into object: java.util.concurrent.ConcurrentHashMap$Node 
{0x0000000083d8f810} - klass: 'java/util/concurrent/ConcurrentHashMap$Node'
RCX=0x0000000087abd258 is pointing into object: [B 
{0x0000000087abd238} - klass: {type array byte}
 - length: 44
RDX=0x0000000087abd258 is pointing into object: [B 
{0x0000000087abd238} - klass: {type array byte}
 - length: 44
RSP=0x0000001fb8efef18 points into unknown readable memory: 0x00007ff8f5f903bc | bc 03 f9 f5 f8 7f 00 00
RBP=0x6574746269727474 is an unknown value
RSI=0x00000127d7bd9d70 points into unknown readable memory: 0x00007ff8f64b71a8 | a8 71 4b f6 f8 7f 00 00
RDI=0x00000127d7bd9d70 points into unknown readable memory: 0x00007ff8f64b71a8 | a8 71 4b f6 f8 7f 00 00
R8 =0x0000000087abd258 is pointing into object: [B 
{0x0000000087abd238} - klass: {type array byte}
 - length: 44
R9 =0x00000003a2097b98 is an unknown value
R10=0x0000000087abd258 is pointing into object: [B 
{0x0000000087abd238} - klass: {type array byte}
 - length: 44
R11=0x00000127d7bd9ee0 points into unknown readable memory: 0x00007ff8f64b7160 | 60 71 4b f6 f8 7f 00 00
R12=0x0 is NULL
R13=0x0000000000000001 is an unknown value
R14=0x00000127b6dde1c0 points into unknown readable memory: 0x0000011d00000124 | 24 01 00 00 1d 01 00 00
R15=0x0000000087abd258 is pointing into object: [B 
{0x0000000087abd238} - klass: {type array byte}
 - length: 44


Registers:
RAX=0x0000000000000001, RBX=0x0000000083d8f824, RCX=0x0000000087abd258, RDX=0x0000000087abd258
RSP=0x0000001fb8efef18, RBP=0x6574746269727474, RSI=0x00000127d7bd9d70, RDI=0x00000127d7bd9d70
R8 =0x0000000087abd258, R9 =0x00000003a2097b98, R10=0x0000000087abd258, R11=0x00000127d7bd9ee0
R12=0x0000000000000000, R13=0x0000000000000001, R14=0x00000127b6dde1c0, R15=0x0000000087abd258
RIP=0x00007ff8f5e1d266, EFLAGS=0x0000000000010202

Top of Stack: (sp=0x0000001fb8efef18)
0x0000001fb8efef18:   00007ff8f5f903bc 0000000083d84c01
0x0000001fb8efef28:   0000000000000001 00000127d7bd9d70
0x0000001fb8efef38:   0000000083d84cc1 00000127b6dde140
0x0000001fb8efef48:   000000008077dde8 0000000fd7bd9ee0
0x0000001fb8efef58:   0000000000000009 0000000000000001
0x0000001fb8efef68:   00000127d7bd9d70 0000000000000040
0x0000001fb8efef78:   00000127b6dde1c0 0000000000000000
0x0000001fb8efef88:   00000127d7bd9d70 0000001fb8eff201
0x0000001fb8efef98:   00007ff8f5f620d2 00000127d7bd9d70
0x0000001fb8efefa8:   00007ff8f5f64f01 0000000000000578
0x0000001fb8efefb8:   0000000083d8f824 00000127b6dde140
0x0000001fb8efefc8:   00007ff8f5f8e91b 0000000000000124
0x0000001fb8efefd8:   000000000000011b 0000001fb8eff201
0x0000001fb8efefe8:   00007ff8f5f9d666 0000001fb8eff238
0x0000001fb8efeff8:   0000000100059b90 0000000000000000
0x0000001fb8eff008:   00007ff8f627c19f 0000001fb8eff0b0 

Instructions: (pc=0x00007ff8f5e1d266)
0x00007ff8f5e1d166:   82 00 48 d3 e0 48 03 05 1e 6b 82 00 eb 04 48 8b
0x00007ff8f5e1d176:   43 08 81 78 08 00 00 00 c0 73 7d 48 8b 4f 38 48
0x00007ff8f5e1d186:   8b d3 48 8b 01 ff 50 20 84 c0 75 6c 38 05 e0 f6
0x00007ff8f5e1d196:   86 00 74 15 8b 53 08 8b 0d f5 6a 82 00 48 d3 e2
0x00007ff8f5e1d1a6:   48 03 15 e3 6a 82 00 eb 04 48 8b 53 08 48 8b cb
0x00007ff8f5e1d1b6:   48 89 5c 24 20 e8 a0 00 00 00 80 7f 30 00 48 63
0x00007ff8f5e1d1c6:   c8 48 89 4c 24 28 0f 28 44 24 20 74 17 0f 11 86
0x00007ff8f5e1d1d6:   98 03 00 00 48 8b 5c 24 40 48 8b 74 24 48 48 83
0x00007ff8f5e1d1e6:   c4 30 5f c3 48 8b 07 48 8d 54 24 20 48 8b cf 66
0x00007ff8f5e1d1f6:   0f 7f 44 24 20 ff 50 38 48 8b 5c 24 40 48 8b 74
0x00007ff8f5e1d206:   24 48 48 83 c4 30 5f c3 cc cc 48 8b 49 38 48 8b
0x00007ff8f5e1d216:   01 48 ff 60 28 cc cc cc cc cc 80 3d 51 f6 86 00
0x00007ff8f5e1d226:   00 48 8b c1 74 1b 8b 51 08 8b 0d 63 6a 82 00 48
0x00007ff8f5e1d236:   d3 e2 48 8b c8 48 03 15 4e 6a 82 00 e9 19 00 00
0x00007ff8f5e1d246:   00 48 8b 51 08 48 8b c8 e9 0d 00 00 00 cc cc cc
0x00007ff8f5e1d256:   cc cc cc cc cc cc cc cc cc cc 4c 8b ca 48 8b d1
0x00007ff8f5e1d266:   45 8b 41 08 45 85 c0 7e 0e 41 f6 c0 01 75 59 41
0x00007ff8f5e1d276:   c1 f8 03 41 8b c0 c3 79 4f 80 3d f2 f5 86 00 00
0x00007ff8f5e1d286:   b8 0c 00 00 00 b9 10 00 00 00 0f 45 c8 8b 05 2b
0x00007ff8f5e1d296:   b4 80 00 ff c8 4c 63 c8 48 63 c1 41 8b c8 83 e1
0x00007ff8f5e1d2a6:   3f 48 63 14 10 41 8b c0 48 c1 f8 10 0f b6 c0 48
0x00007ff8f5e1d2b6:   d3 e2 49 8d 0c 11 49 f7 d1 48 03 c1 49 c1 e9 03
0x00007ff8f5e1d2c6:   48 c1 e8 03 41 23 c1 c3 49 8b 01 49 8b c9 48 ff
0x00007ff8f5e1d2d6:   a0 10 01 00 00 cc cc cc cc cc 48 83 ec 38 0f 10
0x00007ff8f5e1d2e6:   02 48 8b 49 38 48 8d 54 24 20 0f 29 44 24 20 e8
0x00007ff8f5e1d2f6:   66 f0 ff ff 48 83 c4 38 c3 cc 48 89 5c 24 08 55
0x00007ff8f5e1d306:   56 57 41 54 41 55 41 56 41 57 48 8d 6c 24 e0 48
0x00007ff8f5e1d316:   81 ec 20 01 00 00 48 8b 05 1d ef 83 00 48 33 c4
0x00007ff8f5e1d326:   48 89 45 10 48 8b 05 5f 60 86 00 45 33 ed 4c 8b
0x00007ff8f5e1d336:   b5 80 00 00 00 4c 8b fa 48 8b bd 88 00 00 00 4d
0x00007ff8f5e1d346:   8b c6 49 8b d6 49 8b f1 48 8b 48 38 48 8b 59 48
0x00007ff8f5e1d356:   49 8b cf c7 45 c0 ff ff ff ff 44 89 6d d4 4c 89 


Stack slot to memory mapping:
stack at sp + 0 slots: 0x00007ff8f5f903bc jvm.dll
stack at sp + 1 slots: 0x0000000083d84c01 is pointing into object: [Ljava.util.concurrent.ConcurrentHashMap$Node; 
{0x0000000083d836e0} - klass: 'java/util/concurrent/ConcurrentHashMap$Node'[]
 - length: 8192
stack at sp + 2 slots: 0x0000000000000001 is an unknown value
stack at sp + 3 slots: 0x00000127d7bd9d70 points into unknown readable memory: 0x00007ff8f64b71a8 | a8 71 4b f6 f8 7f 00 00
stack at sp + 4 slots: 0x0000000083d84cc1 is pointing into object: [Ljava.util.concurrent.ConcurrentHashMap$Node; 
{0x0000000083d836e0} - klass: 'java/util/concurrent/ConcurrentHashMap$Node'[]
 - length: 8192
stack at sp + 5 slots: 0x00000127b6dde140 points into unknown readable memory: 0x0000000000000124 | 24 01 00 00 00 00 00 00
stack at sp + 6 slots: 0x000000008077dde8 is an oop: java.util.concurrent.ConcurrentHashMap$Node 
{0x000000008077dde8} - klass: 'java/util/concurrent/ConcurrentHashMap$Node'
stack at sp + 7 slots: 0x0000000fd7bd9ee0 is an unknown value


---------------  P R O C E S S  ---------------

Threads class SMR info:
_java_thread_list=0x00000127d5a28390, length=29, elements={
0x00000127b8e8f000, 0x00000127d2a79000, 0x00000127d2a82800, 0x00000127d33e2800,
0x00000127d2a8e000, 0x00000127d2a91000, 0x00000127d2a97000, 0x00000127d2a9b000,
0x00000127d2aa4800, 0x00000127d354f000, 0x00000127d6428800, 0x00000127d51cc000,
0x00000127d51ca800, 0x00000127d51cd000, 0x00000127d51cd800, 0x00000127d51c8000,
0x00000127d51ce800, 0x00000127d51c9800, 0x00000127d51c9000, 0x00000127d580a800,
0x00000127d699d800, 0x00000127d580c800, 0x00000127d580d000, 0x00000127d580b800,
0x00000127d5809000, 0x00000127d580e000, 0x00000127d5808800, 0x00000127d580f000,
0x00000127d580a000
}

Java Threads: ( => current thread )
  0x00000127b8e8f000 JavaThread "main" [_thread_blocked, id=5720, stack(0x0000001fb7c00000,0x0000001fb7d00000)]
  0x00000127d2a79000 JavaThread "Reference Handler" daemon [_thread_blocked, id=3144, stack(0x0000001fb8300000,0x0000001fb8400000)]
  0x00000127d2a82800 JavaThread "Finalizer" daemon [_thread_blocked, id=896, stack(0x0000001fb8400000,0x0000001fb8500000)]
  0x00000127d33e2800 JavaThread "Signal Dispatcher" daemon [_thread_blocked, id=4192, stack(0x0000001fb8500000,0x0000001fb8600000)]
  0x00000127d2a8e000 JavaThread "Attach Listener" daemon [_thread_blocked, id=10176, stack(0x0000001fb8600000,0x0000001fb8700000)]
  0x00000127d2a91000 JavaThread "Service Thread" daemon [_thread_blocked, id=9764, stack(0x0000001fb8700000,0x0000001fb8800000)]
  0x00000127d2a97000 JavaThread "C2 CompilerThread0" daemon [_thread_blocked, id=220, stack(0x0000001fb8800000,0x0000001fb8900000)]
  0x00000127d2a9b000 JavaThread "C1 CompilerThread0" daemon [_thread_blocked, id=196, stack(0x0000001fb8900000,0x0000001fb8a00000)]
  0x00000127d2aa4800 JavaThread "Sweeper thread" daemon [_thread_blocked, id=7200, stack(0x0000001fb8a00000,0x0000001fb8b00000)]
  0x00000127d354f000 JavaThread "Common-Cleaner" daemon [_thread_blocked, id=5760, stack(0x0000001fb8b00000,0x0000001fb8c00000)]
  0x00000127d6428800 JavaThread "Daemon health stats" [_thread_blocked, id=5468, stack(0x0000001fb9000000,0x0000001fb9100000)]
  0x00000127d51cc000 JavaThread "Incoming local TCP Connector on port 50033" [_thread_in_native, id=5472, stack(0x0000001fb8d00000,0x0000001fb8e00000)]
  0x00000127d51ca800 JavaThread "Daemon periodic checks" [_thread_blocked, id=5580, stack(0x0000001fb9100000,0x0000001fb9200000)]
  0x00000127d51cd000 JavaThread "Daemon" [_thread_blocked, id=5664, stack(0x0000001fb9200000,0x0000001fb9300000)]
  0x00000127d51cd800 JavaThread "Handler for socket connection from /127.0.0.1:50033 to /127.0.0.1:50034" [_thread_in_native, id=9356, stack(0x0000001fb9300000,0x0000001fb9400000)]
  0x00000127d51c8000 JavaThread "Cancel handler" [_thread_blocked, id=3336, stack(0x0000001fb9400000,0x0000001fb9500000)]
  0x00000127d51ce800 JavaThread "Daemon worker" [_thread_blocked, id=6080, stack(0x0000001fb9500000,0x0000001fb9600000)]
  0x00000127d51c9800 JavaThread "Asynchronous log dispatcher for DefaultDaemonConnection: socket connection from /127.0.0.1:50033 to /127.0.0.1:50034" [_thread_blocked, id=6128, stack(0x0000001fb9600000,0x0000001fb9700000)]
  0x00000127d51c9000 JavaThread "Stdin handler" [_thread_blocked, id=5968, stack(0x0000001fb9700000,0x0000001fb9800000)]
  0x00000127d580a800 JavaThread "Daemon client event forwarder" [_thread_blocked, id=6652, stack(0x0000001fb9800000,0x0000001fb9900000)]
  0x00000127d699d800 JavaThread "C2 CompilerThread1" daemon [_thread_blocked, id=6656, stack(0x0000001fb9900000,0x0000001fb9a00000)]
  0x00000127d580c800 JavaThread "Cache worker for journal cache (C:\Users\user\.gradle\caches\journal-1)" [_thread_blocked, id=5484, stack(0x0000001fb9a00000,0x0000001fb9b00000)]
  0x00000127d580d000 JavaThread "File lock request listener" [_thread_in_native, id=6760, stack(0x0000001fb9b00000,0x0000001fb9c00000)]
  0x00000127d580b800 JavaThread "Cache worker for file hash cache (C:\Users\user\.gradle\caches\7.2\fileHashes)" [_thread_blocked, id=6416, stack(0x0000001fb9c00000,0x0000001fb9d00000)]
  0x00000127d5809000 JavaThread "Cache worker for file hash cache (C:\Users\user\AndroidStudioProjects\MyApplication\.gradle\7.2\fileHashes)" [_thread_blocked, id=6740, stack(0x0000001fb9e00000,0x0000001fb9f00000)]
  0x00000127d580e000 JavaThread "File watcher server" daemon [_thread_in_native, id=9476, stack(0x0000001fb9f00000,0x0000001fba000000)]
  0x00000127d5808800 JavaThread "File watcher consumer" daemon [_thread_blocked, id=6772, stack(0x0000001fba000000,0x0000001fba100000)]
  0x00000127d580f000 JavaThread "Cache worker for checksums cache (C:\Users\user\AndroidStudioProjects\MyApplication\.gradle\checksums)" [_thread_blocked, id=5020, stack(0x0000001fba100000,0x0000001fba200000)]
  0x00000127d580a000 JavaThread "Cache worker for cache directory md-supplier (C:\Users\user\.gradle\caches\7.2\md-supplier)" [_thread_blocked, id=8340, stack(0x0000001fba200000,0x0000001fba300000)]

Other Threads:
  0x00000127d2a73000 VMThread "VM Thread" [stack: 0x0000001fb8200000,0x0000001fb8300000] [id=10052]
  0x00000127d355c000 WatcherThread [stack: 0x0000001fb8c00000,0x0000001fb8d00000] [id=7172]
  0x00000127b8ea7000 GCTaskThread "GC Thread#0" [stack: 0x0000001fb7d00000,0x0000001fb7e00000] [id=9388]
=>0x00000127d39e8800 GCTaskThread "GC Thread#1" [stack: 0x0000001fb8e00000,0x0000001fb8f00000] [id=104]
  0x00000127d41e7000 GCTaskThread "GC Thread#2" [stack: 0x0000001fb8f00000,0x0000001fb9000000] [id=7212]
  0x00000127d572d800 GCTaskThread "GC Thread#3" [stack: 0x0000001fb9d00000,0x0000001fb9e00000] [id=8396]
  0x00000127b8ed9800 ConcurrentGCThread "G1 Main Marker" [stack: 0x0000001fb7e00000,0x0000001fb7f00000] [id=6932]
  0x00000127b8edb000 ConcurrentGCThread "G1 Conc#0" [stack: 0x0000001fb7f00000,0x0000001fb8000000] [id=3988]
  0x00000127d28c0800 ConcurrentGCThread "G1 Refine#0" [stack: 0x0000001fb8000000,0x0000001fb8100000] [id=4432]
  0x00000127d28c1800 ConcurrentGCThread "G1 Young RemSet Sampling" [stack: 0x0000001fb8100000,0x0000001fb8200000] [id=6496]

Threads with active compile tasks:

VM state:at safepoint (normal execution)

VM Mutex/Monitor currently owned by a thread:  ([mutex/lock_event])
[0x00000127b8e8b560] Threads_lock - owner thread: 0x00000127d2a73000
[0x00000127b8e8b8c0] Heap_lock - owner thread: 0x00000127d51ce800

Heap address: 0x0000000080000000, size: 2048 MB, Compressed Oops mode: 32-bit
Narrow klass base: 0x0000000000000000, Narrow klass shift: 3
Compressed class space size: 1073741824 Address: 0x0000000100000000

Heap:
 garbage-first heap   total 131072K, used 84410K [0x0000000080000000, 0x0000000100000000)
  region size 1024K, 69 young (70656K), 3 survivors (3072K)
 Metaspace       used 26944K, capacity 27544K, committed 27648K, reserved 1073152K
  class space    used 3555K, capacity 3773K, committed 3840K, reserved 1048576K
Heap Regions: E=young(eden), S=young(survivor), O=old, HS=humongous(starts), HC=humongous(continues), CS=collection set, F=free, A=archive, TAMS=top-at-mark-start (previous, next)
|   0|0x0000000080000000, 0x0000000080100000, 0x0000000080100000|100%| O|  |TAMS 0x0000000080100000, 0x0000000080000000| Untracked 
|   1|0x0000000080100000, 0x0000000080200000, 0x0000000080200000|100%| O|  |TAMS 0x00000000801bde00, 0x0000000080100000| Untracked 
|   2|0x0000000080200000, 0x0000000080300000, 0x0000000080300000|100%| O|  |TAMS 0x0000000080200000, 0x0000000080200000| Untracked 
|   3|0x0000000080300000, 0x0000000080400000, 0x0000000080400000|100%|HS|  |TAMS 0x0000000080400000, 0x0000000080300000| Complete 
|   4|0x0000000080400000, 0x0000000080500000, 0x0000000080500000|100%|HC|  |TAMS 0x0000000080500000, 0x0000000080400000| Complete 
|   5|0x0000000080500000, 0x0000000080600000, 0x0000000080600000|100%|HC|  |TAMS 0x0000000080600000, 0x0000000080500000| Complete 
|   6|0x0000000080600000, 0x0000000080700000, 0x0000000080700000|100%| O|  |TAMS 0x0000000080700000, 0x0000000080600000| Untracked 
|   7|0x0000000080700000, 0x0000000080800000, 0x0000000080800000|100%| O|  |TAMS 0x0000000080800000, 0x0000000080700000| Untracked 
|   8|0x0000000080800000, 0x0000000080900000, 0x0000000080900000|100%| O|  |TAMS 0x0000000080900000, 0x0000000080800000| Untracked 
|   9|0x0000000080900000, 0x0000000080a00000, 0x0000000080a00000|100%| O|  |TAMS 0x0000000080900000, 0x0000000080900000| Untracked 
|  10|0x0000000080a00000, 0x0000000080b00000, 0x0000000080b00000|100%| O|  |TAMS 0x0000000080a00000, 0x0000000080a00000| Untracked 
|  11|0x0000000080b00000, 0x0000000080c00000, 0x0000000080c00000|100%| O|  |TAMS 0x0000000080b00000, 0x0000000080b00000| Untracked 
|  12|0x0000000080c00000, 0x0000000080d00000, 0x0000000080d00000|100%| O|  |TAMS 0x0000000080c00000, 0x0000000080c00000| Untracked 
|  13|0x0000000080d00000, 0x0000000080e00000, 0x0000000080e00000|100%| O|  |TAMS 0x0000000080d00000, 0x0000000080d00000| Untracked 
|  14|0x0000000080e00000, 0x0000000080f00000, 0x0000000080f00000|100%| O|  |TAMS 0x0000000080e00000, 0x0000000080e00000| Untracked 
|  15|0x0000000080f00000, 0x0000000080fee7c8, 0x0000000081000000| 93%| O|  |TAMS 0x0000000080f00000, 0x0000000080f00000| Untracked 
|  16|0x0000000081000000, 0x0000000081000000, 0x0000000081100000|  0%| F|  |TAMS 0x0000000081000000, 0x0000000081000000| Untracked 
|  17|0x0000000081100000, 0x0000000081100000, 0x0000000081200000|  0%| F|  |TAMS 0x0000000081100000, 0x0000000081100000| Untracked 
|  18|0x0000000081200000, 0x0000000081200000, 0x0000000081300000|  0%| F|  |TAMS 0x0000000081200000, 0x0000000081200000| Untracked 
|  19|0x0000000081300000, 0x0000000081300000, 0x0000000081400000|  0%| F|  |TAMS 0x0000000081300000, 0x0000000081300000| Untracked 
|  20|0x0000000081400000, 0x0000000081400000, 0x0000000081500000|  0%| F|  |TAMS 0x0000000081400000, 0x0000000081400000| Untracked 
|  21|0x0000000081500000, 0x0000000081500000, 0x0000000081600000|  0%| F|  |TAMS 0x0000000081500000, 0x0000000081500000| Untracked 
|  22|0x0000000081600000, 0x0000000081600000, 0x0000000081700000|  0%| F|  |TAMS 0x0000000081600000, 0x0000000081600000| Untracked 
|  23|0x0000000081700000, 0x0000000081700000, 0x0000000081800000|  0%| F|  |TAMS 0x0000000081700000, 0x0000000081700000| Untracked 
|  24|0x0000000081800000, 0x0000000081800000, 0x0000000081900000|  0%| F|  |TAMS 0x0000000081800000, 0x0000000081800000| Untracked 
|  25|0x0000000081900000, 0x0000000081900000, 0x0000000081a00000|  0%| F|  |TAMS 0x0000000081900000, 0x0000000081900000| Untracked 
|  26|0x0000000081a00000, 0x0000000081a00000, 0x0000000081b00000|  0%| F|  |TAMS 0x0000000081a00000, 0x0000000081a00000| Untracked 
|  27|0x0000000081b00000, 0x0000000081b00000, 0x0000000081c00000|  0%| F|  |TAMS 0x0000000081b00000, 0x0000000081b00000| Untracked 
|  28|0x0000000081c00000, 0x0000000081c00000, 0x0000000081d00000|  0%| F|  |TAMS 0x0000000081c00000, 0x0000000081c00000| Untracked 
|  29|0x0000000081d00000, 0x0000000081d00000, 0x0000000081e00000|  0%| F|  |TAMS 0x0000000081d00000, 0x0000000081d00000| Untracked 
|  30|0x0000000081e00000, 0x0000000081e00000, 0x0000000081f00000|  0%| F|  |TAMS 0x0000000081e00000, 0x0000000081e00000| Untracked 
|  31|0x0000000081f00000, 0x0000000081f00000, 0x0000000082000000|  0%| F|  |TAMS 0x0000000081f00000, 0x0000000081f00000| Untracked 
|  32|0x0000000082000000, 0x0000000082000000, 0x0000000082100000|  0%| F|  |TAMS 0x0000000082000000, 0x0000000082000000| Untracked 
|  33|0x0000000082100000, 0x0000000082100000, 0x0000000082200000|  0%| F|  |TAMS 0x0000000082100000, 0x0000000082100000| Untracked 
|  34|0x0000000082200000, 0x0000000082200000, 0x0000000082300000|  0%| F|  |TAMS 0x0000000082200000, 0x0000000082200000| Untracked 
|  35|0x0000000082300000, 0x0000000082300000, 0x0000000082400000|  0%| F|  |TAMS 0x0000000082300000, 0x0000000082300000| Untracked 
|  36|0x0000000082400000, 0x0000000082400000, 0x0000000082500000|  0%| F|  |TAMS 0x0000000082400000, 0x0000000082400000| Untracked 
|  37|0x0000000082500000, 0x0000000082500000, 0x0000000082600000|  0%| F|  |TAMS 0x0000000082500000, 0x0000000082500000| Untracked 
|  38|0x0000000082600000, 0x0000000082600000, 0x0000000082700000|  0%| F|  |TAMS 0x0000000082600000, 0x0000000082600000| Untracked 
|  39|0x0000000082700000, 0x0000000082700000, 0x0000000082800000|  0%| F|  |TAMS 0x0000000082700000, 0x0000000082700000| Untracked 
|  40|0x0000000082800000, 0x0000000082800000, 0x0000000082900000|  0%| F|  |TAMS 0x0000000082800000, 0x0000000082800000| Untracked 
|  41|0x0000000082900000, 0x0000000082900000, 0x0000000082a00000|  0%| F|  |TAMS 0x0000000082900000, 0x0000000082900000| Untracked 
|  42|0x0000000082a00000, 0x0000000082a00000, 0x0000000082b00000|  0%| F|  |TAMS 0x0000000082a00000, 0x0000000082a00000| Untracked 
|  43|0x0000000082b00000, 0x0000000082b00000, 0x0000000082c00000|  0%| F|  |TAMS 0x0000000082b00000, 0x0000000082b00000| Untracked 
|  44|0x0000000082c00000, 0x0000000082c00000, 0x0000000082d00000|  0%| F|  |TAMS 0x0000000082c00000, 0x0000000082c00000| Untracked 
|  45|0x0000000082d00000, 0x0000000082d00000, 0x0000000082e00000|  0%| F|  |TAMS 0x0000000082d00000, 0x0000000082d00000| Untracked 
|  46|0x0000000082e00000, 0x0000000082e00000, 0x0000000082f00000|  0%| F|  |TAMS 0x0000000082e00000, 0x0000000082e00000| Untracked 
|  47|0x0000000082f00000, 0x0000000082f00000, 0x0000000083000000|  0%| F|  |TAMS 0x0000000082f00000, 0x0000000082f00000| Untracked 
|  48|0x0000000083000000, 0x0000000083000000, 0x0000000083100000|  0%| F|  |TAMS 0x0000000083000000, 0x0000000083000000| Untracked 
|  49|0x0000000083100000, 0x00000000831b0a50, 0x0000000083200000| 69%| E|CS|TAMS 0x0000000083100000, 0x0000000083100000| Complete 
|  50|0x0000000083200000, 0x0000000083300000, 0x0000000083300000|100%| E|CS|TAMS 0x0000000083200000, 0x0000000083200000| Complete 
|  51|0x0000000083300000, 0x0000000083400000, 0x0000000083400000|100%| E|CS|TAMS 0x0000000083300000, 0x0000000083300000| Complete 
|  52|0x0000000083400000, 0x0000000083500000, 0x0000000083500000|100%| E|CS|TAMS 0x0000000083400000, 0x0000000083400000| Complete 
|  53|0x0000000083500000, 0x0000000083600000, 0x0000000083600000|100%| E|CS|TAMS 0x0000000083500000, 0x0000000083500000| Complete 
|  54|0x0000000083600000, 0x0000000083700000, 0x0000000083700000|100%| E|CS|TAMS 0x0000000083600000, 0x0000000083600000| Complete 
|  55|0x0000000083700000, 0x0000000083800000, 0x0000000083800000|100%| E|CS|TAMS 0x0000000083700000, 0x0000000083700000| Complete 
|  56|0x0000000083800000, 0x0000000083900000, 0x0000000083900000|100%| E|CS|TAMS 0x0000000083800000, 0x0000000083800000| Complete 
|  57|0x0000000083900000, 0x0000000083a00000, 0x0000000083a00000|100%| E|CS|TAMS 0x0000000083900000, 0x0000000083900000| Complete 
|  58|0x0000000083a00000, 0x0000000083a00000, 0x0000000083b00000|  0%| F|  |TAMS 0x0000000083a00000, 0x0000000083a00000| Untracked 
|  59|0x0000000083b00000, 0x0000000083be5a00, 0x0000000083c00000| 89%| S|  |TAMS 0x0000000083b00000, 0x0000000083b00000| Complete 
|  60|0x0000000083c00000, 0x0000000083d00000, 0x0000000083d00000|100%| S|  |TAMS 0x0000000083c00000, 0x0000000083c00000| Complete 
|  61|0x0000000083d00000, 0x0000000083e00000, 0x0000000083e00000|100%| S|  |TAMS 0x0000000083d00000, 0x0000000083d00000| Complete 
|  62|0x0000000083e00000, 0x0000000083f00000, 0x0000000083f00000|100%| E|CS|TAMS 0x0000000083e00000, 0x0000000083e00000| Complete 
|  63|0x0000000083f00000, 0x0000000084000000, 0x0000000084000000|100%| E|CS|TAMS 0x0000000083f00000, 0x0000000083f00000| Complete 
|  64|0x0000000084000000, 0x0000000084100000, 0x0000000084100000|100%| E|CS|TAMS 0x0000000084000000, 0x0000000084000000| Complete 
|  65|0x0000000084100000, 0x0000000084200000, 0x0000000084200000|100%| E|CS|TAMS 0x0000000084100000, 0x0000000084100000| Complete 
|  66|0x0000000084200000, 0x0000000084300000, 0x0000000084300000|100%| E|CS|TAMS 0x0000000084200000, 0x0000000084200000| Complete 
|  67|0x0000000084300000, 0x0000000084400000, 0x0000000084400000|100%| E|CS|TAMS 0x0000000084300000, 0x0000000084300000| Complete 
|  68|0x0000000084400000, 0x0000000084500000, 0x0000000084500000|100%| E|CS|TAMS 0x0000000084400000, 0x0000000084400000| Complete 
|  69|0x0000000084500000, 0x0000000084600000, 0x0000000084600000|100%| E|CS|TAMS 0x0000000084500000, 0x0000000084500000| Complete 
|  70|0x0000000084600000, 0x0000000084700000, 0x0000000084700000|100%| E|CS|TAMS 0x0000000084600000, 0x0000000084600000| Complete 
|  71|0x0000000084700000, 0x0000000084800000, 0x0000000084800000|100%| E|CS|TAMS 0x0000000084700000, 0x0000000084700000| Complete 
|  72|0x0000000084800000, 0x0000000084900000, 0x0000000084900000|100%| E|CS|TAMS 0x0000000084800000, 0x0000000084800000| Complete 
|  73|0x0000000084900000, 0x0000000084a00000, 0x0000000084a00000|100%| E|CS|TAMS 0x0000000084900000, 0x0000000084900000| Complete 
|  74|0x0000000084a00000, 0x0000000084b00000, 0x0000000084b00000|100%| E|CS|TAMS 0x0000000084a00000, 0x0000000084a00000| Complete 
|  75|0x0000000084b00000, 0x0000000084c00000, 0x0000000084c00000|100%| E|CS|TAMS 0x0000000084b00000, 0x0000000084b00000| Complete 
|  76|0x0000000084c00000, 0x0000000084d00000, 0x0000000084d00000|100%| E|CS|TAMS 0x0000000084c00000, 0x0000000084c00000| Complete 
|  77|0x0000000084d00000, 0x0000000084e00000, 0x0000000084e00000|100%| E|CS|TAMS 0x0000000084d00000, 0x0000000084d00000| Complete 
|  78|0x0000000084e00000, 0x0000000084f00000, 0x0000000084f00000|100%| E|CS|TAMS 0x0000000084e00000, 0x0000000084e00000| Complete 
|  79|0x0000000084f00000, 0x0000000085000000, 0x0000000085000000|100%| E|CS|TAMS 0x0000000084f00000, 0x0000000084f00000| Complete 
|  80|0x0000000085000000, 0x0000000085100000, 0x0000000085100000|100%| E|CS|TAMS 0x0000000085000000, 0x0000000085000000| Complete 
|  81|0x0000000085100000, 0x0000000085200000, 0x0000000085200000|100%| E|CS|TAMS 0x0000000085100000, 0x0000000085100000| Complete 
|  82|0x0000000085200000, 0x0000000085300000, 0x0000000085300000|100%| E|CS|TAMS 0x0000000085200000, 0x0000000085200000| Complete 
|  83|0x0000000085300000, 0x0000000085400000, 0x0000000085400000|100%| E|CS|TAMS 0x0000000085300000, 0x0000000085300000| Complete 
|  84|0x0000000085400000, 0x0000000085500000, 0x0000000085500000|100%| E|CS|TAMS 0x0000000085400000, 0x0000000085400000| Complete 
|  85|0x0000000085500000, 0x0000000085600000, 0x0000000085600000|100%| E|CS|TAMS 0x0000000085500000, 0x0000000085500000| Complete 
|  86|0x0000000085600000, 0x0000000085700000, 0x0000000085700000|100%| E|CS|TAMS 0x0000000085600000, 0x0000000085600000| Complete 
|  87|0x0000000085700000, 0x0000000085800000, 0x0000000085800000|100%| E|CS|TAMS 0x0000000085700000, 0x0000000085700000| Complete 
|  88|0x0000000085800000, 0x0000000085900000, 0x0000000085900000|100%| E|CS|TAMS 0x0000000085800000, 0x0000000085800000| Complete 
|  89|0x0000000085900000, 0x0000000085a00000, 0x0000000085a00000|100%| E|CS|TAMS 0x0000000085900000, 0x0000000085900000| Complete 
|  90|0x0000000085a00000, 0x0000000085b00000, 0x0000000085b00000|100%| E|CS|TAMS 0x0000000085a00000, 0x0000000085a00000| Complete 
|  91|0x0000000085b00000, 0x0000000085c00000, 0x0000000085c00000|100%| E|CS|TAMS 0x0000000085b00000, 0x0000000085b00000| Complete 
|  92|0x0000000085c00000, 0x0000000085d00000, 0x0000000085d00000|100%| E|CS|TAMS 0x0000000085c00000, 0x0000000085c00000| Complete 
|  93|0x0000000085d00000, 0x0000000085e00000, 0x0000000085e00000|100%| E|CS|TAMS 0x0000000085d00000, 0x0000000085d00000| Complete 
|  94|0x0000000085e00000, 0x0000000085f00000, 0x0000000085f00000|100%| E|CS|TAMS 0x0000000085e00000, 0x0000000085e00000| Complete 
|  95|0x0000000085f00000, 0x0000000086000000, 0x0000000086000000|100%| E|CS|TAMS 0x0000000085f00000, 0x0000000085f00000| Complete 
|  96|0x0000000086000000, 0x0000000086100000, 0x0000000086100000|100%| E|CS|TAMS 0x0000000086000000, 0x0000000086000000| Complete 
|  97|0x0000000086100000, 0x0000000086200000, 0x0000000086200000|100%| E|CS|TAMS 0x0000000086100000, 0x0000000086100000| Complete 
|  98|0x0000000086200000, 0x0000000086300000, 0x0000000086300000|100%| E|CS|TAMS 0x0000000086200000, 0x0000000086200000| Complete 
|  99|0x0000000086300000, 0x0000000086400000, 0x0000000086400000|100%| E|CS|TAMS 0x0000000086300000, 0x0000000086300000| Complete 
| 100|0x0000000086400000, 0x0000000086500000, 0x0000000086500000|100%| E|CS|TAMS 0x0000000086400000, 0x0000000086400000| Complete 
| 101|0x0000000086500000, 0x0000000086600000, 0x0000000086600000|100%| E|CS|TAMS 0x0000000086500000, 0x0000000086500000| Complete 
| 102|0x0000000086600000, 0x0000000086700000, 0x0000000086700000|100%| E|CS|TAMS 0x0000000086600000, 0x0000000086600000| Complete 
| 103|0x0000000086700000, 0x0000000086800000, 0x0000000086800000|100%| E|CS|TAMS 0x0000000086700000, 0x0000000086700000| Complete 
| 104|0x0000000086800000, 0x0000000086900000, 0x0000000086900000|100%| E|CS|TAMS 0x0000000086800000, 0x0000000086800000| Complete 
| 105|0x0000000086900000, 0x0000000086a00000, 0x0000000086a00000|100%| E|CS|TAMS 0x0000000086900000, 0x0000000086900000| Complete 
| 106|0x0000000086a00000, 0x0000000086b00000, 0x0000000086b00000|100%| E|CS|TAMS 0x0000000086a00000, 0x0000000086a00000| Complete 
| 107|0x0000000086b00000, 0x0000000086c00000, 0x0000000086c00000|100%| E|CS|TAMS 0x0000000086b00000, 0x0000000086b00000| Complete 
| 108|0x0000000086c00000, 0x0000000086d00000, 0x0000000086d00000|100%| E|CS|TAMS 0x0000000086c00000, 0x0000000086c00000| Complete 
| 109|0x0000000086d00000, 0x0000000086e00000, 0x0000000086e00000|100%| E|CS|TAMS 0x0000000086d00000, 0x0000000086d00000| Complete 
| 110|0x0000000086e00000, 0x0000000086f00000, 0x0000000086f00000|100%| E|CS|TAMS 0x0000000086e00000, 0x0000000086e00000| Complete 
| 111|0x0000000086f00000, 0x0000000087000000, 0x0000000087000000|100%| E|CS|TAMS 0x0000000086f00000, 0x0000000086f00000| Complete 
| 112|0x0000000087000000, 0x0000000087100000, 0x0000000087100000|100%| E|CS|TAMS 0x0000000087000000, 0x0000000087000000| Complete 
| 113|0x0000000087100000, 0x0000000087200000, 0x0000000087200000|100%| E|CS|TAMS 0x0000000087100000, 0x0000000087100000| Complete 
| 114|0x0000000087200000, 0x0000000087300000, 0x0000000087300000|100%| E|CS|TAMS 0x0000000087200000, 0x0000000087200000| Complete 
| 115|0x0000000087300000, 0x0000000087400000, 0x0000000087400000|100%| E|CS|TAMS 0x0000000087300000, 0x0000000087300000| Complete 
| 116|0x0000000087400000, 0x0000000087500000, 0x0000000087500000|100%| E|CS|TAMS 0x0000000087400000, 0x0000000087400000| Complete 
| 117|0x0000000087500000, 0x0000000087600000, 0x0000000087600000|100%| E|CS|TAMS 0x0000000087500000, 0x0000000087500000| Complete 
| 118|0x0000000087600000, 0x0000000087700000, 0x0000000087700000|100%| E|CS|TAMS 0x0000000087600000, 0x0000000087600000| Complete 
| 119|0x0000000087700000, 0x0000000087800000, 0x0000000087800000|100%| E|CS|TAMS 0x0000000087700000, 0x0000000087700000| Complete 
| 120|0x0000000087800000, 0x0000000087900000, 0x0000000087900000|100%| E|CS|TAMS 0x0000000087800000, 0x0000000087800000| Complete 
| 121|0x0000000087900000, 0x0000000087a00000, 0x0000000087a00000|100%| E|CS|TAMS 0x0000000087900000, 0x0000000087900000| Complete 
| 122|0x0000000087a00000, 0x0000000087b00000, 0x0000000087b00000|100%| E|CS|TAMS 0x0000000087a00000, 0x0000000087a00000| Complete 
| 123|0x0000000087b00000, 0x0000000087c00000, 0x0000000087c00000|100%| E|CS|TAMS 0x0000000087b00000, 0x0000000087b00000| Complete 
| 124|0x0000000087c00000, 0x0000000087d00000, 0x0000000087d00000|100%| E|CS|TAMS 0x0000000087c00000, 0x0000000087c00000| Complete 
| 125|0x0000000087d00000, 0x0000000087e00000, 0x0000000087e00000|100%| E|CS|TAMS 0x0000000087d00000, 0x0000000087d00000| Complete 
| 126|0x0000000087e00000, 0x0000000087f00000, 0x0000000087f00000|100%| E|CS|TAMS 0x0000000087e00000, 0x0000000087e00000| Complete 
| 127|0x0000000087f00000, 0x0000000088000000, 0x0000000088000000|100%| E|CS|TAMS 0x0000000087f00000, 0x0000000087f00000| Complete 

Card table byte_map: [0x00000127cbd80000,0x00000127cc180000] _byte_map_base: 0x00000127cb980000

Marking Bits (Prev, Next): (CMBitMap*) 0x00000127b8ed0eb0, (CMBitMap*) 0x00000127b8ed0e78
 Prev Bits: [0x00000127ce580000, 0x00000127d0580000)
 Next Bits: [0x00000127cc580000, 0x00000127ce580000)

Polling page: 0x00000127b6d10000

Metaspace:

Usage:
  Non-class:     23.21 MB capacity,    22.84 MB ( 98%) used,   329.85 KB (  1%) free+waste,    52.44 KB ( <1%) overhead. 
      Class:      3.68 MB capacity,     3.47 MB ( 94%) used,   190.52 KB (  5%) free+waste,    26.50 KB ( <1%) overhead. 
       Both:     26.90 MB capacity,    26.31 MB ( 98%) used,   520.37 KB (  2%) free+waste,    78.94 KB ( <1%) overhead. 

Virtual space:
  Non-class space:       24.00 MB reserved,      23.25 MB ( 97%) committed 
      Class space:        1.00 GB reserved,       3.75 MB ( <1%) committed 
             Both:        1.02 GB reserved,      27.00 MB (  3%) committed 

Chunk freelists:
   Non-Class:  37.00 KB
       Class:  3.00 KB
        Both:  40.00 KB

MaxMetaspaceSize: 17179869184.00 GB
CompressedClassSpaceSize: 1.00 GB

CodeHeap 'non-profiled nmethods': size=120064Kb used=1160Kb max_used=1160Kb free=118903Kb
 bounds [0x00000127c4440000, 0x00000127c46b0000, 0x00000127cb980000]
CodeHeap 'profiled nmethods': size=120000Kb used=4824Kb max_used=4824Kb free=115175Kb
 bounds [0x00000127bcf10000, 0x00000127bd3d0000, 0x00000127c4440000]
CodeHeap 'non-nmethods': size=5696Kb used=1159Kb max_used=1193Kb free=4536Kb
 bounds [0x00000127bc980000, 0x00000127bcbf0000, 0x00000127bcf10000]
 total_blobs=2783 nmethods=2281 adapters=413
 compilation: enabled
              stopped_count=0, restarted_count=0
 full_count=0

Compilation events (20 events):
Event: 4.157 Thread 0x00000127d699d800 2272       4       java.io.DataOutputStream::writeByte (14 bytes)
Event: 4.157 Thread 0x00000127d2a9b000 2273  s    3       java.io.ByteArrayOutputStream::write (43 bytes)
Event: 4.158 Thread 0x00000127d2a9b000 nmethod 2273 0x00000127bd3c3690 code [0x00000127bd3c38a0, 0x00000127bd3c3e88]
Event: 4.158 Thread 0x00000127d699d800 nmethod 2272 0x00000127c4560c10 code [0x00000127c4560da0, 0x00000127c4560e58]
Event: 4.172 Thread 0x00000127d2a9b000 2274       3       com.google.common.cache.LongAdder::<init> (5 bytes)
Event: 4.172 Thread 0x00000127d2a9b000 nmethod 2274 0x00000127bd3c4090 code [0x00000127bd3c4260, 0x00000127bd3c4478]
Event: 4.172 Thread 0x00000127d2a9b000 2275       3       com.google.common.cache.Striped64::<init> (5 bytes)
Event: 4.172 Thread 0x00000127d2a9b000 nmethod 2275 0x00000127bd3c4590 code [0x00000127bd3c4740, 0x00000127bd3c48f8]
Event: 4.173 Thread 0x00000127d2a9b000 2276       3       java.lang.invoke.DirectMethodHandle$Holder::invokeStatic (15 bytes)
Event: 4.173 Thread 0x00000127d2a9b000 nmethod 2276 0x00000127bd3c4a10 code [0x00000127bd3c4be0, 0x00000127bd3c5118]
Event: 4.174 Thread 0x00000127d2a97000 2277       4       java.util.HashMap$KeyIterator::next (8 bytes)
Event: 4.180 Thread 0x00000127d699d800 2278       4       java.util.HashMap::getNode (148 bytes)
Event: 4.180 Thread 0x00000127d2a97000 nmethod 2277 0x00000127c4560f10 code [0x00000127c45610a0, 0x00000127c4561498]
Event: 4.182 Thread 0x00000127d699d800 nmethod 2278 0x00000127c4561810 code [0x00000127c45619c0, 0x00000127c4561bd8]
Event: 4.184 Thread 0x00000127d2a9b000 2280       1       org.gradle.internal.event.DefaultListenerManager::access$100 (5 bytes)
Event: 4.184 Thread 0x00000127d2a9b000 nmethod 2280 0x00000127c4561d90 code [0x00000127c4561f40, 0x00000127c4561fd8]
Event: 4.184 Thread 0x00000127d2a9b000 2281       3       java.lang.reflect.ProxyGenerator::getParameterDescriptors (47 bytes)
Event: 4.184 Thread 0x00000127d2a97000 2282       4       java.lang.reflect.ProxyGenerator$ConstantPool::getUtf8 (18 bytes)
Event: 4.185 Thread 0x00000127d2a97000 nmethod 2282 0x00000127c4562090 code [0x00000127c4562240, 0x00000127c45622e8]
Event: 4.185 Thread 0x00000127d2a9b000 nmethod 2281 0x00000127bd3c5210 code [0x00000127bd3c54a0, 0x00000127bd3c5e68]

GC Heap History (9 events):
Event: 0.679 GC heap before
{Heap before GC invocations=0 (full 0):
 garbage-first heap   total 131072K, used 19456K [0x0000000080000000, 0x0000000100000000)
  region size 1024K, 14 young (14336K), 0 survivors (0K)
 Metaspace       used 6731K, capacity 6921K, committed 7168K, reserved 1056768K
  class space    used 582K, capacity 650K, committed 768K, reserved 1048576K
}
Event: 0.686 GC heap after
{Heap after GC invocations=1 (full 0):
 garbage-first heap   total 131072K, used 7828K [0x0000000080000000, 0x0000000100000000)
  region size 1024K, 2 young (2048K), 2 survivors (2048K)
 Metaspace       used 6731K, capacity 6921K, committed 7168K, reserved 1056768K
  class space    used 582K, capacity 650K, committed 768K, reserved 1048576K
}
Event: 0.988 GC heap before
{Heap before GC invocations=1 (full 0):
 garbage-first heap   total 131072K, used 19092K [0x0000000080000000, 0x0000000100000000)
  region size 1024K, 13 young (13312K), 2 survivors (2048K)
 Metaspace       used 9868K, capacity 10114K, committed 10368K, reserved 1058816K
  class space    used 1028K, capacity 1102K, committed 1152K, reserved 1048576K
}
Event: 0.993 GC heap after
{Heap after GC invocations=2 (full 0):
 garbage-first heap   total 131072K, used 9160K [0x0000000080000000, 0x0000000100000000)
  region size 1024K, 2 young (2048K), 2 survivors (2048K)
 Metaspace       used 9868K, capacity 10114K, committed 10368K, reserved 1058816K
  class space    used 1028K, capacity 1102K, committed 1152K, reserved 1048576K
}
Event: 1.743 GC heap before
{Heap before GC invocations=2 (full 0):
 garbage-first heap   total 131072K, used 38856K [0x0000000080000000, 0x0000000100000000)
  region size 1024K, 31 young (31744K), 2 survivors (2048K)
 Metaspace       used 10828K, capacity 11005K, committed 11264K, reserved 1058816K
  class space    used 1131K, capacity 1207K, committed 1280K, reserved 1048576K
}
Event: 1.746 GC heap after
{Heap after GC invocations=3 (full 0):
 garbage-first heap   total 131072K, used 11668K [0x0000000080000000, 0x0000000100000000)
  region size 1024K, 3 young (3072K), 3 survivors (3072K)
 Metaspace       used 10828K, capacity 11005K, committed 11264K, reserved 1058816K
  class space    used 1131K, capacity 1207K, committed 1280K, reserved 1048576K
}
Event: 3.383 GC heap before
{Heap before GC invocations=3 (full 0):
 garbage-first heap   total 131072K, used 79252K [0x0000000080000000, 0x0000000100000000)
  region size 1024K, 70 young (71680K), 3 survivors (3072K)
 Metaspace       used 20679K, capacity 21075K, committed 21248K, reserved 1067008K
  class space    used 2540K, capacity 2693K, committed 2816K, reserved 1048576K
}
Event: 3.394 GC heap after
{Heap after GC invocations=4 (full 0):
 garbage-first heap   total 131072K, used 16826K [0x0000000080000000, 0x0000000100000000)
  region size 1024K, 9 young (9216K), 9 survivors (9216K)
 Metaspace       used 20679K, capacity 21075K, committed 21248K, reserved 1067008K
  class space    used 2540K, capacity 2693K, committed 2816K, reserved 1048576K
}
Event: 4.191 GC heap before
{Heap before GC invocations=5 (full 0):
 garbage-first heap   total 131072K, used 84410K [0x0000000080000000, 0x0000000100000000)
  region size 1024K, 75 young (76800K), 9 survivors (9216K)
 Metaspace       used 26944K, capacity 27544K, committed 27648K, reserved 1073152K
  class space    used 3555K, capacity 3773K, committed 3840K, reserved 1048576K
}

Deoptimization events (20 events):
Event: 3.701 Thread 0x00000127d51ce800 Uncommon trap: trap_request=0xffffffcc fr.pc=0x00000127c452afd8 relative=0x0000000000000298
Event: 3.701 Thread 0x00000127d51ce800 Uncommon trap: reason=intrinsic_or_type_checked_inlining action=make_not_entrant pc=0x00000127c452afd8 method=java.util.Arrays.copyOf([Ljava/lang/Object;ILjava/lang/Class;)[Ljava/lang/Object; @ 35 c2
Event: 3.701 Thread 0x00000127d51ce800 DEOPT PACKING pc=0x00000127c452afd8 sp=0x0000001fb95fbe10
Event: 3.701 Thread 0x00000127d51ce800 DEOPT UNPACKING pc=0x00000127bc9a65af sp=0x0000001fb95fbda0 mode 2
Event: 4.003 Thread 0x00000127d51ce800 Uncommon trap: trap_request=0xffffff7e fr.pc=0x00000127c4545c9c relative=0x000000000000015c
Event: 4.003 Thread 0x00000127d51ce800 Uncommon trap: reason=predicate action=maybe_recompile pc=0x00000127c4545c9c method=com.google.common.base.CharMatcher.indexIn(Ljava/lang/CharSequence;I)I @ 19 c2
Event: 4.003 Thread 0x00000127d51ce800 DEOPT PACKING pc=0x00000127c4545c9c sp=0x0000001fb95fb6c0
Event: 4.003 Thread 0x00000127d51ce800 DEOPT UNPACKING pc=0x00000127bc9a65af sp=0x0000001fb95fb650 mode 2
Event: 4.015 Thread 0x00000127d51ce800 Uncommon trap: trap_request=0xffffff4d fr.pc=0x00000127c44e16dc relative=0x000000000000139c
Event: 4.015 Thread 0x00000127d51ce800 Uncommon trap: reason=unstable_if action=reinterpret pc=0x00000127c44e16dc method=java.util.concurrent.ConcurrentHashMap.putVal(Ljava/lang/Object;Ljava/lang/Object;Z)Ljava/lang/Object; @ 231 c2
Event: 4.015 Thread 0x00000127d51ce800 DEOPT PACKING pc=0x00000127c44e16dc sp=0x0000001fb95fc790
Event: 4.015 Thread 0x00000127d51ce800 DEOPT UNPACKING pc=0x00000127bc9a65af sp=0x0000001fb95fc710 mode 2
Event: 4.035 Thread 0x00000127d51ce800 Uncommon trap: trap_request=0xffffffde fr.pc=0x00000127c4543a24 relative=0x00000000000002e4
Event: 4.035 Thread 0x00000127d51ce800 Uncommon trap: reason=class_check action=maybe_recompile pc=0x00000127c4543a24 method=java.util.Collections$SetFromMap.remove(Ljava/lang/Object;)Z @ 5 c2
Event: 4.035 Thread 0x00000127d51ce800 DEOPT PACKING pc=0x00000127c4543a24 sp=0x0000001fb95fc770
Event: 4.035 Thread 0x00000127d51ce800 DEOPT UNPACKING pc=0x00000127bc9a65af sp=0x0000001fb95fc768 mode 2
Event: 4.035 Thread 0x00000127d51ce800 Uncommon trap: trap_request=0xffffffde fr.pc=0x00000127c4543a24 relative=0x00000000000002e4
Event: 4.035 Thread 0x00000127d51ce800 Uncommon trap: reason=class_check action=maybe_recompile pc=0x00000127c4543a24 method=java.util.Collections$SetFromMap.remove(Ljava/lang/Object;)Z @ 5 c2
Event: 4.035 Thread 0x00000127d51ce800 DEOPT PACKING pc=0x00000127c4543a24 sp=0x0000001fb95fc700
Event: 4.035 Thread 0x00000127d51ce800 DEOPT UNPACKING pc=0x00000127bc9a65af sp=0x0000001fb95fc6f8 mode 2

Classes redefined (0 events):
No events

Internal exceptions (20 events):
Event: 3.416 Thread 0x00000127d51ce800 Exception <a 'java/lang/NoSuchMethodError'{0x0000000087e237e0}: 'int java.lang.invoke.DirectMethodHandle$Holder.invokeSpecialIFC(java.lang.Object, java.lang.Object, java.lang.Object, java.lang.Object)'> (0x0000000087e237e0) thrown at [./src/hotspot/share/interpreter/linkResolver.cpp, line 773]
Event: 3.418 Thread 0x00000127d51ce800 Exception <a 'java/lang/NoSuchMethodError'{0x0000000087e317c8}: 'java.lang.Object java.lang.invoke.DirectMethodHandle$Holder.invokeInterface(java.lang.Object, java.lang.Object, java.lang.Object)'> (0x0000000087e317c8) thrown at [./src/hotspot/share/interpreter/linkResolver.cpp, line 773]
Event: 3.419 Thread 0x00000127d51ce800 Exception <a 'java/lang/IncompatibleClassChangeError'{0x0000000087e34ca0}: Found class java.lang.Object, but interface was expected> (0x0000000087e34ca0) thrown at [./src/hotspot/share/interpreter/linkResolver.cpp, line 839]
Event: 3.449 Thread 0x00000127d51ce800 Exception <a 'java/lang/NoSuchMethodError'{0x0000000087c34d00}: 'void java.lang.invoke.DirectMethodHandle$Holder.invokeStatic(java.lang.Object, java.lang.Object, java.lang.Object, java.lang.Object, java.lang.Object)'> (0x0000000087c34d00) thrown at [./src/hotspot/share/interpreter/linkResolver.cpp, line 773]
Event: 3.532 Thread 0x00000127d51ce800 Exception <a 'java/lang/NoSuchMethodError'{0x000000008753d8e0}: 'java.lang.Object java.lang.invoke.DirectMethodHandle$Holder.invokeSpecial(java.lang.Object, java.lang.Object, java.lang.Object, java.lang.Object, java.lang.Object, java.lang.Object, java.lang.Object, java.lang.Object, java.lang.Object)'> (0x000000008753d8e0) thrown at [./src/hotspot/share/interpreter/linkResolver.cpp, line 773]
Event: 3.607 Thread 0x00000127d51ce800 Exception <a 'java/lang/NoSuchMethodError'{0x0000000086b4e048}: 'java.lang.Object java.lang.invoke.DirectMethodHandle$Holder.invokeVirtual(java.lang.Object, java.lang.Object, java.lang.Object, java.lang.Object)'> (0x0000000086b4e048) thrown at [./src/hotspot/share/interpreter/linkResolver.cpp, line 773]
Event: 3.710 Thread 0x00000127d51ce800 Exception <a 'java/lang/NoSuchMethodError'{0x00000000865f1138}: 'void java.lang.invoke.DirectMethodHandle$Holder.invokeSpecial(java.lang.Object, java.lang.Object, java.lang.Object, java.lang.Object, java.lang.Object, java.lang.Object)'> (0x00000000865f1138) thrown at [./src/hotspot/share/interpreter/linkResolver.cpp, line 773]
Event: 3.722 Thread 0x00000127d51ce800 Exception <a 'java/lang/NoSuchMethodError'{0x0000000086460348}: 'void java.lang.invoke.DirectMethodHandle$Holder.invokeSpecial(java.lang.Object, java.lang.Object, java.lang.Object, java.lang.Object, java.lang.Object, java.lang.Object, java.lang.Object)'> (0x0000000086460348) thrown at [./src/hotspot/share/interpreter/linkResolver.cpp, line 773]
Event: 3.723 Thread 0x00000127d51ce800 Exception <a 'java/lang/NoSuchMethodError'{0x0000000086468838}: 'java.lang.Object java.lang.invoke.Invokers$Holder.linkToTargetMethod(java.lang.Object, java.lang.Object, java.lang.Object, java.lang.Object, java.lang.Object, java.lang.Object)'> (0x0000000086468838) thrown at [./src/hotspot/share/interpreter/linkResolver.cpp, line 773]
Event: 3.820 Thread 0x00000127d51ce800 Exception <a 'java/lang/NoSuchMethodError'{0x0000000085b95eb0}: 'int java.lang.invoke.DirectMethodHandle$Holder.invokeStaticInit(java.lang.Object, java.lang.Object, java.lang.Object)'> (0x0000000085b95eb0) thrown at [./src/hotspot/share/interpreter/linkResolver.cpp, line 773]
Event: 3.910 Thread 0x00000127d51ce800 Exception <a 'java/lang/NoSuchMethodError'{0x00000000856ca910}: 'void java.lang.invoke.DirectMethodHandle$Holder.invokeStaticInit(java.lang.Object, java.lang.Object)'> (0x00000000856ca910) thrown at [./src/hotspot/share/interpreter/linkResolver.cpp, line 773]
Event: 4.027 Thread 0x00000127d51ce800 Exception <a 'java/lang/NoSuchMethodError'{0x0000000085032fd8}: 'void java.lang.invoke.DirectMethodHandle$Holder.invokeStatic(java.lang.Object, java.lang.Object, java.lang.Object, java.lang.Object)'> (0x0000000085032fd8) thrown at [./src/hotspot/share/interpreter/linkResolver.cpp, line 773]
Event: 4.029 Thread 0x00000127d51ce800 Exception <a 'java/lang/NoSuchMethodError'{0x0000000085046a48}: 'int java.lang.invoke.DirectMethodHandle$Holder.invokeInterface(java.lang.Object, java.lang.Object)'> (0x0000000085046a48) thrown at [./src/hotspot/share/interpreter/linkResolver.cpp, line 773]
Event: 4.131 Thread 0x00000127d51ce800 Exception <a 'java/lang/NoSuchMethodError'{0x00000000846f6170}: 'java.lang.Object java.lang.invoke.DirectMethodHandle$Holder.invokeSpecialIFC(java.lang.Object, java.lang.Object, java.lang.Object, java.lang.Object)'> (0x00000000846f6170) thrown at [./src/hotspot/share/interpreter/linkResolver.cpp, line 773]
Event: 4.139 Thread 0x00000127d51ce800 Exception <a 'java/lang/NoSuchMethodError'{0x00000000845dd0d8}: 'java.lang.Object java.lang.invoke.DirectMethodHandle$Holder.invokeSpecial(java.lang.Object, java.lang.Object, java.lang.Object, java.lang.Object, java.lang.Object, java.lang.Object, java.lang.Object, java.lang.Object, java.lang.Object, java.lang.Object, java.lang.Object, java.lang.Object, java.lang.Object)'> (0x00000000845dd0d8) thrown at [./src/hotspot/share/interpreter/linkResolver.cpp, line 773]
Event: 4.139 Thread 0x00000127d51ce800 Exception <a 'java/lang/NoSuchMethodError'{0x00000000845edf38}: 'java.lang.Object java.lang.invoke.DirectMethodHandle$Holder.invokeSpecial(java.lang.Object, java.lang.Object, java.lang.Object, java.lang.Object, java.lang.Object, java.lang.Object, java.lang.Object, java.lang.Object, java.lang.Object, java.lang.Object, java.lang.Object, java.lang.Object)'> (0x00000000845edf38) thrown at [./src/hotspot/share/interpreter/linkResolver.cpp, line 773]
Event: 4.140 Thread 0x00000127d51ce800 Exception <a 'java/lang/NoSuchMethodError'{0x00000000845f3060}: 'java.lang.Object java.lang.invoke.Invokers$Holder.linkToTargetMethod(java.lang.Object, java.lang.Object, java.lang.Object, java.lang.Object, java.lang.Object, java.lang.Object, java.lang.Object, java.lang.Object, java.lang.Object, java.lang.Object, java.lang.Object)'> (0x00000000845f3060) thrown at [./src/hotspot/share/interpreter/linkResolver.cpp, line 773]
Event: 4.148 Thread 0x00000127d51ce800 Exception <a 'java/lang/NoSuchMethodError'{0x00000000843437d0}: 'java.lang.Object java.lang.invoke.DirectMethodHandle$Holder.invokeSpecial(java.lang.Object, java.lang.Object, java.lang.Object, java.lang.Object, java.lang.Object, java.lang.Object, java.lang.Object, java.lang.Object, java.lang.Object, java.lang.Object, java.lang.Object, java.lang.Object, java.lang.Object, java.lang.Object)'> (0x00000000843437d0) thrown at [./src/hotspot/share/interpreter/linkResolver.cpp, line 773]
Event: 4.149 Thread 0x00000127d51ce800 Exception <a 'java/lang/NoSuchMethodError'{0x0000000084354e48}: 'java.lang.Object java.lang.invoke.Invokers$Holder.linkToTargetMethod(java.lang.Object, java.lang.Object, java.lang.Object, java.lang.Object, java.lang.Object, java.lang.Object, java.lang.Object, java.lang.Object, java.lang.Object, java.lang.Object, java.lang.Object, java.lang.Object)'> (0x0000000084354e48) thrown at [./src/hotspot/share/interpreter/linkResolver.cpp, line 773]
Event: 4.154 Thread 0x00000127d51ce800 Exception <a 'java/lang/NoSuchMethodError'{0x00000000843eac90}: 'java.lang.Object java.lang.invoke.DirectMethodHandle$Holder.invokeStaticInit(java.lang.Object, java.lang.Object, java.lang.Object, java.lang.Object)'> (0x00000000843eac90) thrown at [./src/hotspot/share/interpreter/linkResolver.cpp, line 773]

Events (20 events):
Event: 4.187 loading class org/gradle/internal/resource/local/ivy/LocallyAvailableResourceFinderFactory done
Event: 4.187 loading class org/gradle/internal/resource/local/FileStoreSearcher
Event: 4.187 loading class org/gradle/internal/resource/local/FileStoreSearcher done
Event: 4.187 loading class org/gradle/internal/Factory
Event: 4.187 loading class org/gradle/internal/Factory done
Event: 4.187 loading class org/gradle/internal/resource/local/FileStoreSearcher
Event: 4.187 loading class org/gradle/internal/resource/local/FileStoreSearcher done
Event: 4.188 loading class org/gradle/api/internal/artifacts/repositories/resolver/IvyResourcePattern
Event: 4.188 loading class org/gradle/api/internal/artifacts/repositories/resolver/IvyResourcePattern done
Event: 4.188 loading class org/gradle/api/internal/artifacts/repositories/resolver/AbstractResourcePattern
Event: 4.188 loading class org/gradle/api/internal/artifacts/repositories/resolver/AbstractResourcePattern done
Event: 4.190 loading class org/gradle/internal/resource/local/CompositeLocallyAvailableResourceFinder
Event: 4.190 loading class org/gradle/internal/resource/local/CompositeLocallyAvailableResourceFinder done
Event: 4.190 loading class org/gradle/api/internal/artifacts/ivyservice/DefaultIvyContextManager
Event: 4.190 loading class org/gradle/api/internal/artifacts/ivyservice/DefaultIvyContextManager done
Event: 4.191 loading class org/apache/ivy/util/MessageLogger
Event: 4.191 loading class org/apache/ivy/util/MessageLogger done
Event: 4.191 loading class org/gradle/api/internal/DefaultCollectionCallbackActionDecorator
Event: 4.191 loading class org/gradle/api/internal/DefaultCollectionCallbackActionDecorator done
Event: 4.191 Executing VM operation: G1CollectForAllocation


Dynamic libraries:
0x00007ff7cde50000 - 0x00007ff7cde5a000 	C:\Program Files\Android\Android Studio\jre\bin\java.exe
0x00007ff926690000 - 0x00007ff926871000 	C:\Windows\SYSTEM32\ntdll.dll
0x00007ff9258e0000 - 0x00007ff925991000 	C:\Windows\System32\KERNEL32.DLL
0x00007ff922ad0000 - 0x00007ff922d43000 	C:\Windows\System32\KERNELBASE.dll
0x00007ff9236b0000 - 0x00007ff9237a8000 	C:\Windows\System32\ucrtbase.dll
0x00007ff91e920000 - 0x00007ff91e937000 	C:\Program Files\Android\Android Studio\jre\bin\VCRUNTIME140.dll
0x00007ff91e900000 - 0x00007ff91e919000 	C:\Program Files\Android\Android Studio\jre\bin\jli.dll
0x00007ff9264d0000 - 0x00007ff926660000 	C:\Windows\System32\USER32.dll
0x00007ff9237b0000 - 0x00007ff9237d0000 	C:\Windows\System32\win32u.dll
0x00007ff90e300000 - 0x00007ff90e569000 	C:\Windows\WinSxS\amd64_microsoft.windows.common-controls_6595b64144ccf1df_6.0.17134.1246_none_d3ffb9d77c90723d\COMCTL32.dll
0x00007ff923b10000 - 0x00007ff923b38000 	C:\Windows\System32\GDI32.dll
0x00007ff923b40000 - 0x00007ff923bde000 	C:\Windows\System32\msvcrt.dll
0x00007ff9234c0000 - 0x00007ff923651000 	C:\Windows\System32\gdi32full.dll
0x00007ff923a70000 - 0x00007ff923b0f000 	C:\Windows\System32\msvcp_win.dll
0x00007ff925df0000 - 0x00007ff926111000 	C:\Windows\System32\combase.dll
0x00007ff925530000 - 0x00007ff925654000 	C:\Windows\System32\RPCRT4.dll
0x00007ff922a50000 - 0x00007ff922ac9000 	C:\Windows\System32\bcryptPrimitives.dll
0x00007ff926430000 - 0x00007ff92645d000 	C:\Windows\System32\IMM32.DLL
0x00007ff908b30000 - 0x00007ff908bcd000 	C:\Program Files\Android\Android Studio\jre\bin\msvcp140.dll
0x00007ff8f5c90000 - 0x00007ff8f6765000 	C:\Program Files\Android\Android Studio\jre\bin\server\jvm.dll
0x00007ff926120000 - 0x00007ff9261c1000 	C:\Windows\System32\ADVAPI32.dll
0x00007ff923de0000 - 0x00007ff923e3b000 	C:\Windows\System32\sechost.dll
0x00007ff9264c0000 - 0x00007ff9264c8000 	C:\Windows\System32\PSAPI.DLL
0x00007ff915fa0000 - 0x00007ff915fa9000 	C:\Windows\SYSTEM32\WSOCK32.dll
0x00007ff91ffa0000 - 0x00007ff91ffc3000 	C:\Windows\SYSTEM32\WINMM.dll
0x00007ff9263b0000 - 0x00007ff92641c000 	C:\Windows\System32\WS2_32.dll
0x00007ff919280000 - 0x00007ff91928a000 	C:\Windows\SYSTEM32\VERSION.dll
0x00007ff91ff40000 - 0x00007ff91ff6a000 	C:\Windows\SYSTEM32\WINMMBASE.dll
0x00007ff923660000 - 0x00007ff9236a9000 	C:\Windows\System32\cfgmgr32.dll
0x00007ff922990000 - 0x00007ff9229a1000 	C:\Windows\System32\kernel.appcore.dll
0x00007ff915f70000 - 0x00007ff915f81000 	C:\Program Files\Android\Android Studio\jre\bin\verify.dll
0x00007ff922480000 - 0x00007ff922649000 	C:\Windows\SYSTEM32\DBGHELP.DLL
0x00007ff9223b0000 - 0x00007ff9223d9000 	C:\Windows\SYSTEM32\dbgcore.DLL
0x00007ff915f40000 - 0x00007ff915f69000 	C:\Program Files\Android\Android Studio\jre\bin\java.dll
0x00007ff915f30000 - 0x00007ff915f3b000 	C:\Program Files\Android\Android Studio\jre\bin\jimage.dll
0x00007ff9159d0000 - 0x00007ff9159e8000 	C:\Program Files\Android\Android Studio\jre\bin\zip.dll
0x00007ff923fc0000 - 0x00007ff925405000 	C:\Windows\System32\SHELL32.dll
0x00007ff926230000 - 0x00007ff9262d9000 	C:\Windows\System32\shcore.dll
0x00007ff922d50000 - 0x00007ff923460000 	C:\Windows\System32\windows.storage.dll
0x00007ff923be0000 - 0x00007ff923c31000 	C:\Windows\System32\shlwapi.dll
0x00007ff922a00000 - 0x00007ff922a1f000 	C:\Windows\System32\profapi.dll
0x00007ff9229b0000 - 0x00007ff9229fc000 	C:\Windows\System32\powrprof.dll
0x00007ff922a40000 - 0x00007ff922a4a000 	C:\Windows\System32\FLTLIB.DLL
0x00007ff90b8e0000 - 0x00007ff90b8fa000 	C:\Program Files\Android\Android Studio\jre\bin\net.dll
0x00007ff91c6a0000 - 0x00007ff91c77d000 	C:\Windows\SYSTEM32\WINHTTP.dll
0x00007ff921e50000 - 0x00007ff921eb6000 	C:\Windows\system32\mswsock.dll
0x00007ff9096a0000 - 0x00007ff9096b4000 	C:\Program Files\Android\Android Studio\jre\bin\nio.dll
0x00007ff91bf80000 - 0x00007ff91bfa7000 	C:\Users\user\.gradle\native\e1d6ef7f7dcc3fd88c89a11ec53ec762bb8ba0a96d01ffa2cd45eb1d1d8dd5c5\windows-amd64\native-platform.dll
0x00007ff9089e0000 - 0x00007ff908b24000 	C:\Users\user\.gradle\native\5664cfc778a61ccfe75a443a1ab52a65af34e5dc3c78e0209fed803814484fcb\windows-amd64\native-platform-file-events.dll
0x00007ff915f20000 - 0x00007ff915f2a000 	C:\Program Files\Android\Android Studio\jre\bin\management.dll
0x00007ff909690000 - 0x00007ff90969d000 	C:\Program Files\Android\Android Studio\jre\bin\management_ext.dll
0x00007ff922650000 - 0x00007ff922667000 	C:\Windows\SYSTEM32\CRYPTSP.dll
0x00007ff921a00000 - 0x00007ff921a33000 	C:\Windows\system32\rsaenh.dll
0x00007ff9223e0000 - 0x00007ff922405000 	C:\Windows\SYSTEM32\bcrypt.dll
0x00007ff922890000 - 0x00007ff9228b8000 	C:\Windows\SYSTEM32\USERENV.dll
0x00007ff922000000 - 0x00007ff92200b000 	C:\Windows\SYSTEM32\CRYPTBASE.dll
0x00007ff921ba0000 - 0x00007ff921bd8000 	C:\Windows\SYSTEM32\IPHLPAPI.DLL
0x00007ff925520000 - 0x00007ff925528000 	C:\Windows\System32\NSI.dll
0x00007ff9175e0000 - 0x00007ff9175f6000 	C:\Windows\SYSTEM32\dhcpcsvc6.DLL
0x00007ff918ed0000 - 0x00007ff918eea000 	C:\Windows\SYSTEM32\dhcpcsvc.DLL

dbghelp: loaded successfully - version: 4.0.5 - missing functions: none
symbol engine: initialized successfully - sym options: 0x614 - pdb path: .;C:\Program Files\Android\Android Studio\jre\bin;C:\Windows\SYSTEM32;C:\Windows\WinSxS\amd64_microsoft.windows.common-controls_6595b64144ccf1df_6.0.17134.1246_none_d3ffb9d77c90723d;C:\Program Files\Android\Android Studio\jre\bin\server;C:\Users\user\.gradle\native\e1d6ef7f7dcc3fd88c89a11ec53ec762bb8ba0a96d01ffa2cd45eb1d1d8dd5c5\windows-amd64;C:\Users\user\.gradle\native\5664cfc778a61ccfe75a443a1ab52a65af34e5dc3c78e0209fed803814484fcb\windows-amd64

VM Arguments:
jvm_args: --add-opens=java.base/java.util=ALL-UNNAMED --add-opens=java.base/java.lang=ALL-UNNAMED --add-opens=java.base/java.lang.invoke=ALL-UNNAMED --add-opens=java.base/java.util=ALL-UNNAMED --add-opens=java.prefs/java.util.prefs=ALL-UNNAMED --add-opens=java.prefs/java.util.prefs=ALL-UNNAMED --add-opens=java.base/java.nio.charset=ALL-UNNAMED --add-opens=java.base/java.net=ALL-UNNAMED --add-opens=java.base/java.util.concurrent.atomic=ALL-UNNAMED -Xmx2048m -Dfile.encoding=UTF-8 -Duser.country=US -Duser.language=en -Duser.variant 
java_command: org.gradle.launcher.daemon.bootstrap.GradleDaemon 7.2
java_class_path (initial): C:\Users\user\.gradle\wrapper\dists\gradle-7.2-bin\2dnblmf4td7x66yl1d74lt32g\gradle-7.2\lib\gradle-launcher-7.2.jar
Launcher Type: SUN_STANDARD

[Global flags]
     intx CICompilerCount                          = 3                                         {product} {ergonomic}
     uint ConcGCThreads                            = 1                                         {product} {ergonomic}
     uint G1ConcRefinementThreads                  = 4                                         {product} {ergonomic}
   size_t G1HeapRegionSize                         = 1048576                                   {product} {ergonomic}
    uintx GCDrainStackTargetSize                   = 64                                        {product} {ergonomic}
   size_t InitialHeapSize                          = 134217728                                 {product} {ergonomic}
   size_t MarkStackSize                            = 4194304                                   {product} {ergonomic}
   size_t MaxHeapSize                              = 2147483648                                {product} {command line}
   size_t MaxNewSize                               = 1287651328                                {product} {ergonomic}
   size_t MinHeapDeltaBytes                        = 1048576                                   {product} {ergonomic}
    uintx NonNMethodCodeHeapSize                   = 5830732                                {pd product} {ergonomic}
    uintx NonProfiledCodeHeapSize                  = 122913754                              {pd product} {ergonomic}
    uintx ProfiledCodeHeapSize                     = 122913754                              {pd product} {ergonomic}
    uintx ReservedCodeCacheSize                    = 251658240                              {pd product} {ergonomic}
     bool SegmentedCodeCache                       = true                                      {product} {ergonomic}
     bool UseCompressedClassPointers               = true                                 {lp64_product} {ergonomic}
     bool UseCompressedOops                        = true                                 {lp64_product} {ergonomic}
     bool UseG1GC                                  = true                                      {product} {ergonomic}
     bool UseLargePagesIndividualAllocation        = false                                  {pd product} {ergonomic}

Logging:
Log output configuration:
 #0: stdout all=warning uptime,level,tags
 #1: stderr all=off uptime,level,tags

Environment Variables:
PATH=C:\Windows\system32;C:\Windows;C:\Windows\System32\Wbem;C:\Windows\System32\WindowsPowerShell\v1.0\;C:\Windows\System32\OpenSSH\;C:\Program Files (x86)\ATI Technologies\ATI.ACE\Core-Static;C:\Users\user\AppData\Local\Microsoft\WindowsApps;
USERNAME=user
OS=Windows_NT
PROCESSOR_IDENTIFIER=Intel64 Family 6 Model 42 Stepping 7, GenuineIntel



---------------  S Y S T E M  ---------------

OS: Windows 10 , 64 bit Build 17134 (10.0.17134.753)
OS uptime: 0 days 0:27 hours

CPU:total 4 (initial active 4) (4 cores per cpu, 1 threads per core) family 6 model 42 stepping 7 microcode 0x2f, cmov, cx8, fxsr, mmx, sse, sse2, sse3, ssse3, sse4.1, sse4.2, popcnt, avx, aes, clmul, tsc, tscinvbit

Memory: 4k page, system-wide physical 8169M (3309M free)
TotalPageFile size 9449M (AvailPageFile size 4406M)
current process WorkingSet (physical memory assigned to process): 216M, peak: 216M
current process commit charge ("private bytes"): 281M, peak: 287M

vm_info: OpenJDK 64-Bit Server VM (11.0.11+9-b60-7590822) for windows-amd64 JRE (11.0.11+9-b60-7590822), built on Jul 29 2021 21:43:44 by "builder" with MS VC++ 14.0 (VS2015)

END.
