#
# A fatal error has been detected by the Java Runtime Environment:
#
#  EXCEPTION_ACCESS_VIOLATION (0xc0000005) at pc=0x00007ff8f617becb, pid=9272, tid=6596
#
# JRE version: OpenJDK Runtime Environment (11.0.11+9) (build 11.0.11+9-b60-7590822)
# Java VM: OpenJDK 64-Bit Server VM (11.0.11+9-b60-7590822, mixed mode, tiered, compressed oops, g1 gc, windows-amd64)
# Problematic frame:
# V  [jvm.dll+0x4ebecb]
#
# No core dump will be written. Minidumps are not enabled by default on client versions of Windows
#
# If you would like to submit a bug report, please visit:
#   https://bugreport.java.com/bugreport/crash.jsp
#

---------------  S U M M A R Y ------------

Command Line: --add-opens=java.base/java.util=ALL-UNNAMED --add-opens=java.base/java.lang=ALL-UNNAMED --add-opens=java.base/java.lang.invoke=ALL-UNNAMED --add-opens=java.base/java.util=ALL-UNNAMED --add-opens=java.prefs/java.util.prefs=ALL-UNNAMED --add-opens=java.prefs/java.util.prefs=ALL-UNNAMED --add-opens=java.base/java.nio.charset=ALL-UNNAMED --add-opens=java.base/java.net=ALL-UNNAMED --add-opens=java.base/java.util.concurrent.atomic=ALL-UNNAMED -Xmx2048m -Dfile.encoding=UTF-8 -Duser.country=US -Duser.language=en -Duser.variant org.gradle.launcher.daemon.bootstrap.GradleDaemon 7.2

Host: Intel(R) Core(TM) i5-2500S CPU @ 2.70GHz, 4 cores, 7G,  Windows 10 , 64 bit Build 17134 (10.0.17134.753)
Time: Mon Apr 25 23:29:50 2022 Caucasus Standard Time elapsed time: 4.422267 seconds (0d 0h 0m 4s)

---------------  T H R E A D  ---------------

Current thread (0x00000263bf979800):  JavaThread "C2 CompilerThread1" daemon [_thread_in_native, id=6596, stack(0x000000c1ff000000,0x000000c1ff100000)]


Current CompileTask:
C2:   4422 2279   !   4       java.net.URLClassLoader$1::run (63 bytes)

Stack: [0x000000c1ff000000,0x000000c1ff100000],  sp=0x000000c1ff0fbe50,  free space=1007k
Native frames: (J=compiled Java code, j=interpreted, Vv=VM code, C=native code)
V  [jvm.dll+0x4ebecb]
V  [jvm.dll+0x4ec8d9]
V  [jvm.dll+0x3218c2]
V  [jvm.dll+0x320d8a]
V  [jvm.dll+0x1fc1e2]
V  [jvm.dll+0x1fb3d4]
V  [jvm.dll+0x183d6c]
V  [jvm.dll+0x209a57]
V  [jvm.dll+0x2082a1]
V  [jvm.dll+0x6ef58f]
V  [jvm.dll+0x6e80b5]
V  [jvm.dll+0x5f1036]
C  [ucrtbase.dll+0x1e3fe]
C  [KERNEL32.DLL+0x14034]
C  [ntdll.dll+0x73691]


siginfo: EXCEPTION_ACCESS_VIOLATION (0xc0000005), reading address 0x00007ef8f668cf2c


Register to memory mapping:

RIP=0x00007ff8f617becb jvm.dll
RAX=0x00000000000003b3 is an unknown value
RBX=0x0000000000000013 is an unknown value
RCX=0x0000000000000013 is an unknown value
RDX=0x0000000000080000 is an unknown value
RSP=0x000000c1ff0fbe50 is pointing into the stack for thread: 0x00000263bf979800
RBP=0x00007ff8f668cf18 jvm.dll
RSI=0x0000000000000005 is an unknown value
RDI=0x00000263c4668a00 points into unknown readable memory: 0x0000000000000003 | 03 00 00 00 00 00 00 00
R8 =0x00007ef8f668cf18 is an unknown value
R9 =0x000000c1ff0fbe70 is pointing into the stack for thread: 0x00000263bf979800
R10=0x00007ff8f5c90000 jvm.dll
R11=0x0000000000000629 is an unknown value
R12=0x0000000000000002 is an unknown value
R13=0x00000263c1e98f28 points into unknown readable memory: 0x00007ff8f647c5e8 | e8 c5 47 f6 f8 7f 00 00
R14=0x00007ff8f5c90000 jvm.dll
R15=0x00000263c20fbc40 points into unknown readable memory: 0x0000026300000016 | 16 00 00 00 63 02 00 00


Registers:
RAX=0x00000000000003b3, RBX=0x0000000000000013, RCX=0x0000000000000013, RDX=0x0000000000080000
RSP=0x000000c1ff0fbe50, RBP=0x00007ff8f668cf18, RSI=0x0000000000000005, RDI=0x00000263c4668a00
R8 =0x00007ef8f668cf18, R9 =0x000000c1ff0fbe70, R10=0x00007ff8f5c90000, R11=0x0000000000000629
R12=0x0000000000000002, R13=0x00000263c1e98f28, R14=0x00007ff8f5c90000, R15=0x00000263c20fbc40
RIP=0x00007ff8f617becb, EFLAGS=0x0000000000010206

Top of Stack: (sp=0x000000c1ff0fbe50)
0x000000c1ff0fbe50:   0000000000000013 00007ff8f668cf18
0x000000c1ff0fbe60:   0000000000000000 000000000000002c
0x000000c1ff0fbe70:   000003b400000000 0000000000000006
0x000000c1ff0fbe80:   00000263c20e2880 00007ff800000004
0x000000c1ff0fbe90:   00000263c1e36430 000000c10000002c
0x000000c1ff0fbea0:   00000263c20fbc40 0000000000000010
0x000000c1ff0fbeb0:   00000263c1e99e08 00007ff8f617c8d9
0x000000c1ff0fbec0:   0000000000000003 000000c1ff0fc240
0x000000c1ff0fbed0:   0000000000000010 00000263c20fbc40
0x000000c1ff0fbee0:   00000263c0ce3de8 00000263c13e2560
0x000000c1ff0fbef0:   00000263c2259fd0 00000263c225a020
0x000000c1ff0fbf00:   000000000034b820 00000263c2261fb8
0x000000c1ff0fbf10:   00007ff8f6502368 00000263c13e2560
0x000000c1ff0fbf20:   0000000000000040 00000263bf2ff3a0
0x000000c1ff0fbf30:   0000000000002be0 00000263c0075290
0x000000c1ff0fbf40:   0000000000000000 00000263c00752a0 

Instructions: (pc=0x00007ff8f617becb)
0x00007ff8f617bdcb:   45 18 0f b6 44 24 50 88 45 60 48 8b c5 48 89 75
0x00007ff8f617bddb:   58 48 8b 74 24 40 48 89 7d 48 48 8b 6c 24 38 48
0x00007ff8f617bdeb:   83 c4 20 5f c3 48 89 5c 24 10 48 89 6c 24 18 48
0x00007ff8f617bdfb:   89 7c 24 20 41 56 48 83 ec 60 8b 42 4c 49 8b d0
0x00007ff8f617be0b:   ff c8 48 8d 3c 80 48 c1 e7 05 48 03 79 18 48 8d
0x00007ff8f617be1b:   4c 24 20 e8 cd cf e6 ff 4c 8d 35 d6 41 b1 ff 48
0x00007ff8f617be2b:   89 74 24 70 48 8d 2d e2 10 51 00 8b 44 24 20 85
0x00007ff8f617be3b:   c0 74 47 44 8b 44 24 24 a8 1f 75 14 66 0f 1f 84
0x00007ff8f617be4b:   00 00 00 00 00 c1 e8 05 41 83 c0 05 a8 1f 74 f5
0x00007ff8f617be5b:   8b d0 83 e2 1f 42 0f b6 8c 32 80 0e 83 00 42 0f
0x00007ff8f617be6b:   b6 9c 32 60 0e 83 00 d3 e8 89 44 24 20 41 03 d8
0x00007ff8f617be7b:   42 8d 04 01 89 44 24 24 eb 0c 48 8d 4c 24 20 e8
0x00007ff8f617be8b:   b1 cf e6 ff 8b d8 85 db 74 51 48 8b 4f 08 8b d3
0x00007ff8f617be9b:   48 c1 ea 08 8b f3 4c 8b 04 d1 4c 3b c5 75 0d 8b
0x00007ff8f617beab:   d3 48 8b cf e8 8c d1 e6 ff 4c 8b c0 48 c1 ee 05
0x00007ff8f617bebb:   83 e3 1f 83 e6 07 0f b6 cb ba 01 00 00 00 d3 e2
0x00007ff8f617becb:   41 8b 0c b0 8b c1 0b c2 41 89 04 b0 85 ca 0f 85
0x00007ff8f617bedb:   57 ff ff ff ff 07 e9 50 ff ff ff 48 8b 74 24 70
0x00007ff8f617beeb:   4c 8d 5c 24 60 49 8b 5b 18 49 8b 6b 20 49 8b 7b
0x00007ff8f617befb:   28 49 8b e3 41 5e c3 cc cc cc cc cc cc cc cc cc
0x00007ff8f617bf0b:   cc cc cc cc cc 48 89 5c 24 10 48 89 6c 24 18 48
0x00007ff8f617bf1b:   89 74 24 20 57 48 83 ec 20 8b 42 4c 48 8b d9 ff
0x00007ff8f617bf2b:   c8 41 8b f0 48 8b fa 49 8b e9 41 8b d0 48 8d 0c
0x00007ff8f617bf3b:   80 48 c1 e1 05 48 03 4b 10 e8 a7 f8 ca ff 84 c0
0x00007ff8f617bf4b:   0f 84 b1 00 00 00 44 8b 57 4c 44 8b c6 49 c1 e8
0x00007ff8f617bf5b:   08 44 8b ce 49 c1 e9 05 41 83 e1 07 41 8d 42 ff
0x00007ff8f617bf6b:   48 8d 0c 80 44 8b d8 48 8b 43 20 48 c1 e1 05 48
0x00007ff8f617bf7b:   8b 54 01 08 8b ce 83 e1 1f 4a 8b 14 c2 42 8b 04
0x00007ff8f617bf8b:   8a 0f a3 c8 72 71 48 8b 43 28 4a 83 3c d8 00 75
0x00007ff8f617bf9b:   35 41 8b c2 c1 e8 05 3b 45 10 73 2a 44 8b c0 41
0x00007ff8f617bfab:   83 e2 1f 48 8b 45 18 ba 01 00 00 00 41 0f b6 ca
0x00007ff8f617bfbb:   d3 e2 42 8b 04 80 23 c2 74 0c 48 8b 4b 38 48 8b 


Stack slot to memory mapping:
stack at sp + 0 slots: 0x0000000000000013 is an unknown value
stack at sp + 1 slots: 0x00007ff8f668cf18 jvm.dll
stack at sp + 2 slots: 0x0 is NULL
stack at sp + 3 slots: 0x000000000000002c is an unknown value
stack at sp + 4 slots: 0x000003b400000000 is an unknown value
stack at sp + 5 slots: 0x0000000000000006 is an unknown value
stack at sp + 6 slots: 0x00000263c20e2880 points into unknown readable memory: 0x0000000000000000 | 00 00 00 00 00 00 00 00
stack at sp + 7 slots: 0x00007ff800000004 is an unknown value


---------------  P R O C E S S  ---------------

Threads class SMR info:
_java_thread_list=0x00000263c3e7ddd0, length=30, elements={
0x00000263a25bb800, 0x00000263be101800, 0x00000263be103800, 0x00000263be11a000,
0x00000263be11c000, 0x00000263be11d800, 0x00000263be123000, 0x00000263be128000,
0x00000263be12c000, 0x00000263bebbe000, 0x00000263c1083000, 0x00000263c0b50800,
0x00000263c1421800, 0x00000263c1d14800, 0x00000263c0599000, 0x00000263bfea3800,
0x00000263c05fd800, 0x00000263c0d90800, 0x00000263c149d000, 0x00000263c1498000,
0x00000263c149a000, 0x00000263c1495800, 0x00000263c149a800, 0x00000263bf979800,
0x00000263c1495000, 0x00000263c149b800, 0x00000263c1496800, 0x00000263c1497800,
0x00000263c1499000, 0x00000263c0a99800
}

Java Threads: ( => current thread )
  0x00000263a25bb800 JavaThread "main" [_thread_blocked, id=6348, stack(0x000000c1fcf00000,0x000000c1fd000000)]
  0x00000263be101800 JavaThread "Reference Handler" daemon [_thread_blocked, id=7692, stack(0x000000c1fd600000,0x000000c1fd700000)]
  0x00000263be103800 JavaThread "Finalizer" daemon [_thread_blocked, id=7288, stack(0x000000c1fd700000,0x000000c1fd800000)]
  0x00000263be11a000 JavaThread "Signal Dispatcher" daemon [_thread_blocked, id=6388, stack(0x000000c1fd800000,0x000000c1fd900000)]
  0x00000263be11c000 JavaThread "Attach Listener" daemon [_thread_blocked, id=6352, stack(0x000000c1fd900000,0x000000c1fda00000)]
  0x00000263be11d800 JavaThread "Service Thread" daemon [_thread_blocked, id=7304, stack(0x000000c1fda00000,0x000000c1fdb00000)]
  0x00000263be123000 JavaThread "C2 CompilerThread0" daemon [_thread_in_native, id=7284, stack(0x000000c1fdb00000,0x000000c1fdc00000)]
  0x00000263be128000 JavaThread "C1 CompilerThread0" daemon [_thread_blocked, id=6920, stack(0x000000c1fdc00000,0x000000c1fdd00000)]
  0x00000263be12c000 JavaThread "Sweeper thread" daemon [_thread_blocked, id=6320, stack(0x000000c1fdd00000,0x000000c1fde00000)]
  0x00000263bebbe000 JavaThread "Common-Cleaner" daemon [_thread_blocked, id=6836, stack(0x000000c1fde00000,0x000000c1fdf00000)]
  0x00000263c1083000 JavaThread "Daemon health stats" [_thread_blocked, id=7684, stack(0x000000c1fe300000,0x000000c1fe400000)]
  0x00000263c0b50800 JavaThread "Incoming local TCP Connector on port 50039" [_thread_in_native, id=7668, stack(0x000000c1fe000000,0x000000c1fe100000)]
  0x00000263c1421800 JavaThread "Daemon periodic checks" [_thread_blocked, id=6988, stack(0x000000c1fe500000,0x000000c1fe600000)]
  0x00000263c1d14800 JavaThread "Daemon" [_thread_blocked, id=6460, stack(0x000000c1fe600000,0x000000c1fe700000)]
  0x00000263c0599000 JavaThread "Handler for socket connection from /127.0.0.1:50039 to /127.0.0.1:50040" [_thread_in_native, id=6248, stack(0x000000c1fe700000,0x000000c1fe800000)]
  0x00000263bfea3800 JavaThread "Cancel handler" [_thread_blocked, id=6300, stack(0x000000c1fe800000,0x000000c1fe900000)]
  0x00000263c05fd800 JavaThread "Daemon worker" [_thread_in_Java, id=188, stack(0x000000c1fe900000,0x000000c1fea00000)]
  0x00000263c0d90800 JavaThread "Asynchronous log dispatcher for DefaultDaemonConnection: socket connection from /127.0.0.1:50039 to /127.0.0.1:50040" [_thread_blocked, id=8456, stack(0x000000c1fea00000,0x000000c1feb00000)]
  0x00000263c149d000 JavaThread "Stdin handler" [_thread_blocked, id=6172, stack(0x000000c1feb00000,0x000000c1fec00000)]
  0x00000263c1498000 JavaThread "Daemon client event forwarder" [_thread_blocked, id=8936, stack(0x000000c1fec00000,0x000000c1fed00000)]
  0x00000263c149a000 JavaThread "Cache worker for journal cache (C:\Users\user\.gradle\caches\journal-1)" [_thread_blocked, id=6232, stack(0x000000c1fe400000,0x000000c1fe500000)]
  0x00000263c1495800 JavaThread "File lock request listener" [_thread_in_native, id=8932, stack(0x000000c1fed00000,0x000000c1fee00000)]
  0x00000263c149a800 JavaThread "Cache worker for file hash cache (C:\Users\user\.gradle\caches\7.2\fileHashes)" [_thread_blocked, id=5884, stack(0x000000c1fee00000,0x000000c1fef00000)]
=>0x00000263bf979800 JavaThread "C2 CompilerThread1" daemon [_thread_in_native, id=6596, stack(0x000000c1ff000000,0x000000c1ff100000)]
  0x00000263c1495000 JavaThread "Cache worker for file hash cache (C:\Users\user\AndroidStudioProjects\MyApplication\.gradle\7.2\fileHashes)" [_thread_blocked, id=5880, stack(0x000000c1ff100000,0x000000c1ff200000)]
  0x00000263c149b800 JavaThread "File watcher server" daemon [_thread_in_native, id=5912, stack(0x000000c1ff200000,0x000000c1ff300000)]
  0x00000263c1496800 JavaThread "File watcher consumer" daemon [_thread_blocked, id=5908, stack(0x000000c1ff300000,0x000000c1ff400000)]
  0x00000263c1497800 JavaThread "Cache worker for checksums cache (C:\Users\user\AndroidStudioProjects\MyApplication\.gradle\checksums)" [_thread_blocked, id=5904, stack(0x000000c1ff400000,0x000000c1ff500000)]
  0x00000263c1499000 JavaThread "Cache worker for cache directory md-supplier (C:\Users\user\.gradle\caches\7.2\md-supplier)" [_thread_blocked, id=10104, stack(0x000000c1ff500000,0x000000c1ff600000)]
  0x00000263c0a99800 JavaThread "Cache worker for cache directory md-rule (C:\Users\user\.gradle\caches\7.2\md-rule)" [_thread_blocked, id=9208, stack(0x000000c1ff600000,0x000000c1ff700000)]

Other Threads:
  0x00000263be0fd000 VMThread "VM Thread" [stack: 0x000000c1fd500000,0x000000c1fd600000] [id=7312]
  0x00000263bebcf800 WatcherThread [stack: 0x000000c1fdf00000,0x000000c1fe000000] [id=7544]
  0x00000263a25d5000 GCTaskThread "GC Thread#0" [stack: 0x000000c1fd000000,0x000000c1fd100000] [id=6216]
  0x00000263bf5b7000 GCTaskThread "GC Thread#1" [stack: 0x000000c1fe100000,0x000000c1fe200000] [id=7688]
  0x00000263befd5000 GCTaskThread "GC Thread#2" [stack: 0x000000c1fe200000,0x000000c1fe300000] [id=7672]
  0x00000263bfba7800 GCTaskThread "GC Thread#3" [stack: 0x000000c1fef00000,0x000000c1ff000000] [id=6600]
  0x00000263a2606800 ConcurrentGCThread "G1 Main Marker" [stack: 0x000000c1fd100000,0x000000c1fd200000] [id=6840]
  0x00000263a2608000 ConcurrentGCThread "G1 Conc#0" [stack: 0x000000c1fd200000,0x000000c1fd300000] [id=6412]
  0x00000263bdf50800 ConcurrentGCThread "G1 Refine#0" [stack: 0x000000c1fd300000,0x000000c1fd400000] [id=7680]
  0x00000263bdf51800 ConcurrentGCThread "G1 Young RemSet Sampling" [stack: 0x000000c1fd400000,0x000000c1fd500000] [id=7268]

Threads with active compile tasks:
C2 CompilerThread0   4557 2278       4       java.net.URLClassLoader$1::run (5 bytes)
C2 CompilerThread1   4557 2279   !   4       java.net.URLClassLoader$1::run (63 bytes)

VM state:not at safepoint (normal execution)

VM Mutex/Monitor currently owned by a thread: None

Heap address: 0x0000000080000000, size: 2048 MB, Compressed Oops mode: 32-bit
Narrow klass base: 0x0000000000000000, Narrow klass shift: 3
Compressed class space size: 1073741824 Address: 0x0000000100000000

Heap:
 garbage-first heap   total 157696K, used 41696K [0x0000000080000000, 0x0000000100000000)
  region size 1024K, 26 young (26624K), 3 survivors (3072K)
 Metaspace       used 28712K, capacity 29300K, committed 29440K, reserved 1075200K
  class space    used 3827K, capacity 4060K, committed 4096K, reserved 1048576K
Heap Regions: E=young(eden), S=young(survivor), O=old, HS=humongous(starts), HC=humongous(continues), CS=collection set, F=free, A=archive, TAMS=top-at-mark-start (previous, next)
|   0|0x0000000080000000, 0x0000000080100000, 0x0000000080100000|100%| O|  |TAMS 0x0000000080100000, 0x0000000080000000| Untracked 
|   1|0x0000000080100000, 0x0000000080200000, 0x0000000080200000|100%| O|  |TAMS 0x0000000080200000, 0x0000000080100000| Untracked 
|   2|0x0000000080200000, 0x0000000080300000, 0x0000000080300000|100%| O|  |TAMS 0x0000000080300000, 0x0000000080200000| Untracked 
|   3|0x0000000080300000, 0x0000000080400000, 0x0000000080400000|100%|HS|  |TAMS 0x0000000080400000, 0x0000000080300000| Complete 
|   4|0x0000000080400000, 0x0000000080500000, 0x0000000080500000|100%|HC|  |TAMS 0x0000000080500000, 0x0000000080400000| Complete 
|   5|0x0000000080500000, 0x0000000080600000, 0x0000000080600000|100%|HC|  |TAMS 0x0000000080600000, 0x0000000080500000| Complete 
|   6|0x0000000080600000, 0x0000000080700000, 0x0000000080700000|100%| O|  |TAMS 0x0000000080700000, 0x0000000080600000| Untracked 
|   7|0x0000000080700000, 0x0000000080800000, 0x0000000080800000|100%| O|  |TAMS 0x0000000080800000, 0x0000000080700000| Untracked 
|   8|0x0000000080800000, 0x0000000080900000, 0x0000000080900000|100%| O|  |TAMS 0x0000000080900000, 0x0000000080800000| Untracked 
|   9|0x0000000080900000, 0x0000000080a00000, 0x0000000080a00000|100%| O|  |TAMS 0x0000000080a00000, 0x0000000080900000| Untracked 
|  10|0x0000000080a00000, 0x0000000080b00000, 0x0000000080b00000|100%| O|  |TAMS 0x0000000080b00000, 0x0000000080a00000| Untracked 
|  11|0x0000000080b00000, 0x0000000080c00000, 0x0000000080c00000|100%| O|  |TAMS 0x0000000080c00000, 0x0000000080b00000| Untracked 
|  12|0x0000000080c00000, 0x0000000080d00000, 0x0000000080d00000|100%| O|  |TAMS 0x0000000080d00000, 0x0000000080c00000| Untracked 
|  13|0x0000000080d00000, 0x0000000080e00000, 0x0000000080e00000|100%| O|  |TAMS 0x0000000080e00000, 0x0000000080d00000| Untracked 
|  14|0x0000000080e00000, 0x0000000080f00000, 0x0000000080f00000|100%| O|  |TAMS 0x0000000080f00000, 0x0000000080e00000| Untracked 
|  15|0x0000000080f00000, 0x0000000081000000, 0x0000000081000000|100%| O|  |TAMS 0x0000000081000000, 0x0000000080f00000| Untracked 
|  16|0x0000000081000000, 0x000000008106a400, 0x0000000081100000| 41%| O|  |TAMS 0x000000008106a400, 0x0000000081000000| Untracked 
|  17|0x0000000081100000, 0x0000000081100000, 0x0000000081200000|  0%| F|  |TAMS 0x0000000081100000, 0x0000000081100000| Untracked 
|  18|0x0000000081200000, 0x0000000081200000, 0x0000000081300000|  0%| F|  |TAMS 0x0000000081200000, 0x0000000081200000| Untracked 
|  19|0x0000000081300000, 0x0000000081300000, 0x0000000081400000|  0%| F|  |TAMS 0x0000000081300000, 0x0000000081300000| Untracked 
|  20|0x0000000081400000, 0x0000000081400000, 0x0000000081500000|  0%| F|  |TAMS 0x0000000081400000, 0x0000000081400000| Untracked 
|  21|0x0000000081500000, 0x0000000081500000, 0x0000000081600000|  0%| F|  |TAMS 0x0000000081500000, 0x0000000081500000| Untracked 
|  22|0x0000000081600000, 0x0000000081600000, 0x0000000081700000|  0%| F|  |TAMS 0x0000000081600000, 0x0000000081600000| Untracked 
|  23|0x0000000081700000, 0x0000000081700000, 0x0000000081800000|  0%| F|  |TAMS 0x0000000081700000, 0x0000000081700000| Untracked 
|  24|0x0000000081800000, 0x0000000081800000, 0x0000000081900000|  0%| F|  |TAMS 0x0000000081800000, 0x0000000081800000| Untracked 
|  25|0x0000000081900000, 0x0000000081900000, 0x0000000081a00000|  0%| F|  |TAMS 0x0000000081900000, 0x0000000081900000| Untracked 
|  26|0x0000000081a00000, 0x0000000081a00000, 0x0000000081b00000|  0%| F|  |TAMS 0x0000000081a00000, 0x0000000081a00000| Untracked 
|  27|0x0000000081b00000, 0x0000000081b00000, 0x0000000081c00000|  0%| F|  |TAMS 0x0000000081b00000, 0x0000000081b00000| Untracked 
|  28|0x0000000081c00000, 0x0000000081c00000, 0x0000000081d00000|  0%| F|  |TAMS 0x0000000081c00000, 0x0000000081c00000| Untracked 
|  29|0x0000000081d00000, 0x0000000081d00000, 0x0000000081e00000|  0%| F|  |TAMS 0x0000000081d00000, 0x0000000081d00000| Untracked 
|  30|0x0000000081e00000, 0x0000000081e00000, 0x0000000081f00000|  0%| F|  |TAMS 0x0000000081e00000, 0x0000000081e00000| Untracked 
|  31|0x0000000081f00000, 0x0000000081f00000, 0x0000000082000000|  0%| F|  |TAMS 0x0000000081f00000, 0x0000000081f00000| Untracked 
|  32|0x0000000082000000, 0x0000000082000000, 0x0000000082100000|  0%| F|  |TAMS 0x0000000082000000, 0x0000000082000000| Untracked 
|  33|0x0000000082100000, 0x0000000082100000, 0x0000000082200000|  0%| F|  |TAMS 0x0000000082100000, 0x0000000082100000| Untracked 
|  34|0x0000000082200000, 0x0000000082200000, 0x0000000082300000|  0%| F|  |TAMS 0x0000000082200000, 0x0000000082200000| Untracked 
|  35|0x0000000082300000, 0x0000000082300000, 0x0000000082400000|  0%| F|  |TAMS 0x0000000082300000, 0x0000000082300000| Untracked 
|  36|0x0000000082400000, 0x0000000082400000, 0x0000000082500000|  0%| F|  |TAMS 0x0000000082400000, 0x0000000082400000| Untracked 
|  37|0x0000000082500000, 0x0000000082500000, 0x0000000082600000|  0%| F|  |TAMS 0x0000000082500000, 0x0000000082500000| Untracked 
|  38|0x0000000082600000, 0x0000000082600000, 0x0000000082700000|  0%| F|  |TAMS 0x0000000082600000, 0x0000000082600000| Untracked 
|  39|0x0000000082700000, 0x0000000082700000, 0x0000000082800000|  0%| F|  |TAMS 0x0000000082700000, 0x0000000082700000| Untracked 
|  40|0x0000000082800000, 0x0000000082800000, 0x0000000082900000|  0%| F|  |TAMS 0x0000000082800000, 0x0000000082800000| Untracked 
|  41|0x0000000082900000, 0x0000000082900000, 0x0000000082a00000|  0%| F|  |TAMS 0x0000000082900000, 0x0000000082900000| Untracked 
|  42|0x0000000082a00000, 0x0000000082a00000, 0x0000000082b00000|  0%| F|  |TAMS 0x0000000082a00000, 0x0000000082a00000| Untracked 
|  43|0x0000000082b00000, 0x0000000082b00000, 0x0000000082c00000|  0%| F|  |TAMS 0x0000000082b00000, 0x0000000082b00000| Untracked 
|  44|0x0000000082c00000, 0x0000000082c00000, 0x0000000082d00000|  0%| F|  |TAMS 0x0000000082c00000, 0x0000000082c00000| Untracked 
|  45|0x0000000082d00000, 0x0000000082d00000, 0x0000000082e00000|  0%| F|  |TAMS 0x0000000082d00000, 0x0000000082d00000| Untracked 
|  46|0x0000000082e00000, 0x0000000082e00000, 0x0000000082f00000|  0%| F|  |TAMS 0x0000000082e00000, 0x0000000082e00000| Untracked 
|  47|0x0000000082f00000, 0x0000000082f00000, 0x0000000083000000|  0%| F|  |TAMS 0x0000000082f00000, 0x0000000082f00000| Untracked 
|  48|0x0000000083000000, 0x0000000083000000, 0x0000000083100000|  0%| F|  |TAMS 0x0000000083000000, 0x0000000083000000| Untracked 
|  49|0x0000000083100000, 0x0000000083100000, 0x0000000083200000|  0%| F|  |TAMS 0x0000000083100000, 0x0000000083100000| Untracked 
|  50|0x0000000083200000, 0x0000000083200000, 0x0000000083300000|  0%| F|  |TAMS 0x0000000083200000, 0x0000000083200000| Untracked 
|  51|0x0000000083300000, 0x0000000083300000, 0x0000000083400000|  0%| F|  |TAMS 0x0000000083300000, 0x0000000083300000| Untracked 
|  52|0x0000000083400000, 0x0000000083400000, 0x0000000083500000|  0%| F|  |TAMS 0x0000000083400000, 0x0000000083400000| Untracked 
|  53|0x0000000083500000, 0x0000000083500000, 0x0000000083600000|  0%| F|  |TAMS 0x0000000083500000, 0x0000000083500000| Untracked 
|  54|0x0000000083600000, 0x0000000083600000, 0x0000000083700000|  0%| F|  |TAMS 0x0000000083600000, 0x0000000083600000| Untracked 
|  55|0x0000000083700000, 0x0000000083700000, 0x0000000083800000|  0%| F|  |TAMS 0x0000000083700000, 0x0000000083700000| Untracked 
|  56|0x0000000083800000, 0x0000000083800000, 0x0000000083900000|  0%| F|  |TAMS 0x0000000083800000, 0x0000000083800000| Untracked 
|  57|0x0000000083900000, 0x0000000083900000, 0x0000000083a00000|  0%| F|  |TAMS 0x0000000083900000, 0x0000000083900000| Untracked 
|  58|0x0000000083a00000, 0x0000000083a00000, 0x0000000083b00000|  0%| F|  |TAMS 0x0000000083a00000, 0x0000000083a00000| Untracked 
|  59|0x0000000083b00000, 0x0000000083b00000, 0x0000000083c00000|  0%| F|  |TAMS 0x0000000083b00000, 0x0000000083b00000| Untracked 
|  60|0x0000000083c00000, 0x0000000083c00000, 0x0000000083d00000|  0%| F|  |TAMS 0x0000000083c00000, 0x0000000083c00000| Untracked 
|  61|0x0000000083d00000, 0x0000000083d00000, 0x0000000083e00000|  0%| F|  |TAMS 0x0000000083d00000, 0x0000000083d00000| Untracked 
|  62|0x0000000083e00000, 0x0000000083e00000, 0x0000000083f00000|  0%| F|  |TAMS 0x0000000083e00000, 0x0000000083e00000| Untracked 
|  63|0x0000000083f00000, 0x0000000083f00000, 0x0000000084000000|  0%| F|  |TAMS 0x0000000083f00000, 0x0000000083f00000| Untracked 
|  64|0x0000000084000000, 0x0000000084000000, 0x0000000084100000|  0%| F|  |TAMS 0x0000000084000000, 0x0000000084000000| Untracked 
|  65|0x0000000084100000, 0x000000008414ddd8, 0x0000000084200000| 30%| S|CS|TAMS 0x0000000084100000, 0x0000000084100000| Complete 
|  66|0x0000000084200000, 0x0000000084300000, 0x0000000084300000|100%| S|CS|TAMS 0x0000000084200000, 0x0000000084200000| Complete 
|  67|0x0000000084300000, 0x0000000084400000, 0x0000000084400000|100%| S|CS|TAMS 0x0000000084300000, 0x0000000084300000| Complete 
|  68|0x0000000084400000, 0x0000000084400000, 0x0000000084500000|  0%| F|  |TAMS 0x0000000084400000, 0x0000000084400000| Untracked 
|  69|0x0000000084500000, 0x0000000084500000, 0x0000000084600000|  0%| F|  |TAMS 0x0000000084500000, 0x0000000084500000| Untracked 
|  70|0x0000000084600000, 0x0000000084600000, 0x0000000084700000|  0%| F|  |TAMS 0x0000000084600000, 0x0000000084600000| Untracked 
|  71|0x0000000084700000, 0x0000000084700000, 0x0000000084800000|  0%| F|  |TAMS 0x0000000084700000, 0x0000000084700000| Untracked 
|  72|0x0000000084800000, 0x0000000084800000, 0x0000000084900000|  0%| F|  |TAMS 0x0000000084800000, 0x0000000084800000| Untracked 
|  73|0x0000000084900000, 0x0000000084900000, 0x0000000084a00000|  0%| F|  |TAMS 0x0000000084900000, 0x0000000084900000| Untracked 
|  74|0x0000000084a00000, 0x0000000084a00000, 0x0000000084b00000|  0%| F|  |TAMS 0x0000000084a00000, 0x0000000084a00000| Untracked 
|  75|0x0000000084b00000, 0x0000000084b00000, 0x0000000084c00000|  0%| F|  |TAMS 0x0000000084b00000, 0x0000000084b00000| Untracked 
|  76|0x0000000084c00000, 0x0000000084c00000, 0x0000000084d00000|  0%| F|  |TAMS 0x0000000084c00000, 0x0000000084c00000| Untracked 
|  77|0x0000000084d00000, 0x0000000084d00000, 0x0000000084e00000|  0%| F|  |TAMS 0x0000000084d00000, 0x0000000084d00000| Untracked 
|  78|0x0000000084e00000, 0x0000000084e00000, 0x0000000084f00000|  0%| F|  |TAMS 0x0000000084e00000, 0x0000000084e00000| Untracked 
|  79|0x0000000084f00000, 0x0000000084f00000, 0x0000000085000000|  0%| F|  |TAMS 0x0000000084f00000, 0x0000000084f00000| Untracked 
|  80|0x0000000085000000, 0x0000000085000000, 0x0000000085100000|  0%| F|  |TAMS 0x0000000085000000, 0x0000000085000000| Untracked 
|  81|0x0000000085100000, 0x0000000085100000, 0x0000000085200000|  0%| F|  |TAMS 0x0000000085100000, 0x0000000085100000| Untracked 
|  82|0x0000000085200000, 0x0000000085200000, 0x0000000085300000|  0%| F|  |TAMS 0x0000000085200000, 0x0000000085200000| Untracked 
|  83|0x0000000085300000, 0x0000000085300000, 0x0000000085400000|  0%| F|  |TAMS 0x0000000085300000, 0x0000000085300000| Untracked 
|  84|0x0000000085400000, 0x0000000085400000, 0x0000000085500000|  0%| F|  |TAMS 0x0000000085400000, 0x0000000085400000| Untracked 
|  85|0x0000000085500000, 0x0000000085500000, 0x0000000085600000|  0%| F|  |TAMS 0x0000000085500000, 0x0000000085500000| Untracked 
|  86|0x0000000085600000, 0x0000000085600000, 0x0000000085700000|  0%| F|  |TAMS 0x0000000085600000, 0x0000000085600000| Untracked 
|  87|0x0000000085700000, 0x0000000085700000, 0x0000000085800000|  0%| F|  |TAMS 0x0000000085700000, 0x0000000085700000| Untracked 
|  88|0x0000000085800000, 0x0000000085800000, 0x0000000085900000|  0%| F|  |TAMS 0x0000000085800000, 0x0000000085800000| Untracked 
|  89|0x0000000085900000, 0x0000000085900000, 0x0000000085a00000|  0%| F|  |TAMS 0x0000000085900000, 0x0000000085900000| Untracked 
|  90|0x0000000085a00000, 0x0000000085a00000, 0x0000000085b00000|  0%| F|  |TAMS 0x0000000085a00000, 0x0000000085a00000| Untracked 
|  91|0x0000000085b00000, 0x0000000085b00000, 0x0000000085c00000|  0%| F|  |TAMS 0x0000000085b00000, 0x0000000085b00000| Untracked 
|  92|0x0000000085c00000, 0x0000000085c00000, 0x0000000085d00000|  0%| F|  |TAMS 0x0000000085c00000, 0x0000000085c00000| Untracked 
|  93|0x0000000085d00000, 0x0000000085d00000, 0x0000000085e00000|  0%| F|  |TAMS 0x0000000085d00000, 0x0000000085d00000| Untracked 
|  94|0x0000000085e00000, 0x0000000085e00000, 0x0000000085f00000|  0%| F|  |TAMS 0x0000000085e00000, 0x0000000085e00000| Untracked 
|  95|0x0000000085f00000, 0x0000000085f00000, 0x0000000086000000|  0%| F|  |TAMS 0x0000000085f00000, 0x0000000085f00000| Untracked 
|  96|0x0000000086000000, 0x0000000086000000, 0x0000000086100000|  0%| F|  |TAMS 0x0000000086000000, 0x0000000086000000| Untracked 
|  97|0x0000000086100000, 0x0000000086100000, 0x0000000086200000|  0%| F|  |TAMS 0x0000000086100000, 0x0000000086100000| Untracked 
|  98|0x0000000086200000, 0x0000000086200000, 0x0000000086300000|  0%| F|  |TAMS 0x0000000086200000, 0x0000000086200000| Untracked 
|  99|0x0000000086300000, 0x0000000086300000, 0x0000000086400000|  0%| F|  |TAMS 0x0000000086300000, 0x0000000086300000| Untracked 
| 100|0x0000000086400000, 0x0000000086400000, 0x0000000086500000|  0%| F|  |TAMS 0x0000000086400000, 0x0000000086400000| Untracked 
| 101|0x0000000086500000, 0x0000000086500000, 0x0000000086600000|  0%| F|  |TAMS 0x0000000086500000, 0x0000000086500000| Untracked 
| 102|0x0000000086600000, 0x0000000086600000, 0x0000000086700000|  0%| F|  |TAMS 0x0000000086600000, 0x0000000086600000| Untracked 
| 103|0x0000000086700000, 0x0000000086700000, 0x0000000086800000|  0%| F|  |TAMS 0x0000000086700000, 0x0000000086700000| Untracked 
| 104|0x0000000086800000, 0x0000000086800000, 0x0000000086900000|  0%| F|  |TAMS 0x0000000086800000, 0x0000000086800000| Untracked 
| 105|0x0000000086900000, 0x0000000086900000, 0x0000000086a00000|  0%| F|  |TAMS 0x0000000086900000, 0x0000000086900000| Untracked 
| 106|0x0000000086a00000, 0x0000000086a00000, 0x0000000086b00000|  0%| F|  |TAMS 0x0000000086a00000, 0x0000000086a00000| Untracked 
| 107|0x0000000086b00000, 0x0000000086b00000, 0x0000000086c00000|  0%| F|  |TAMS 0x0000000086b00000, 0x0000000086b00000| Untracked 
| 108|0x0000000086c00000, 0x0000000086c00000, 0x0000000086d00000|  0%| F|  |TAMS 0x0000000086c00000, 0x0000000086c00000| Untracked 
| 109|0x0000000086d00000, 0x0000000086d00000, 0x0000000086e00000|  0%| F|  |TAMS 0x0000000086d00000, 0x0000000086d00000| Untracked 
| 110|0x0000000086e00000, 0x0000000086e00000, 0x0000000086f00000|  0%| F|  |TAMS 0x0000000086e00000, 0x0000000086e00000| Untracked 
| 111|0x0000000086f00000, 0x0000000086f00000, 0x0000000087000000|  0%| F|  |TAMS 0x0000000086f00000, 0x0000000086f00000| Untracked 
| 112|0x0000000087000000, 0x0000000087000000, 0x0000000087100000|  0%| F|  |TAMS 0x0000000087000000, 0x0000000087000000| Untracked 
| 113|0x0000000087100000, 0x0000000087100000, 0x0000000087200000|  0%| F|  |TAMS 0x0000000087100000, 0x0000000087100000| Untracked 
| 114|0x0000000087200000, 0x0000000087200000, 0x0000000087300000|  0%| F|  |TAMS 0x0000000087200000, 0x0000000087200000| Untracked 
| 115|0x0000000087300000, 0x0000000087300000, 0x0000000087400000|  0%| F|  |TAMS 0x0000000087300000, 0x0000000087300000| Untracked 
| 116|0x0000000087400000, 0x0000000087400000, 0x0000000087500000|  0%| F|  |TAMS 0x0000000087400000, 0x0000000087400000| Untracked 
| 117|0x0000000087500000, 0x0000000087500000, 0x0000000087600000|  0%| F|  |TAMS 0x0000000087500000, 0x0000000087500000| Untracked 
| 118|0x0000000087600000, 0x0000000087600000, 0x0000000087700000|  0%| F|  |TAMS 0x0000000087600000, 0x0000000087600000| Untracked 
| 119|0x0000000087700000, 0x0000000087700000, 0x0000000087800000|  0%| F|  |TAMS 0x0000000087700000, 0x0000000087700000| Untracked 
| 120|0x0000000087800000, 0x0000000087800000, 0x0000000087900000|  0%| F|  |TAMS 0x0000000087800000, 0x0000000087800000| Untracked 
| 121|0x0000000087900000, 0x0000000087900000, 0x0000000087a00000|  0%| F|  |TAMS 0x0000000087900000, 0x0000000087900000| Untracked 
| 122|0x0000000087a00000, 0x0000000087a00000, 0x0000000087b00000|  0%| F|  |TAMS 0x0000000087a00000, 0x0000000087a00000| Untracked 
| 123|0x0000000087b00000, 0x0000000087b00000, 0x0000000087c00000|  0%| F|  |TAMS 0x0000000087b00000, 0x0000000087b00000| Untracked 
| 124|0x0000000087c00000, 0x0000000087c00000, 0x0000000087d00000|  0%| F|  |TAMS 0x0000000087c00000, 0x0000000087c00000| Untracked 
| 125|0x0000000087d00000, 0x0000000087d00000, 0x0000000087e00000|  0%| F|  |TAMS 0x0000000087d00000, 0x0000000087d00000| Untracked 
| 126|0x0000000087e00000, 0x0000000087e00000, 0x0000000087f00000|  0%| F|  |TAMS 0x0000000087e00000, 0x0000000087e00000| Untracked 
| 127|0x0000000087f00000, 0x0000000087f00000, 0x0000000088000000|  0%| F|  |TAMS 0x0000000087f00000, 0x0000000087f00000| Untracked 
| 128|0x0000000088000000, 0x0000000088000000, 0x0000000088100000|  0%| F|  |TAMS 0x0000000088000000, 0x0000000088000000| Untracked 
| 129|0x0000000088100000, 0x0000000088100000, 0x0000000088200000|  0%| F|  |TAMS 0x0000000088100000, 0x0000000088100000| Untracked 
| 130|0x0000000088200000, 0x0000000088280800, 0x0000000088300000| 50%| E|  |TAMS 0x0000000088200000, 0x0000000088200000| Complete 
| 131|0x0000000088300000, 0x0000000088400000, 0x0000000088400000|100%| E|CS|TAMS 0x0000000088300000, 0x0000000088300000| Complete 
| 132|0x0000000088400000, 0x0000000088500000, 0x0000000088500000|100%| E|CS|TAMS 0x0000000088400000, 0x0000000088400000| Complete 
| 133|0x0000000088500000, 0x0000000088600000, 0x0000000088600000|100%| E|CS|TAMS 0x0000000088500000, 0x0000000088500000| Complete 
| 134|0x0000000088600000, 0x0000000088700000, 0x0000000088700000|100%| E|CS|TAMS 0x0000000088600000, 0x0000000088600000| Complete 
| 135|0x0000000088700000, 0x0000000088800000, 0x0000000088800000|100%| E|CS|TAMS 0x0000000088700000, 0x0000000088700000| Complete 
| 136|0x0000000088800000, 0x0000000088900000, 0x0000000088900000|100%| E|CS|TAMS 0x0000000088800000, 0x0000000088800000| Complete 
| 137|0x0000000088900000, 0x0000000088a00000, 0x0000000088a00000|100%| E|CS|TAMS 0x0000000088900000, 0x0000000088900000| Complete 
| 138|0x0000000088a00000, 0x0000000088b00000, 0x0000000088b00000|100%| E|CS|TAMS 0x0000000088a00000, 0x0000000088a00000| Complete 
| 139|0x0000000088b00000, 0x0000000088c00000, 0x0000000088c00000|100%| E|CS|TAMS 0x0000000088b00000, 0x0000000088b00000| Complete 
| 140|0x0000000088c00000, 0x0000000088d00000, 0x0000000088d00000|100%| E|CS|TAMS 0x0000000088c00000, 0x0000000088c00000| Complete 
| 141|0x0000000088d00000, 0x0000000088e00000, 0x0000000088e00000|100%| E|CS|TAMS 0x0000000088d00000, 0x0000000088d00000| Complete 
| 142|0x0000000088e00000, 0x0000000088f00000, 0x0000000088f00000|100%| E|CS|TAMS 0x0000000088e00000, 0x0000000088e00000| Complete 
| 143|0x0000000088f00000, 0x0000000089000000, 0x0000000089000000|100%| E|CS|TAMS 0x0000000088f00000, 0x0000000088f00000| Complete 
| 144|0x0000000089000000, 0x0000000089100000, 0x0000000089100000|100%| E|CS|TAMS 0x0000000089000000, 0x0000000089000000| Complete 
| 145|0x0000000089100000, 0x0000000089200000, 0x0000000089200000|100%| E|CS|TAMS 0x0000000089100000, 0x0000000089100000| Complete 
| 146|0x0000000089200000, 0x0000000089300000, 0x0000000089300000|100%| E|CS|TAMS 0x0000000089200000, 0x0000000089200000| Complete 
| 147|0x0000000089300000, 0x0000000089400000, 0x0000000089400000|100%| E|CS|TAMS 0x0000000089300000, 0x0000000089300000| Complete 
| 148|0x0000000089400000, 0x0000000089500000, 0x0000000089500000|100%| E|CS|TAMS 0x0000000089400000, 0x0000000089400000| Complete 
| 149|0x0000000089500000, 0x0000000089600000, 0x0000000089600000|100%| E|CS|TAMS 0x0000000089500000, 0x0000000089500000| Complete 
| 150|0x0000000089600000, 0x0000000089700000, 0x0000000089700000|100%| E|CS|TAMS 0x0000000089600000, 0x0000000089600000| Complete 
| 151|0x0000000089700000, 0x0000000089800000, 0x0000000089800000|100%| E|CS|TAMS 0x0000000089700000, 0x0000000089700000| Complete 
| 152|0x0000000089800000, 0x0000000089900000, 0x0000000089900000|100%| E|CS|TAMS 0x0000000089800000, 0x0000000089800000| Complete 
| 153|0x0000000089900000, 0x0000000089a00000, 0x0000000089a00000|100%| E|CS|TAMS 0x0000000089900000, 0x0000000089900000| Complete 

Card table byte_map: [0x00000263b7300000,0x00000263b7700000] _byte_map_base: 0x00000263b6f00000

Marking Bits (Prev, Next): (CMBitMap*) 0x00000263a25fdb60, (CMBitMap*) 0x00000263a25fdb28
 Prev Bits: [0x00000263b9b00000, 0x00000263bbb00000)
 Next Bits: [0x00000263b7b00000, 0x00000263b9b00000)

Polling page: 0x00000263a2380000

Metaspace:

Usage:
  Non-class:     24.71 MB capacity,    24.35 MB ( 99%) used,   311.81 KB (  1%) free+waste,    57.50 KB ( <1%) overhead. 
      Class:      3.96 MB capacity,     3.75 MB ( 95%) used,   193.69 KB (  5%) free+waste,    28.94 KB ( <1%) overhead. 
       Both:     28.68 MB capacity,    28.10 MB ( 98%) used,   505.50 KB (  2%) free+waste,    86.44 KB ( <1%) overhead. 

Virtual space:
  Non-class space:       26.00 MB reserved,      24.75 MB ( 95%) committed 
      Class space:        1.00 GB reserved,       4.00 MB ( <1%) committed 
             Both:        1.03 GB reserved,      28.75 MB (  3%) committed 

Chunk freelists:
   Non-Class:  40.00 KB
       Class:  4.00 KB
        Both:  44.00 KB

MaxMetaspaceSize: 17179869184.00 GB
CompressedClassSpaceSize: 1.00 GB

CodeHeap 'non-profiled nmethods': size=120064Kb used=1115Kb max_used=1115Kb free=118948Kb
 bounds [0x00000263af390000, 0x00000263af600000, 0x00000263b68d0000]
CodeHeap 'profiled nmethods': size=120000Kb used=5288Kb max_used=5288Kb free=114711Kb
 bounds [0x00000263a7e60000, 0x00000263a8390000, 0x00000263af390000]
CodeHeap 'non-nmethods': size=5696Kb used=1161Kb max_used=1193Kb free=4534Kb
 bounds [0x00000263a78d0000, 0x00000263a7b40000, 0x00000263a7e60000]
 total_blobs=2946 nmethods=2443 adapters=414
 compilation: enabled
              stopped_count=0, restarted_count=0
 full_count=0

Compilation events (20 events):
Event: 4.410 Thread 0x00000263be128000 2362       3       org.gradle.internal.reflect.MethodSet::getValues (13 bytes)
Event: 4.410 Thread 0x00000263be128000 nmethod 2362 0x00000263a834f410 code [0x00000263a834f600, 0x00000263a834fa78]
Event: 4.410 Thread 0x00000263be128000 2363       3       java.util.Collections::unmodifiableCollection (9 bytes)
Event: 4.411 Thread 0x00000263be128000 nmethod 2363 0x00000263a834fc10 code [0x00000263a834fde0, 0x00000263a8350128]
Event: 4.411 Thread 0x00000263be128000 2364       3       com.google.common.reflect.TypeResolver$TypeVariableKey::<init> (16 bytes)
Event: 4.411 Thread 0x00000263be128000 nmethod 2364 0x00000263a8350290 code [0x00000263a8350480, 0x00000263a8350888]
Event: 4.411 Thread 0x00000263be128000 2365       3       com.google.common.reflect.TypeResolver$TypeVariableKey::equals (23 bytes)
Event: 4.411 Thread 0x00000263be128000 nmethod 2365 0x00000263a8350a10 code [0x00000263a8350be0, 0x00000263a8350f48]
Event: 4.411 Thread 0x00000263be128000 2366       1       sun.reflect.generics.reflectiveObjects.ParameterizedTypeImpl::getOwnerType (5 bytes)
Event: 4.411 Thread 0x00000263be128000 nmethod 2366 0x00000263af4a5390 code [0x00000263af4a5540, 0x00000263af4a55f8]
Event: 4.412 Thread 0x00000263be128000 2367       3       com.google.common.reflect.TypeResolver$TypeVariableKey::forLookup (21 bytes)
Event: 4.412 Thread 0x00000263be128000 nmethod 2367 0x00000263a8351010 code [0x00000263a8351220, 0x00000263a8351928]
Event: 4.412 Thread 0x00000263be128000 2368       3       com.google.common.reflect.TypeResolver$TypeVariableKey::equalsType (18 bytes)
Event: 4.412 Thread 0x00000263be128000 nmethod 2368 0x00000263a8351b10 code [0x00000263a8351ce0, 0x00000263a8352068]
Event: 4.412 Thread 0x00000263be128000 2369       3       sun.reflect.generics.reflectiveObjects.ParameterizedTypeImpl::getRawType (5 bytes)
Event: 4.412 Thread 0x00000263be128000 nmethod 2369 0x00000263a8352110 code [0x00000263a83522c0, 0x00000263a83523d8]
Event: 4.412 Thread 0x00000263be128000 2370       3       java.util.TreeMap$PrivateEntryIterator::hasNext (13 bytes)
Event: 4.413 Thread 0x00000263be128000 nmethod 2370 0x00000263a8352490 code [0x00000263a8352640, 0x00000263a8352798]
Event: 4.413 Thread 0x00000263be128000 2371       3       sun.reflect.generics.reflectiveObjects.ParameterizedTypeImpl::getActualTypeArguments (11 bytes)
Event: 4.414 Thread 0x00000263be128000 nmethod 2371 0x00000263a8352810 code [0x00000263a83529e0, 0x00000263a8352ca8]

GC Heap History (12 events):
Event: 0.699 GC heap before
{Heap before GC invocations=0 (full 0):
 garbage-first heap   total 131072K, used 19456K [0x0000000080000000, 0x0000000100000000)
  region size 1024K, 14 young (14336K), 0 survivors (0K)
 Metaspace       used 6730K, capacity 6925K, committed 7168K, reserved 1056768K
  class space    used 582K, capacity 650K, committed 768K, reserved 1048576K
}
Event: 0.703 GC heap after
{Heap after GC invocations=1 (full 0):
 garbage-first heap   total 131072K, used 7859K [0x0000000080000000, 0x0000000100000000)
  region size 1024K, 2 young (2048K), 2 survivors (2048K)
 Metaspace       used 6730K, capacity 6925K, committed 7168K, reserved 1056768K
  class space    used 582K, capacity 650K, committed 768K, reserved 1048576K
}
Event: 0.994 GC heap before
{Heap before GC invocations=1 (full 0):
 garbage-first heap   total 131072K, used 18099K [0x0000000080000000, 0x0000000100000000)
  region size 1024K, 12 young (12288K), 2 survivors (2048K)
 Metaspace       used 9875K, capacity 10118K, committed 10368K, reserved 1058816K
  class space    used 1028K, capacity 1102K, committed 1152K, reserved 1048576K
}
Event: 1.000 GC heap after
{Heap after GC invocations=2 (full 0):
 garbage-first heap   total 131072K, used 9186K [0x0000000080000000, 0x0000000100000000)
  region size 1024K, 2 young (2048K), 2 survivors (2048K)
 Metaspace       used 9875K, capacity 10118K, committed 10368K, reserved 1058816K
  class space    used 1028K, capacity 1102K, committed 1152K, reserved 1048576K
}
Event: 1.749 GC heap before
{Heap before GC invocations=2 (full 0):
 garbage-first heap   total 131072K, used 37858K [0x0000000080000000, 0x0000000100000000)
  region size 1024K, 29 young (29696K), 2 survivors (2048K)
 Metaspace       used 10842K, capacity 11073K, committed 11264K, reserved 1058816K
  class space    used 1131K, capacity 1207K, committed 1280K, reserved 1048576K
}
Event: 1.752 GC heap after
{Heap after GC invocations=3 (full 0):
 garbage-first heap   total 131072K, used 11707K [0x0000000080000000, 0x0000000100000000)
  region size 1024K, 3 young (3072K), 3 survivors (3072K)
 Metaspace       used 10842K, capacity 11073K, committed 11264K, reserved 1058816K
  class space    used 1131K, capacity 1207K, committed 1280K, reserved 1048576K
}
Event: 3.469 GC heap before
{Heap before GC invocations=3 (full 0):
 garbage-first heap   total 131072K, used 80315K [0x0000000080000000, 0x0000000100000000)
  region size 1024K, 71 young (72704K), 3 survivors (3072K)
 Metaspace       used 20630K, capacity 21070K, committed 21248K, reserved 1067008K
  class space    used 2530K, capacity 2690K, committed 2816K, reserved 1048576K
}
Event: 3.480 GC heap after
{Heap after GC invocations=4 (full 0):
 garbage-first heap   total 131072K, used 16635K [0x0000000080000000, 0x0000000100000000)
  region size 1024K, 9 young (9216K), 9 survivors (9216K)
 Metaspace       used 20630K, capacity 21070K, committed 21248K, reserved 1067008K
  class space    used 2530K, capacity 2690K, committed 2816K, reserved 1048576K
}
Event: 3.487 GC heap before
{Heap before GC invocations=4 (full 0):
 garbage-first heap   total 131072K, used 17659K [0x0000000080000000, 0x0000000100000000)
  region size 1024K, 11 young (11264K), 9 survivors (9216K)
 Metaspace       used 20692K, capacity 21079K, committed 21248K, reserved 1067008K
  class space    used 2540K, capacity 2693K, committed 2816K, reserved 1048576K
}
Event: 3.495 GC heap after
{Heap after GC invocations=5 (full 0):
 garbage-first heap   total 131072K, used 17730K [0x0000000080000000, 0x0000000100000000)
  region size 1024K, 1 young (1024K), 1 survivors (1024K)
 Metaspace       used 20692K, capacity 21079K, committed 21248K, reserved 1067008K
  class space    used 2540K, capacity 2693K, committed 2816K, reserved 1048576K
}
Event: 4.217 GC heap before
{Heap before GC invocations=6 (full 0):
 garbage-first heap   total 131072K, used 77122K [0x0000000080000000, 0x0000000100000000)
  region size 1024K, 60 young (61440K), 1 survivors (1024K)
 Metaspace       used 26552K, capacity 27119K, committed 27264K, reserved 1073152K
  class space    used 3490K, capacity 3693K, committed 3712K, reserved 1048576K
}
Event: 4.223 GC heap after
{Heap after GC invocations=7 (full 0):
 garbage-first heap   total 157696K, used 19168K [0x0000000080000000, 0x0000000100000000)
  region size 1024K, 3 young (3072K), 3 survivors (3072K)
 Metaspace       used 26552K, capacity 27119K, committed 27264K, reserved 1073152K
  class space    used 3490K, capacity 3693K, committed 3712K, reserved 1048576K
}

Deoptimization events (20 events):
Event: 4.071 Thread 0x00000263c05fd800 Uncommon trap: trap_request=0xffffff7e fr.pc=0x00000263af491b9c relative=0x000000000000015c
Event: 4.071 Thread 0x00000263c05fd800 Uncommon trap: reason=predicate action=maybe_recompile pc=0x00000263af491b9c method=com.google.common.base.CharMatcher.indexIn(Ljava/lang/CharSequence;I)I @ 19 c2
Event: 4.071 Thread 0x00000263c05fd800 DEOPT PACKING pc=0x00000263af491b9c sp=0x000000c1fe9fb7a0
Event: 4.071 Thread 0x00000263c05fd800 DEOPT UNPACKING pc=0x00000263a78f65af sp=0x000000c1fe9fb730 mode 2
Event: 4.097 Thread 0x00000263c05fd800 Uncommon trap: trap_request=0xffffff4d fr.pc=0x00000263af452614 relative=0x00000000000012d4
Event: 4.097 Thread 0x00000263c05fd800 Uncommon trap: reason=unstable_if action=reinterpret pc=0x00000263af452614 method=java.util.concurrent.ConcurrentHashMap.putVal(Ljava/lang/Object;Ljava/lang/Object;Z)Ljava/lang/Object; @ 231 c2
Event: 4.097 Thread 0x00000263c05fd800 DEOPT PACKING pc=0x00000263af452614 sp=0x000000c1fe9fc870
Event: 4.097 Thread 0x00000263c05fd800 DEOPT UNPACKING pc=0x00000263a78f65af sp=0x000000c1fe9fc7f0 mode 2
Event: 4.119 Thread 0x00000263c05fd800 Uncommon trap: trap_request=0xffffffde fr.pc=0x00000263af485724 relative=0x00000000000002e4
Event: 4.119 Thread 0x00000263c05fd800 Uncommon trap: reason=class_check action=maybe_recompile pc=0x00000263af485724 method=java.util.Collections$SetFromMap.remove(Ljava/lang/Object;)Z @ 5 c2
Event: 4.119 Thread 0x00000263c05fd800 DEOPT PACKING pc=0x00000263af485724 sp=0x000000c1fe9fc850
Event: 4.119 Thread 0x00000263c05fd800 DEOPT UNPACKING pc=0x00000263a78f65af sp=0x000000c1fe9fc848 mode 2
Event: 4.119 Thread 0x00000263c05fd800 Uncommon trap: trap_request=0xffffffde fr.pc=0x00000263af485724 relative=0x00000000000002e4
Event: 4.119 Thread 0x00000263c05fd800 Uncommon trap: reason=class_check action=maybe_recompile pc=0x00000263af485724 method=java.util.Collections$SetFromMap.remove(Ljava/lang/Object;)Z @ 5 c2
Event: 4.119 Thread 0x00000263c05fd800 DEOPT PACKING pc=0x00000263af485724 sp=0x000000c1fe9fc7e0
Event: 4.119 Thread 0x00000263c05fd800 DEOPT UNPACKING pc=0x00000263a78f65af sp=0x000000c1fe9fc7d8 mode 2
Event: 4.335 Thread 0x00000263c05fd800 Uncommon trap: trap_request=0xffffff4d fr.pc=0x00000263af45874c relative=0x000000000000020c
Event: 4.335 Thread 0x00000263c05fd800 Uncommon trap: reason=unstable_if action=reinterpret pc=0x00000263af45874c method=java.util.HashMap.hash(Ljava/lang/Object;)I @ 1 c2
Event: 4.335 Thread 0x00000263c05fd800 DEOPT PACKING pc=0x00000263af45874c sp=0x000000c1fe9f91c0
Event: 4.335 Thread 0x00000263c05fd800 DEOPT UNPACKING pc=0x00000263a78f65af sp=0x000000c1fe9f90f8 mode 2

Classes redefined (0 events):
No events

Internal exceptions (20 events):
Event: 3.517 Thread 0x00000263c05fd800 Exception <a 'java/lang/NoSuchMethodError'{0x0000000087e2ca78}: 'java.lang.Object java.lang.invoke.DirectMethodHandle$Holder.invokeInterface(java.lang.Object, java.lang.Object, java.lang.Object)'> (0x0000000087e2ca78) thrown at [./src/hotspot/share/interpreter/linkResolver.cpp, line 773]
Event: 3.517 Thread 0x00000263c05fd800 Exception <a 'java/lang/IncompatibleClassChangeError'{0x0000000087e2ff50}: Found class java.lang.Object, but interface was expected> (0x0000000087e2ff50) thrown at [./src/hotspot/share/interpreter/linkResolver.cpp, line 839]
Event: 3.543 Thread 0x00000263c05fd800 Exception <a 'java/lang/NoSuchMethodError'{0x0000000087b312f0}: 'void java.lang.invoke.DirectMethodHandle$Holder.invokeStatic(java.lang.Object, java.lang.Object, java.lang.Object, java.lang.Object, java.lang.Object)'> (0x0000000087b312f0) thrown at [./src/hotspot/share/interpreter/linkResolver.cpp, line 773]
Event: 3.622 Thread 0x00000263c05fd800 Exception <a 'java/lang/NoSuchMethodError'{0x0000000087435bb8}: 'java.lang.Object java.lang.invoke.DirectMethodHandle$Holder.invokeSpecial(java.lang.Object, java.lang.Object, java.lang.Object, java.lang.Object, java.lang.Object, java.lang.Object, java.lang.Object, java.lang.Object, java.lang.Object)'> (0x0000000087435bb8) thrown at [./src/hotspot/share/interpreter/linkResolver.cpp, line 773]
Event: 3.706 Thread 0x00000263c05fd800 Exception <a 'java/lang/NoSuchMethodError'{0x0000000086a484d8}: 'java.lang.Object java.lang.invoke.DirectMethodHandle$Holder.invokeVirtual(java.lang.Object, java.lang.Object, java.lang.Object, java.lang.Object)'> (0x0000000086a484d8) thrown at [./src/hotspot/share/interpreter/linkResolver.cpp, line 773]
Event: 3.798 Thread 0x00000263c05fd800 Exception <a 'java/lang/NoSuchMethodError'{0x00000000864ed4e0}: 'void java.lang.invoke.DirectMethodHandle$Holder.invokeSpecial(java.lang.Object, java.lang.Object, java.lang.Object, java.lang.Object, java.lang.Object, java.lang.Object)'> (0x00000000864ed4e0) thrown at [./src/hotspot/share/interpreter/linkResolver.cpp, line 773]
Event: 3.810 Thread 0x00000263c05fd800 Exception <a 'java/lang/NoSuchMethodError'{0x000000008635dac8}: 'void java.lang.invoke.DirectMethodHandle$Holder.invokeSpecial(java.lang.Object, java.lang.Object, java.lang.Object, java.lang.Object, java.lang.Object, java.lang.Object, java.lang.Object)'> (0x000000008635dac8) thrown at [./src/hotspot/share/interpreter/linkResolver.cpp, line 773]
Event: 3.810 Thread 0x00000263c05fd800 Exception <a 'java/lang/NoSuchMethodError'{0x0000000086365fb8}: 'java.lang.Object java.lang.invoke.Invokers$Holder.linkToTargetMethod(java.lang.Object, java.lang.Object, java.lang.Object, java.lang.Object, java.lang.Object, java.lang.Object)'> (0x0000000086365fb8) thrown at [./src/hotspot/share/interpreter/linkResolver.cpp, line 773]
Event: 3.908 Thread 0x00000263c05fd800 Exception <a 'java/lang/NoSuchMethodError'{0x0000000085a9dc10}: 'int java.lang.invoke.DirectMethodHandle$Holder.invokeStaticInit(java.lang.Object, java.lang.Object, java.lang.Object)'> (0x0000000085a9dc10) thrown at [./src/hotspot/share/interpreter/linkResolver.cpp, line 773]
Event: 3.993 Thread 0x00000263c05fd800 Exception <a 'java/lang/NoSuchMethodError'{0x00000000855d0ea8}: 'void java.lang.invoke.DirectMethodHandle$Holder.invokeStaticInit(java.lang.Object, java.lang.Object)'> (0x00000000855d0ea8) thrown at [./src/hotspot/share/interpreter/linkResolver.cpp, line 773]
Event: 4.112 Thread 0x00000263c05fd800 Exception <a 'java/lang/NoSuchMethodError'{0x0000000084f425c0}: 'void java.lang.invoke.DirectMethodHandle$Holder.invokeStatic(java.lang.Object, java.lang.Object, java.lang.Object, java.lang.Object)'> (0x0000000084f425c0) thrown at [./src/hotspot/share/interpreter/linkResolver.cpp, line 773]
Event: 4.114 Thread 0x00000263c05fd800 Exception <a 'java/lang/NoSuchMethodError'{0x0000000084f56030}: 'int java.lang.invoke.DirectMethodHandle$Holder.invokeInterface(java.lang.Object, java.lang.Object)'> (0x0000000084f56030) thrown at [./src/hotspot/share/interpreter/linkResolver.cpp, line 773]
Event: 4.208 Thread 0x00000263c05fd800 Exception <a 'java/lang/NoSuchMethodError'{0x00000000845dba28}: 'java.lang.Object java.lang.invoke.DirectMethodHandle$Holder.invokeSpecialIFC(java.lang.Object, java.lang.Object, java.lang.Object, java.lang.Object)'> (0x00000000845dba28) thrown at [./src/hotspot/share/interpreter/linkResolver.cpp, line 773]
Event: 4.215 Thread 0x00000263c05fd800 Exception <a 'java/lang/NoSuchMethodError'{0x00000000844c87e0}: 'java.lang.Object java.lang.invoke.DirectMethodHandle$Holder.invokeSpecial(java.lang.Object, java.lang.Object, java.lang.Object, java.lang.Object, java.lang.Object, java.lang.Object, java.lang.Object, java.lang.Object, java.lang.Object, java.lang.Object, java.lang.Object, java.lang.Object, java.lang.Object)'> (0x00000000844c87e0) thrown at [./src/hotspot/share/interpreter/linkResolver.cpp, line 773]
Event: 4.216 Thread 0x00000263c05fd800 Exception <a 'java/lang/NoSuchMethodError'{0x00000000844d9640}: 'java.lang.Object java.lang.invoke.DirectMethodHandle$Holder.invokeSpecial(java.lang.Object, java.lang.Object, java.lang.Object, java.lang.Object, java.lang.Object, java.lang.Object, java.lang.Object, java.lang.Object, java.lang.Object, java.lang.Object, java.lang.Object, java.lang.Object)'> (0x00000000844d9640) thrown at [./src/hotspot/share/interpreter/linkResolver.cpp, line 773]
Event: 4.216 Thread 0x00000263c05fd800 Exception <a 'java/lang/NoSuchMethodError'{0x00000000844de768}: 'java.lang.Object java.lang.invoke.Invokers$Holder.linkToTargetMethod(java.lang.Object, java.lang.Object, java.lang.Object, java.lang.Object, java.lang.Object, java.lang.Object, java.lang.Object, java.lang.Object, java.lang.Object, java.lang.Object, java.lang.Object)'> (0x00000000844de768) thrown at [./src/hotspot/share/interpreter/linkResolver.cpp, line 773]
Event: 4.232 Thread 0x00000263c05fd800 Exception <a 'java/lang/NoSuchMethodError'{0x000000008985bea0}: 'java.lang.Object java.lang.invoke.DirectMethodHandle$Holder.invokeSpecial(java.lang.Object, java.lang.Object, java.lang.Object, java.lang.Object, java.lang.Object, java.lang.Object, java.lang.Object, java.lang.Object, java.lang.Object, java.lang.Object, java.lang.Object, java.lang.Object, java.lang.Object, java.lang.Object)'> (0x000000008985bea0) thrown at [./src/hotspot/share/interpreter/linkResolver.cpp, line 773]
Event: 4.233 Thread 0x00000263c05fd800 Exception <a 'java/lang/NoSuchMethodError'{0x000000008986d5e0}: 'java.lang.Object java.lang.invoke.Invokers$Holder.linkToTargetMethod(java.lang.Object, java.lang.Object, java.lang.Object, java.lang.Object, java.lang.Object, java.lang.Object, java.lang.Object, java.lang.Object, java.lang.Object, java.lang.Object, java.lang.Object, java.lang.Object)'> (0x000000008986d5e0) thrown at [./src/hotspot/share/interpreter/linkResolver.cpp, line 773]
Event: 4.238 Thread 0x00000263c05fd800 Exception <a 'java/lang/NoSuchMethodError'{0x0000000089702d08}: 'java.lang.Object java.lang.invoke.DirectMethodHandle$Holder.invokeStaticInit(java.lang.Object, java.lang.Object, java.lang.Object, java.lang.Object)'> (0x0000000089702d08) thrown at [./src/hotspot/share/interpreter/linkResolver.cpp, line 773]
Event: 4.335 Thread 0x00000263c05fd800 Implicit null exception at 0x00000263af458575 to 0x00000263af45873c

Events (20 events):
Event: 4.402 loading class groovy/lang/Writable
Event: 4.402 loading class groovy/lang/Writable done
Event: 4.402 loading class groovy/lang/Buildable
Event: 4.402 loading class groovy/lang/Buildable done
Event: 4.403 loading class org/gradle/internal/instantiation/generator/Jsr330ConstructorSelector$CachedConstructor
Event: 4.403 loading class org/gradle/internal/instantiation/generator/Jsr330ConstructorSelector$CachedConstructor done
Event: 4.403 loading class org/gradle/internal/instantiation/generator/Jsr330ConstructorSelector$CachedConstructor
Event: 4.403 loading class org/gradle/internal/instantiation/generator/Jsr330ConstructorSelector$CachedConstructor done
Event: 4.403 loading class org/gradle/internal/instantiation/generator/Jsr330ConstructorSelector$CachedConstructor
Event: 4.403 loading class org/gradle/internal/instantiation/generator/Jsr330ConstructorSelector$CachedConstructor done
Event: 4.403 loading class org/gradle/internal/instantiation/generator/Jsr330ConstructorSelector
Event: 4.403 loading class org/gradle/internal/instantiation/generator/Jsr330ConstructorSelector done
Event: 4.404 loading class org/gradle/api/reflect/TypeOf
Event: 4.404 loading class org/gradle/api/reflect/TypeOf done
Event: 4.405 loading class org/gradle/api/internal/AbstractNamedDomainObjectContainer$1
Event: 4.405 loading class org/gradle/api/internal/AbstractNamedDomainObjectContainer$1 done
Event: 4.405 loading class org/gradle/internal/metaobject/ConfigureDelegate
Event: 4.405 loading class org/gradle/internal/metaobject/ConfigureDelegate done
Event: 4.406 loading class org/gradle/api/internal/NamedDomainObjectContainerConfigureDelegate
Event: 4.406 loading class org/gradle/api/internal/NamedDomainObjectContainerConfigureDelegate done


Dynamic libraries:
0x00007ff7cde50000 - 0x00007ff7cde5a000 	C:\Program Files\Android\Android Studio\jre\bin\java.exe
0x00007ff926690000 - 0x00007ff926871000 	C:\Windows\SYSTEM32\ntdll.dll
0x00007ff9258e0000 - 0x00007ff925991000 	C:\Windows\System32\KERNEL32.DLL
0x00007ff922ad0000 - 0x00007ff922d43000 	C:\Windows\System32\KERNELBASE.dll
0x00007ff9236b0000 - 0x00007ff9237a8000 	C:\Windows\System32\ucrtbase.dll
0x00007ff91e920000 - 0x00007ff91e939000 	C:\Program Files\Android\Android Studio\jre\bin\jli.dll
0x00007ff9264d0000 - 0x00007ff926660000 	C:\Windows\System32\USER32.dll
0x00007ff9237b0000 - 0x00007ff9237d0000 	C:\Windows\System32\win32u.dll
0x00007ff923b10000 - 0x00007ff923b38000 	C:\Windows\System32\GDI32.dll
0x00007ff9234c0000 - 0x00007ff923651000 	C:\Windows\System32\gdi32full.dll
0x00007ff923a70000 - 0x00007ff923b0f000 	C:\Windows\System32\msvcp_win.dll
0x00007ff91e900000 - 0x00007ff91e917000 	C:\Program Files\Android\Android Studio\jre\bin\VCRUNTIME140.dll
0x00007ff90e300000 - 0x00007ff90e569000 	C:\Windows\WinSxS\amd64_microsoft.windows.common-controls_6595b64144ccf1df_6.0.17134.1246_none_d3ffb9d77c90723d\COMCTL32.dll
0x00007ff923b40000 - 0x00007ff923bde000 	C:\Windows\System32\msvcrt.dll
0x00007ff925df0000 - 0x00007ff926111000 	C:\Windows\System32\combase.dll
0x00007ff925530000 - 0x00007ff925654000 	C:\Windows\System32\RPCRT4.dll
0x00007ff922a50000 - 0x00007ff922ac9000 	C:\Windows\System32\bcryptPrimitives.dll
0x00007ff926430000 - 0x00007ff92645d000 	C:\Windows\System32\IMM32.DLL
0x00007ff908b30000 - 0x00007ff908bcd000 	C:\Program Files\Android\Android Studio\jre\bin\msvcp140.dll
0x00007ff8f5c90000 - 0x00007ff8f6765000 	C:\Program Files\Android\Android Studio\jre\bin\server\jvm.dll
0x00007ff926120000 - 0x00007ff9261c1000 	C:\Windows\System32\ADVAPI32.dll
0x00007ff923de0000 - 0x00007ff923e3b000 	C:\Windows\System32\sechost.dll
0x00007ff9264c0000 - 0x00007ff9264c8000 	C:\Windows\System32\PSAPI.DLL
0x00007ff915fa0000 - 0x00007ff915fa9000 	C:\Windows\SYSTEM32\WSOCK32.dll
0x00007ff9263b0000 - 0x00007ff92641c000 	C:\Windows\System32\WS2_32.dll
0x00007ff919280000 - 0x00007ff91928a000 	C:\Windows\SYSTEM32\VERSION.dll
0x00007ff91ffa0000 - 0x00007ff91ffc3000 	C:\Windows\SYSTEM32\WINMM.dll
0x00007ff91ff40000 - 0x00007ff91ff6a000 	C:\Windows\SYSTEM32\WINMMBASE.dll
0x00007ff923660000 - 0x00007ff9236a9000 	C:\Windows\System32\cfgmgr32.dll
0x00007ff922990000 - 0x00007ff9229a1000 	C:\Windows\System32\kernel.appcore.dll
0x00007ff915f70000 - 0x00007ff915f81000 	C:\Program Files\Android\Android Studio\jre\bin\verify.dll
0x00007ff922480000 - 0x00007ff922649000 	C:\Windows\SYSTEM32\DBGHELP.DLL
0x00007ff9223b0000 - 0x00007ff9223d9000 	C:\Windows\SYSTEM32\dbgcore.DLL
0x00007ff915f40000 - 0x00007ff915f69000 	C:\Program Files\Android\Android Studio\jre\bin\java.dll
0x00007ff915f30000 - 0x00007ff915f3b000 	C:\Program Files\Android\Android Studio\jre\bin\jimage.dll
0x00007ff9159d0000 - 0x00007ff9159e8000 	C:\Program Files\Android\Android Studio\jre\bin\zip.dll
0x00007ff923fc0000 - 0x00007ff925405000 	C:\Windows\System32\SHELL32.dll
0x00007ff926230000 - 0x00007ff9262d9000 	C:\Windows\System32\shcore.dll
0x00007ff922d50000 - 0x00007ff923460000 	C:\Windows\System32\windows.storage.dll
0x00007ff923be0000 - 0x00007ff923c31000 	C:\Windows\System32\shlwapi.dll
0x00007ff922a00000 - 0x00007ff922a1f000 	C:\Windows\System32\profapi.dll
0x00007ff9229b0000 - 0x00007ff9229fc000 	C:\Windows\System32\powrprof.dll
0x00007ff922a40000 - 0x00007ff922a4a000 	C:\Windows\System32\FLTLIB.DLL
0x00007ff90b8e0000 - 0x00007ff90b8fa000 	C:\Program Files\Android\Android Studio\jre\bin\net.dll
0x00007ff91c6a0000 - 0x00007ff91c77d000 	C:\Windows\SYSTEM32\WINHTTP.dll
0x00007ff921e50000 - 0x00007ff921eb6000 	C:\Windows\system32\mswsock.dll
0x00007ff9096a0000 - 0x00007ff9096b4000 	C:\Program Files\Android\Android Studio\jre\bin\nio.dll
0x00007ff91bf80000 - 0x00007ff91bfa7000 	C:\Users\user\.gradle\native\e1d6ef7f7dcc3fd88c89a11ec53ec762bb8ba0a96d01ffa2cd45eb1d1d8dd5c5\windows-amd64\native-platform.dll
0x00007ff9089e0000 - 0x00007ff908b24000 	C:\Users\user\.gradle\native\5664cfc778a61ccfe75a443a1ab52a65af34e5dc3c78e0209fed803814484fcb\windows-amd64\native-platform-file-events.dll
0x00007ff915f20000 - 0x00007ff915f2a000 	C:\Program Files\Android\Android Studio\jre\bin\management.dll
0x00007ff909690000 - 0x00007ff90969d000 	C:\Program Files\Android\Android Studio\jre\bin\management_ext.dll
0x00007ff922650000 - 0x00007ff922667000 	C:\Windows\SYSTEM32\CRYPTSP.dll
0x00007ff921a00000 - 0x00007ff921a33000 	C:\Windows\system32\rsaenh.dll
0x00007ff9223e0000 - 0x00007ff922405000 	C:\Windows\SYSTEM32\bcrypt.dll
0x00007ff922890000 - 0x00007ff9228b8000 	C:\Windows\SYSTEM32\USERENV.dll
0x00007ff922000000 - 0x00007ff92200b000 	C:\Windows\SYSTEM32\CRYPTBASE.dll
0x00007ff921ba0000 - 0x00007ff921bd8000 	C:\Windows\SYSTEM32\IPHLPAPI.DLL
0x00007ff925520000 - 0x00007ff925528000 	C:\Windows\System32\NSI.dll
0x00007ff9175e0000 - 0x00007ff9175f6000 	C:\Windows\SYSTEM32\dhcpcsvc6.DLL
0x00007ff918ed0000 - 0x00007ff918eea000 	C:\Windows\SYSTEM32\dhcpcsvc.DLL

dbghelp: loaded successfully - version: 4.0.5 - missing functions: none
symbol engine: initialized successfully - sym options: 0x614 - pdb path: .;C:\Program Files\Android\Android Studio\jre\bin;C:\Windows\SYSTEM32;C:\Windows\WinSxS\amd64_microsoft.windows.common-controls_6595b64144ccf1df_6.0.17134.1246_none_d3ffb9d77c90723d;C:\Program Files\Android\Android Studio\jre\bin\server;C:\Users\user\.gradle\native\e1d6ef7f7dcc3fd88c89a11ec53ec762bb8ba0a96d01ffa2cd45eb1d1d8dd5c5\windows-amd64;C:\Users\user\.gradle\native\5664cfc778a61ccfe75a443a1ab52a65af34e5dc3c78e0209fed803814484fcb\windows-amd64

VM Arguments:
jvm_args: --add-opens=java.base/java.util=ALL-UNNAMED --add-opens=java.base/java.lang=ALL-UNNAMED --add-opens=java.base/java.lang.invoke=ALL-UNNAMED --add-opens=java.base/java.util=ALL-UNNAMED --add-opens=java.prefs/java.util.prefs=ALL-UNNAMED --add-opens=java.prefs/java.util.prefs=ALL-UNNAMED --add-opens=java.base/java.nio.charset=ALL-UNNAMED --add-opens=java.base/java.net=ALL-UNNAMED --add-opens=java.base/java.util.concurrent.atomic=ALL-UNNAMED -Xmx2048m -Dfile.encoding=UTF-8 -Duser.country=US -Duser.language=en -Duser.variant 
java_command: org.gradle.launcher.daemon.bootstrap.GradleDaemon 7.2
java_class_path (initial): C:\Users\user\.gradle\wrapper\dists\gradle-7.2-bin\2dnblmf4td7x66yl1d74lt32g\gradle-7.2\lib\gradle-launcher-7.2.jar
Launcher Type: SUN_STANDARD

[Global flags]
     intx CICompilerCount                          = 3                                         {product} {ergonomic}
     uint ConcGCThreads                            = 1                                         {product} {ergonomic}
     uint G1ConcRefinementThreads                  = 4                                         {product} {ergonomic}
   size_t G1HeapRegionSize                         = 1048576                                   {product} {ergonomic}
    uintx GCDrainStackTargetSize                   = 64                                        {product} {ergonomic}
   size_t InitialHeapSize                          = 134217728                                 {product} {ergonomic}
   size_t MarkStackSize                            = 4194304                                   {product} {ergonomic}
   size_t MaxHeapSize                              = 2147483648                                {product} {command line}
   size_t MaxNewSize                               = 1287651328                                {product} {ergonomic}
   size_t MinHeapDeltaBytes                        = 1048576                                   {product} {ergonomic}
    uintx NonNMethodCodeHeapSize                   = 5830732                                {pd product} {ergonomic}
    uintx NonProfiledCodeHeapSize                  = 122913754                              {pd product} {ergonomic}
    uintx ProfiledCodeHeapSize                     = 122913754                              {pd product} {ergonomic}
    uintx ReservedCodeCacheSize                    = 251658240                              {pd product} {ergonomic}
     bool SegmentedCodeCache                       = true                                      {product} {ergonomic}
     bool UseCompressedClassPointers               = true                                 {lp64_product} {ergonomic}
     bool UseCompressedOops                        = true                                 {lp64_product} {ergonomic}
     bool UseG1GC                                  = true                                      {product} {ergonomic}
     bool UseLargePagesIndividualAllocation        = false                                  {pd product} {ergonomic}

Logging:
Log output configuration:
 #0: stdout all=warning uptime,level,tags
 #1: stderr all=off uptime,level,tags

Environment Variables:
PATH=C:\Windows\system32;C:\Windows;C:\Windows\System32\Wbem;C:\Windows\System32\WindowsPowerShell\v1.0\;C:\Windows\System32\OpenSSH\;C:\Program Files (x86)\ATI Technologies\ATI.ACE\Core-Static;C:\Users\user\AppData\Local\Microsoft\WindowsApps;
USERNAME=user
OS=Windows_NT
PROCESSOR_IDENTIFIER=Intel64 Family 6 Model 42 Stepping 7, GenuineIntel



---------------  S Y S T E M  ---------------

OS: Windows 10 , 64 bit Build 17134 (10.0.17134.753)
OS uptime: 0 days 0:27 hours

CPU:total 4 (initial active 4) (4 cores per cpu, 1 threads per core) family 6 model 42 stepping 7 microcode 0x2f, cmov, cx8, fxsr, mmx, sse, sse2, sse3, ssse3, sse4.1, sse4.2, popcnt, avx, aes, clmul, tsc, tscinvbit

Memory: 4k page, system-wide physical 8169M (3267M free)
TotalPageFile size 9449M (AvailPageFile size 4359M)
current process WorkingSet (physical memory assigned to process): 261M, peak: 261M
current process commit charge ("private bytes"): 326M, peak: 326M

vm_info: OpenJDK 64-Bit Server VM (11.0.11+9-b60-7590822) for windows-amd64 JRE (11.0.11+9-b60-7590822), built on Jul 29 2021 21:43:44 by "builder" with MS VC++ 14.0 (VS2015)

END.
