#
# A fatal error has been detected by the Java Runtime Environment:
#
#  EXCEPTION_ACCESS_VIOLATION (0xc0000005) at pc=0x00007ff8f5fe40e7, pid=3500, tid=648
#
# JRE version: OpenJDK Runtime Environment (11.0.11+9) (build 11.0.11+9-b60-7590822)
# Java VM: OpenJDK 64-Bit Server VM (11.0.11+9-b60-7590822, mixed mode, tiered, compressed oops, g1 gc, windows-amd64)
# Problematic frame:
# V  [jvm.dll+0x3540e7]
#
# No core dump will be written. Minidumps are not enabled by default on client versions of Windows
#
# If you would like to submit a bug report, please visit:
#   https://bugreport.java.com/bugreport/crash.jsp
#

---------------  S U M M A R Y ------------

Command Line: --add-opens=java.base/java.util=ALL-UNNAMED --add-opens=java.base/java.lang=ALL-UNNAMED --add-opens=java.base/java.lang.invoke=ALL-UNNAMED --add-opens=java.base/java.util=ALL-UNNAMED --add-opens=java.prefs/java.util.prefs=ALL-UNNAMED --add-opens=java.prefs/java.util.prefs=ALL-UNNAMED --add-opens=java.base/java.nio.charset=ALL-UNNAMED --add-opens=java.base/java.net=ALL-UNNAMED --add-opens=java.base/java.util.concurrent.atomic=ALL-UNNAMED -Xmx2048m -Dfile.encoding=UTF-8 -Duser.country=US -Duser.language=en -Duser.variant org.gradle.launcher.daemon.bootstrap.GradleDaemon 7.2

Host: Intel(R) Core(TM) i5-2500S CPU @ 2.70GHz, 4 cores, 7G,  Windows 10 , 64 bit Build 17134 (10.0.17134.753)
Time: Mon Apr 25 23:26:52 2022 Caucasus Standard Time elapsed time: 1069.514430 seconds (0d 0h 17m 49s)

---------------  T H R E A D  ---------------

Current thread (0x0000016b0684b000):  JavaThread "C2 CompilerThread0" daemon [_thread_in_native, id=648, stack(0x0000006566200000,0x0000006566300000)]


Current CompileTask:
C2:1069514 26406       4       com.android.tools.r8.dex.N::a (20 bytes)

Stack: [0x0000006566200000,0x0000006566300000],  sp=0x00000065662fbc30,  free space=1007k
Native frames: (J=compiled Java code, j=interpreted, Vv=VM code, C=native code)
V  [jvm.dll+0x3540e7]
V  [jvm.dll+0x3531db]
V  [jvm.dll+0x1984b9]
V  [jvm.dll+0x1fc2ee]
V  [jvm.dll+0x1fb3d4]
V  [jvm.dll+0x183d6c]
V  [jvm.dll+0x209a57]
V  [jvm.dll+0x2082a1]
V  [jvm.dll+0x6ef58f]
V  [jvm.dll+0x6e80b5]
V  [jvm.dll+0x5f1036]
C  [ucrtbase.dll+0x1e3fe]
C  [KERNEL32.DLL+0x14034]
C  [ntdll.dll+0x73691]


siginfo: EXCEPTION_ACCESS_VIOLATION (0xc0000005), reading address 0x0000006b154c31f0


Register to memory mapping:

RIP=0x00007ff8f5fe40e7 jvm.dll
RAX=0x0000006b154c31f0 is an unknown value
RBX=0x0000000000000012 is an unknown value
RCX=0x0 is NULL
RDX=0x0000016b12ad5950 points into unknown readable memory: 0x0000000000000000 | 00 00 00 00 00 00 00 00
RSP=0x00000065662fbc30 is pointing into the stack for thread: 0x0000016b0684b000
RBP=0x000000000000009c is an unknown value
RSI=0x0000000000000012 is an unknown value
RDI=0x0000016b154c31e0 points into unknown readable memory: 0x0000000000000000 | 00 00 00 00 00 00 00 00
R8 =0x00000065662fbe60 is pointing into the stack for thread: 0x0000016b0684b000
R9 =0x00000065662fbc50 is pointing into the stack for thread: 0x0000016b0684b000
R10=0x00007ff8f5c90000 jvm.dll
R11=0x00000065662fbc70 is pointing into the stack for thread: 0x0000016b0684b000
R12=0x00007ff8f5c90000 jvm.dll
R13=0x00007ff8f668cf18 jvm.dll
R14=0x0000016b12adaf90 points into unknown readable memory: 0x0000000000000000 | 00 00 00 00 00 00 00 00
R15=0x00000065662fc200 is pointing into the stack for thread: 0x0000016b0684b000


Registers:
RAX=0x0000006b154c31f0, RBX=0x0000000000000012, RCX=0x0000000000000000, RDX=0x0000016b12ad5950
RSP=0x00000065662fbc30, RBP=0x000000000000009c, RSI=0x0000000000000012, RDI=0x0000016b154c31e0
R8 =0x00000065662fbe60, R9 =0x00000065662fbc50, R10=0x00007ff8f5c90000, R11=0x00000065662fbc70
R12=0x00007ff8f5c90000, R13=0x00007ff8f668cf18, R14=0x0000016b12adaf90, R15=0x00000065662fc200
RIP=0x00007ff8f5fe40e7, EFLAGS=0x0000000000010246

Top of Stack: (sp=0x00000065662fbc30)
0x00000065662fbc30:   0000000000000004 000000000000009c
0x00000065662fbc40:   0000016b0dd48268 00007ff8f5fe9054
0x00000065662fbc50:   0000001300001840 00007ff800000001
0x00000065662fbc60:   0000016b1015f1e0 0000016b00000001
0x00000065662fbc70:   0000016b12481130 00007ff800000004
0x00000065662fbc80:   0000016b12481120 00007ff8f5fe9054
0x00000065662fbc90:   0000016b12481120 00007ff8f668cf18
0x00000065662fbca0:   000000000000009c 0000000000000003
0x00000065662fbcb0:   0000000000000004 00007ff8f5fe31db
0x00000065662fbcc0:   0000016b0dd48268 0000000000000000
0x00000065662fbcd0:   00000065662fc200 00007ff8f617cbc2
0x00000065662fbce0:   0000016b0c74b750 00000065662fbed0
0x00000065662fbcf0:   0000000000000000 0000000000000000
0x00000065662fbd00:   0000016b00000004 0000016b06842900
0x00000065662fbd10:   0000000500000000 00007ff8f64c0c98
0x00000065662fbd20:   0000000000000000 0000000000000000 

Instructions: (pc=0x00007ff8f5fe40e7)
0x00007ff8f5fe3fe7:   00 41 23 8e 8c 00 00 00 8b 82 88 00 00 00 41 23
0x00007ff8f5fe3ff7:   86 88 00 00 00 0b c8 8b 82 84 00 00 00 41 23 86
0x00007ff8f5fe4007:   84 00 00 00 0b c8 8b 82 80 00 00 00 41 23 86 80
0x00007ff8f5fe4017:   00 00 00 0b c8 8b 42 7c 41 23 46 7c 0b c8 8b 42
0x00007ff8f5fe4027:   78 41 23 46 78 0b c8 8b 42 74 41 23 46 74 0b c8
0x00007ff8f5fe4037:   8b 42 70 41 23 46 70 0b c8 8b 42 6c 41 23 46 6c
0x00007ff8f5fe4047:   0b c8 8b 42 68 41 23 46 68 0b c8 8b 42 64 41 23
0x00007ff8f5fe4057:   46 64 0b c8 8b 42 60 41 23 46 60 0b c8 8b 42 5c
0x00007ff8f5fe4067:   41 23 46 5c 0b c8 8b 42 58 41 23 46 58 0b c8 8b
0x00007ff8f5fe4077:   42 54 41 23 46 54 0b c8 8b 42 50 41 23 46 50 0b
0x00007ff8f5fe4087:   c8 8b 42 4c 41 23 46 4c 0b c8 8b 42 48 41 23 46
0x00007ff8f5fe4097:   48 0b c8 8b 42 44 41 23 46 44 0b c8 8b 42 40 41
0x00007ff8f5fe40a7:   23 46 40 0b c8 8b 42 3c 41 23 46 3c 0b c8 41 8b
0x00007ff8f5fe40b7:   46 38 23 42 38 0b c8 74 63 48 8b c5 3b eb 73 04
0x00007ff8f5fe40c7:   8b c3 8b dd 48 8d 3c 80 48 c1 e7 05 49 03 78 10
0x00007ff8f5fe40d7:   85 db 74 48 48 8b 47 08 8b cb 48 c1 e9 08 8b f3
0x00007ff8f5fe40e7:   4c 8b 04 c8 4d 3b c5 75 0d 8b d3 48 8b cf e8 46
0x00007ff8f5fe40f7:   4f 00 00 4c 8b c0 48 c1 ee 05 83 e3 1f 83 e6 07
0x00007ff8f5fe4107:   0f b6 cb ba 01 00 00 00 d3 e2 41 8b 0c b0 8b c1
0x00007ff8f5fe4117:   0b c2 41 89 04 b0 85 ca 75 02 ff 07 8b 44 24 20
0x00007ff8f5fe4127:   85 c0 74 3e 44 8b 44 24 24 a8 1f 75 0b c1 e8 05
0x00007ff8f5fe4137:   41 83 c0 05 a8 1f 74 f5 8b d0 83 e2 1f 42 0f b6
0x00007ff8f5fe4147:   8c 22 80 0e 83 00 42 0f b6 9c 22 60 0e 83 00 d3
0x00007ff8f5fe4157:   e8 89 44 24 20 41 03 d8 42 8d 04 01 89 44 24 24
0x00007ff8f5fe4167:   eb 0c 48 8d 4c 24 20 e8 cd 4c 00 00 8b d8 85 db
0x00007ff8f5fe4177:   0f 85 53 fe ff ff 4c 8b ac 24 a0 00 00 00 48 8b
0x00007ff8f5fe4187:   bc 24 98 00 00 00 48 8b b4 24 90 00 00 00 48 83
0x00007ff8f5fe4197:   c4 60 41 5f 41 5e 41 5c 5d 5b c3 cc cc cc cc cc
0x00007ff8f5fe41a7:   cc cc cc cc cc cc cc cc cc 48 89 5c 24 08 48 89
0x00007ff8f5fe41b7:   74 24 10 57 48 83 ec 20 49 8d 49 38 49 8b d9 41
0x00007ff8f5fe41c7:   8b f8 e8 22 40 2f 00 84 c0 74 45 83 bb 90 00 00
0x00007ff8f5fe41d7:   00 00 74 3c f6 83 98 00 00 00 06 74 07 48 8b 4c 


Stack slot to memory mapping:
stack at sp + 0 slots: 0x0000000000000004 is an unknown value
stack at sp + 1 slots: 0x000000000000009c is an unknown value
stack at sp + 2 slots: 0x0000016b0dd48268 points into unknown readable memory: 0x00007ff8f6477eb0 | b0 7e 47 f6 f8 7f 00 00
stack at sp + 3 slots: 0x00007ff8f5fe9054 jvm.dll
stack at sp + 4 slots: 0x0000001300001840 is an unknown value
stack at sp + 5 slots: 0x00007ff800000001 is an unknown value
stack at sp + 6 slots: 0x0000016b1015f1e0 points into unknown readable memory: 0x00000009c204001c | 1c 00 04 c2 09 00 00 00
stack at sp + 7 slots: 0x0000016b00000001 points into unknown readable memory: 22 92 04 49 42 92 04


---------------  P R O C E S S  ---------------

Threads class SMR info:
_java_thread_list=0x0000016b0ba2b190, length=96, elements={
0x0000016b6a1ea000, 0x0000016b7fd33000, 0x0000016b7fd3c800, 0x0000016b7fd47800,
0x0000016b06843800, 0x0000016b06846000, 0x0000016b0684b000, 0x0000016b06852800,
0x0000016b7fd64000, 0x0000016b069ac800, 0x0000016b08f23000, 0x0000016b0808f800,
0x0000016b07b65800, 0x0000016b08bbc800, 0x0000016b08bbd800, 0x0000016b08bc0800,
0x0000016b08bbf000, 0x0000016b08bc0000, 0x0000016b0a374000, 0x0000016b0a370800,
0x0000016b0a373000, 0x0000016b0a379800, 0x0000016b0a378800, 0x0000016b078af000,
0x0000016b078ad800, 0x0000016b0a629800, 0x0000016b0f883800, 0x0000016b0a625000,
0x0000016b0a62a000, 0x0000016b0a37a800, 0x0000016b08bc1800, 0x0000016b08bc3000,
0x0000016b08bc2800, 0x0000016b08bbe000, 0x0000016b0f87a800, 0x0000016b0f879800,
0x0000016b0f878000, 0x0000016b0f875800, 0x0000016b0f876000, 0x0000016b0f874800,
0x0000016b0f87b000, 0x0000016b0f87c800, 0x0000016b0f877000, 0x0000016b0f882800,
0x0000016b0f87e800, 0x0000016b0f880000, 0x0000016b0f881000, 0x0000016b0f881800,
0x0000016b0f87d800, 0x0000016b0f87f000, 0x0000016b0a626000, 0x0000016b0a62b000,
0x0000016b0a627000, 0x0000016b0a62d800, 0x0000016b0a62c000, 0x0000016b0a62c800,
0x0000016b0a627800, 0x0000016b0a630800, 0x0000016b0a631800, 0x0000016b0a630000,
0x0000016b0a62f000, 0x0000016b0a632800, 0x0000016b0a633000, 0x0000016b0a634000,
0x0000016b0a62e000, 0x0000016b078a6000, 0x0000016b078a7000, 0x0000016b078a3000,
0x0000016b078a4800, 0x0000016b078a3800, 0x0000016b078a5800, 0x0000016b078a1000,
0x0000016b078ab000, 0x0000016b078a9800, 0x0000016b078a7800, 0x0000016b078ac000,
0x0000016b078ac800, 0x0000016b078a8800, 0x0000016b078b0000, 0x0000016b078aa000,
0x0000016b0a372000, 0x0000016b0a37b000, 0x0000016b0a375800, 0x0000016b0a37c000,
0x0000016b0a376800, 0x0000016b0a37d000, 0x0000016b0a377000, 0x0000016b0a37d800,
0x0000016b0a378000, 0x0000016b0f87c000, 0x0000016b08346800, 0x0000016b0834b800,
0x0000016b08346000, 0x0000016b08347800, 0x0000016b0834c800, 0x0000016b08348000
}

Java Threads: ( => current thread )
  0x0000016b6a1ea000 JavaThread "main" [_thread_blocked, id=4072, stack(0x0000006565600000,0x0000006565700000)]
  0x0000016b7fd33000 JavaThread "Reference Handler" daemon [_thread_blocked, id=1584, stack(0x0000006565d00000,0x0000006565e00000)]
  0x0000016b7fd3c800 JavaThread "Finalizer" daemon [_thread_blocked, id=1580, stack(0x0000006565e00000,0x0000006565f00000)]
  0x0000016b7fd47800 JavaThread "Signal Dispatcher" daemon [_thread_blocked, id=6264, stack(0x0000006565f00000,0x0000006566000000)]
  0x0000016b06843800 JavaThread "Attach Listener" daemon [_thread_blocked, id=7924, stack(0x0000006566000000,0x0000006566100000)]
  0x0000016b06846000 JavaThread "Service Thread" daemon [_thread_blocked, id=7936, stack(0x0000006566100000,0x0000006566200000)]
=>0x0000016b0684b000 JavaThread "C2 CompilerThread0" daemon [_thread_in_native, id=648, stack(0x0000006566200000,0x0000006566300000)]
  0x0000016b06852800 JavaThread "C1 CompilerThread0" daemon [_thread_blocked, id=8740, stack(0x0000006566300000,0x0000006566400000)]
  0x0000016b7fd64000 JavaThread "Sweeper thread" daemon [_thread_blocked, id=8744, stack(0x0000006566400000,0x0000006566500000)]
  0x0000016b069ac800 JavaThread "Common-Cleaner" daemon [_thread_blocked, id=9296, stack(0x0000006566500000,0x0000006566600000)]
  0x0000016b08f23000 JavaThread "Daemon health stats" [_thread_blocked, id=5316, stack(0x0000006566a00000,0x0000006566b00000)]
  0x0000016b0808f800 JavaThread "Incoming local TCP Connector on port 49856" [_thread_in_native, id=7608, stack(0x0000006566700000,0x0000006566800000)]
  0x0000016b07b65800 JavaThread "Daemon periodic checks" [_thread_blocked, id=6804, stack(0x0000006566b00000,0x0000006566c00000)]
  0x0000016b08bbc800 JavaThread "Cache worker for journal cache (C:\Users\user\.gradle\caches\journal-1)" [_thread_blocked, id=9192, stack(0x0000006567300000,0x0000006567400000)]
  0x0000016b08bbd800 JavaThread "File lock request listener" [_thread_in_native, id=2772, stack(0x0000006567400000,0x0000006567500000)]
  0x0000016b08bc0800 JavaThread "Cache worker for file hash cache (C:\Users\user\.gradle\caches\7.2\fileHashes)" [_thread_blocked, id=2908, stack(0x0000006567600000,0x0000006567700000)]
  0x0000016b08bbf000 JavaThread "File watcher server" daemon [_thread_in_native, id=7856, stack(0x0000006567800000,0x0000006567900000)]
  0x0000016b08bc0000 JavaThread "File watcher consumer" daemon [_thread_blocked, id=2376, stack(0x0000006567900000,0x0000006567a00000)]
  0x0000016b0a374000 JavaThread "Cache worker for execution history cache (C:\Users\user\.gradle\caches\7.2\executionHistory)" [_thread_blocked, id=4132, stack(0x0000006567e00000,0x0000006567f00000)]
  0x0000016b0a370800 JavaThread "jar transforms" [_thread_blocked, id=4344, stack(0x0000006567f00000,0x0000006568000000)]
  0x0000016b0a373000 JavaThread "Cache worker for file content cache (C:\Users\user\.gradle\caches\7.2\fileContent)" [_thread_blocked, id=8756, stack(0x0000006568000000,0x0000006568100000)]
  0x0000016b0a379800 JavaThread "jar transforms Thread 2" [_thread_blocked, id=4120, stack(0x0000006568100000,0x0000006568200000)]
  0x0000016b0a378800 JavaThread "jar transforms Thread 3" [_thread_blocked, id=5188, stack(0x0000006568300000,0x0000006568400000)]
  0x0000016b078af000 JavaThread "jar transforms Thread 4" [_thread_blocked, id=8472, stack(0x000000656ad00000,0x000000656ae00000)]
  0x0000016b078ad800 JavaThread "Memory manager" [_thread_blocked, id=6176, stack(0x000000656ae00000,0x000000656af00000)]
  0x0000016b0a629800 JavaThread "Cache worker for Java compile cache (C:\Users\user\.gradle\caches\7.2\javaCompile)" [_thread_blocked, id=10012, stack(0x000000656bb00000,0x000000656bc00000)]
  0x0000016b0f883800 JavaThread "ForkJoinPool.commonPool-worker-1" daemon [_thread_blocked, id=6916, stack(0x000000656c200000,0x000000656c300000)]
  0x0000016b0a625000 JavaThread "Daemon Thread 4" [_thread_blocked, id=7160, stack(0x0000006565400000,0x0000006565500000)]
  0x0000016b0a62a000 JavaThread "Daemon worker Thread 4" [_thread_blocked, id=9640, stack(0x0000006566e00000,0x0000006566f00000)]
  0x0000016b0a37a800 JavaThread "ForkJoinPool.commonPool-worker-5" daemon [_thread_blocked, id=2324, stack(0x0000006568200000,0x0000006568300000)]
  0x0000016b08bc1800 JavaThread "Handler for socket connection from /127.0.0.1:49856 to /127.0.0.1:50026" [_thread_in_native, id=10184, stack(0x0000006565500000,0x0000006565600000)]
  0x0000016b08bc3000 JavaThread "Cancel handler" [_thread_blocked, id=8248, stack(0x0000006566c00000,0x0000006566d00000)]
  0x0000016b08bc2800 JavaThread "Asynchronous log dispatcher for DefaultDaemonConnection: socket connection from /127.0.0.1:49856 to /127.0.0.1:50026" [_thread_blocked, id=8088, stack(0x0000006566f00000,0x0000006567000000)]
  0x0000016b08bbe000 JavaThread "Stdin handler" [_thread_blocked, id=9976, stack(0x0000006567000000,0x0000006567100000)]
  0x0000016b0f87a800 JavaThread "Daemon client event forwarder" [_thread_blocked, id=10192, stack(0x0000006567100000,0x0000006567200000)]
  0x0000016b0f879800 JavaThread "Cache worker for file hash cache (C:\Users\user\AndroidStudioProjects\MyApplication\.gradle\7.2\fileHashes)" [_thread_blocked, id=1532, stack(0x0000006567200000,0x0000006567300000)]
  0x0000016b0f878000 JavaThread "Cache worker for checksums cache (C:\Users\user\AndroidStudioProjects\MyApplication\.gradle\checksums)" [_thread_blocked, id=7716, stack(0x0000006567700000,0x0000006567800000)]
  0x0000016b0f875800 JavaThread "Cache worker for cache directory md-supplier (C:\Users\user\.gradle\caches\7.2\md-supplier)" [_thread_blocked, id=5460, stack(0x0000006567a00000,0x0000006567b00000)]
  0x0000016b0f876000 JavaThread "Cache worker for cache directory md-rule (C:\Users\user\.gradle\caches\7.2\md-rule)" [_thread_blocked, id=9212, stack(0x0000006567b00000,0x0000006567c00000)]
  0x0000016b0f874800 JavaThread "Cache worker for dependencies-accessors (C:\Users\user\AndroidStudioProjects\MyApplication\.gradle\7.2\dependencies-accessors)" [_thread_blocked, id=364, stack(0x0000006567c00000,0x0000006567d00000)]
  0x0000016b0f87b000 JavaThread "Cache worker for Build Output Cleanup Cache (C:\Users\user\AndroidStudioProjects\MyApplication\.gradle\buildOutputCleanup)" [_thread_blocked, id=7792, stack(0x0000006567d00000,0x0000006567e00000)]
  0x0000016b0f87c800 JavaThread "Unconstrained build operations" [_thread_blocked, id=5172, stack(0x0000006568500000,0x0000006568600000)]
  0x0000016b0f877000 JavaThread "Unconstrained build operations Thread 2" [_thread_blocked, id=8812, stack(0x0000006568600000,0x0000006568700000)]
  0x0000016b0f882800 JavaThread "Unconstrained build operations Thread 3" [_thread_blocked, id=5712, stack(0x0000006568700000,0x0000006568800000)]
  0x0000016b0f87e800 JavaThread "Unconstrained build operations Thread 4" [_thread_blocked, id=5716, stack(0x0000006568800000,0x0000006568900000)]
  0x0000016b0f880000 JavaThread "Unconstrained build operations Thread 5" [_thread_blocked, id=1136, stack(0x0000006568900000,0x0000006568a00000)]
  0x0000016b0f881000 JavaThread "Unconstrained build operations Thread 6" [_thread_blocked, id=4884, stack(0x0000006568a00000,0x0000006568b00000)]
  0x0000016b0f881800 JavaThread "Unconstrained build operations Thread 7" [_thread_blocked, id=4824, stack(0x0000006568b00000,0x0000006568c00000)]
  0x0000016b0f87d800 JavaThread "Unconstrained build operations Thread 8" [_thread_blocked, id=3116, stack(0x0000006568c00000,0x0000006568d00000)]
  0x0000016b0f87f000 JavaThread "Unconstrained build operations Thread 9" [_thread_blocked, id=10172, stack(0x0000006568d00000,0x0000006568e00000)]
  0x0000016b0a626000 JavaThread "Unconstrained build operations Thread 10" [_thread_blocked, id=8532, stack(0x0000006568e00000,0x0000006568f00000)]
  0x0000016b0a62b000 JavaThread "Unconstrained build operations Thread 11" [_thread_blocked, id=8748, stack(0x0000006568f00000,0x0000006569000000)]
  0x0000016b0a627000 JavaThread "Unconstrained build operations Thread 12" [_thread_blocked, id=8968, stack(0x0000006569000000,0x0000006569100000)]
  0x0000016b0a62d800 JavaThread "Unconstrained build operations Thread 13" [_thread_blocked, id=9288, stack(0x0000006569100000,0x0000006569200000)]
  0x0000016b0a62c000 JavaThread "Unconstrained build operations Thread 14" [_thread_blocked, id=7028, stack(0x0000006569200000,0x0000006569300000)]
  0x0000016b0a62c800 JavaThread "Unconstrained build operations Thread 15" [_thread_blocked, id=9372, stack(0x0000006569300000,0x0000006569400000)]
  0x0000016b0a627800 JavaThread "Unconstrained build operations Thread 16" [_thread_blocked, id=1796, stack(0x0000006569400000,0x0000006569500000)]
  0x0000016b0a630800 JavaThread "Unconstrained build operations Thread 17" [_thread_blocked, id=8424, stack(0x0000006569500000,0x0000006569600000)]
  0x0000016b0a631800 JavaThread "Unconstrained build operations Thread 18" [_thread_blocked, id=9220, stack(0x0000006569600000,0x0000006569700000)]
  0x0000016b0a630000 JavaThread "Unconstrained build operations Thread 19" [_thread_blocked, id=6948, stack(0x0000006569700000,0x0000006569800000)]
  0x0000016b0a62f000 JavaThread "Unconstrained build operations Thread 20" [_thread_blocked, id=2552, stack(0x0000006569800000,0x0000006569900000)]
  0x0000016b0a632800 JavaThread "Unconstrained build operations Thread 21" [_thread_blocked, id=9044, stack(0x0000006569900000,0x0000006569a00000)]
  0x0000016b0a633000 JavaThread "Unconstrained build operations Thread 22" [_thread_blocked, id=4188, stack(0x0000006569a00000,0x0000006569b00000)]
  0x0000016b0a634000 JavaThread "Unconstrained build operations Thread 23" [_thread_blocked, id=8608, stack(0x0000006569b00000,0x0000006569c00000)]
  0x0000016b0a62e000 JavaThread "Unconstrained build operations Thread 24" [_thread_blocked, id=10016, stack(0x0000006569c00000,0x0000006569d00000)]
  0x0000016b078a6000 JavaThread "Unconstrained build operations Thread 25" [_thread_blocked, id=9908, stack(0x0000006569d00000,0x0000006569e00000)]
  0x0000016b078a7000 JavaThread "Unconstrained build operations Thread 26" [_thread_blocked, id=804, stack(0x0000006569e00000,0x0000006569f00000)]
  0x0000016b078a3000 JavaThread "Unconstrained build operations Thread 27" [_thread_blocked, id=6032, stack(0x0000006569f00000,0x000000656a000000)]
  0x0000016b078a4800 JavaThread "Unconstrained build operations Thread 28" [_thread_blocked, id=5136, stack(0x000000656a000000,0x000000656a100000)]
  0x0000016b078a3800 JavaThread "Unconstrained build operations Thread 29" [_thread_blocked, id=9456, stack(0x000000656a100000,0x000000656a200000)]
  0x0000016b078a5800 JavaThread "Unconstrained build operations Thread 30" [_thread_blocked, id=8736, stack(0x000000656a200000,0x000000656a300000)]
  0x0000016b078a1000 JavaThread "Unconstrained build operations Thread 31" [_thread_blocked, id=2152, stack(0x000000656a300000,0x000000656a400000)]
  0x0000016b078ab000 JavaThread "Unconstrained build operations Thread 32" [_thread_blocked, id=8208, stack(0x000000656a400000,0x000000656a500000)]
  0x0000016b078a9800 JavaThread "Unconstrained build operations Thread 33" [_thread_blocked, id=2316, stack(0x000000656a500000,0x000000656a600000)]
  0x0000016b078a7800 JavaThread "Unconstrained build operations Thread 34" [_thread_blocked, id=9916, stack(0x000000656a600000,0x000000656a700000)]
  0x0000016b078ac000 JavaThread "Unconstrained build operations Thread 35" [_thread_blocked, id=6132, stack(0x000000656a700000,0x000000656a800000)]
  0x0000016b078ac800 JavaThread "Unconstrained build operations Thread 36" [_thread_blocked, id=8912, stack(0x000000656a800000,0x000000656a900000)]
  0x0000016b078a8800 JavaThread "Unconstrained build operations Thread 37" [_thread_blocked, id=6220, stack(0x000000656a900000,0x000000656aa00000)]
  0x0000016b078b0000 JavaThread "Unconstrained build operations Thread 38" [_thread_blocked, id=3388, stack(0x000000656aa00000,0x000000656ab00000)]
  0x0000016b078aa000 JavaThread "Unconstrained build operations Thread 39" [_thread_blocked, id=10120, stack(0x000000656ab00000,0x000000656ac00000)]
  0x0000016b0a372000 JavaThread "Unconstrained build operations Thread 40" [_thread_blocked, id=3016, stack(0x000000656ac00000,0x000000656ad00000)]
  0x0000016b0a37b000 JavaThread "build event listener" [_thread_blocked, id=7632, stack(0x000000656af00000,0x000000656b000000)]
  0x0000016b0a375800 JavaThread "Execution worker for ':'" [_thread_blocked, id=9924, stack(0x000000656b000000,0x000000656b100000)]
  0x0000016b0a37c000 JavaThread "Execution worker for ':' Thread 2" [_thread_in_vm, id=2536, stack(0x000000656b100000,0x000000656b200000)]
  0x0000016b0a376800 JavaThread "Execution worker for ':' Thread 3" [_thread_blocked, id=3708, stack(0x000000656b200000,0x000000656b300000)]
  0x0000016b0a37d000 JavaThread "Cache worker for execution history cache (C:\Users\user\AndroidStudioProjects\MyApplication\.gradle\7.2\executionHistory)" [_thread_blocked, id=7460, stack(0x000000656b300000,0x000000656b400000)]
  0x0000016b0a377000 JavaThread "WorkerExecutor Queue" [_thread_in_vm, id=6624, stack(0x000000656b600000,0x000000656b700000)]
  0x0000016b0a37d800 JavaThread "C2 CompilerThread1" daemon [_thread_in_native, id=3172, stack(0x0000006568400000,0x0000006568500000)]
  0x0000016b0a378000 JavaThread "WorkerExecutor Queue Thread 2" [_thread_blocked, id=1660, stack(0x000000656b700000,0x000000656b800000)]
  0x0000016b0f87c000 JavaThread "WorkerExecutor Queue Thread 3" [_thread_blocked, id=9188, stack(0x000000656b800000,0x000000656b900000)]
  0x0000016b08346800 JavaThread "WorkerExecutor Queue Thread 4" [_thread_blocked, id=6012, stack(0x000000656b900000,0x000000656ba00000)]
  0x0000016b0834b800 JavaThread "WorkerExecutor Queue Thread 5" [_thread_blocked, id=7804, stack(0x000000656ba00000,0x000000656bb00000)]
  0x0000016b08346000 JavaThread "ForkJoinPool-1-worker-3" daemon [_thread_blocked, id=9068, stack(0x000000656bc00000,0x000000656bd00000)]
  0x0000016b08347800 JavaThread "ForkJoinPool-1-worker-5" daemon [_thread_blocked, id=2996, stack(0x000000656bd00000,0x000000656be00000)]
  0x0000016b0834c800 JavaThread "ForkJoinPool-1-worker-7" daemon [_thread_blocked, id=8760, stack(0x000000656be00000,0x000000656bf00000)]
  0x0000016b08348000 JavaThread "ForkJoinPool-1-worker-1" daemon [_thread_in_Java, id=10100, stack(0x000000656bf00000,0x000000656c000000)]

Other Threads:
  0x0000016b7fd2c800 VMThread "VM Thread" [stack: 0x0000006565c00000,0x0000006565d00000] [id=9708]
  0x0000016b069d0000 WatcherThread [stack: 0x0000006566600000,0x0000006566700000] [id=8692]
  0x0000016b6a203800 GCTaskThread "GC Thread#0" [stack: 0x0000006565700000,0x0000006565800000] [id=1316]
  0x0000016b070ee800 GCTaskThread "GC Thread#1" [stack: 0x0000006566800000,0x0000006566900000] [id=8160]
  0x0000016b07687000 GCTaskThread "GC Thread#2" [stack: 0x0000006566900000,0x0000006566a00000] [id=5236]
  0x0000016b08bc8800 GCTaskThread "GC Thread#3" [stack: 0x0000006567500000,0x0000006567600000] [id=3040]
  0x0000016b6a237800 ConcurrentGCThread "G1 Main Marker" [stack: 0x0000006565800000,0x0000006565900000] [id=10080]
  0x0000016b6a238800 ConcurrentGCThread "G1 Conc#0" [stack: 0x0000006565900000,0x0000006565a00000] [id=4004]
  0x0000016b7fb80800 ConcurrentGCThread "G1 Refine#0" [stack: 0x0000006565a00000,0x0000006565b00000] [id=9492]
  0x0000016b0fe0f800 ConcurrentGCThread "G1 Refine#1" [stack: 0x000000656b400000,0x000000656b500000] [id=6996]
  0x0000016b0c806000 ConcurrentGCThread "G1 Refine#2" [stack: 0x000000656b500000,0x000000656b600000] [id=2268]
  0x0000016b7fb81000 ConcurrentGCThread "G1 Young RemSet Sampling" [stack: 0x0000006565b00000,0x0000006565c00000] [id=9704]

Threads with active compile tasks:
C2 CompilerThread01069668 26406       4       com.android.tools.r8.dex.N::a (20 bytes)
C2 CompilerThread11069668 26160 %     4       com.android.tools.r8.dex.r::a @ 315 (1038 bytes)

VM state:not at safepoint (normal execution)

VM Mutex/Monitor currently owned by a thread: None

Heap address: 0x0000000080000000, size: 2048 MB, Compressed Oops mode: 32-bit
Narrow klass base: 0x0000000000000000, Narrow klass shift: 3
Compressed class space size: 1073741824 Address: 0x0000000100000000

Heap:
 garbage-first heap   total 227328K, used 153920K [0x0000000080000000, 0x0000000100000000)
  region size 1024K, 8 young (8192K), 4 survivors (4096K)
 Metaspace       used 131529K, capacity 135326K, committed 135500K, reserved 1167360K
  class space    used 16265K, capacity 17678K, committed 17740K, reserved 1048576K
Heap Regions: E=young(eden), S=young(survivor), O=old, HS=humongous(starts), HC=humongous(continues), CS=collection set, F=free, A=archive, TAMS=top-at-mark-start (previous, next)
|   0|0x0000000080000000, 0x0000000080100000, 0x0000000080100000|100%| O|  |TAMS 0x0000000080100000, 0x0000000080000000| Complete 
|   1|0x0000000080100000, 0x0000000080200000, 0x0000000080200000|100%| O|  |TAMS 0x0000000080200000, 0x0000000080100000| Untracked 
|   2|0x0000000080200000, 0x0000000080300000, 0x0000000080300000|100%| O|  |TAMS 0x0000000080300000, 0x0000000080200000| Untracked 
|   3|0x0000000080300000, 0x0000000080400000, 0x0000000080400000|100%|HS|  |TAMS 0x0000000080400000, 0x0000000080300000| Complete 
|   4|0x0000000080400000, 0x0000000080500000, 0x0000000080500000|100%|HC|  |TAMS 0x0000000080500000, 0x0000000080400000| Complete 
|   5|0x0000000080500000, 0x0000000080600000, 0x0000000080600000|100%|HC|  |TAMS 0x0000000080600000, 0x0000000080500000| Complete 
|   6|0x0000000080600000, 0x0000000080700000, 0x0000000080700000|100%| O|  |TAMS 0x0000000080700000, 0x0000000080600000| Untracked 
|   7|0x0000000080700000, 0x0000000080800000, 0x0000000080800000|100%| O|  |TAMS 0x0000000080800000, 0x0000000080700000| Untracked 
|   8|0x0000000080800000, 0x0000000080900000, 0x0000000080900000|100%| O|  |TAMS 0x0000000080900000, 0x0000000080800000| Untracked 
|   9|0x0000000080900000, 0x0000000080a00000, 0x0000000080a00000|100%| O|  |TAMS 0x0000000080a00000, 0x0000000080900000| Untracked 
|  10|0x0000000080a00000, 0x0000000080b00000, 0x0000000080b00000|100%| O|  |TAMS 0x0000000080b00000, 0x0000000080a00000| Untracked 
|  11|0x0000000080b00000, 0x0000000080c00000, 0x0000000080c00000|100%| O|  |TAMS 0x0000000080c00000, 0x0000000080b00000| Untracked 
|  12|0x0000000080c00000, 0x0000000080d00000, 0x0000000080d00000|100%| O|  |TAMS 0x0000000080d00000, 0x0000000080c00000| Complete 
|  13|0x0000000080d00000, 0x0000000080e00000, 0x0000000080e00000|100%| O|  |TAMS 0x0000000080e00000, 0x0000000080d00000| Untracked 
|  14|0x0000000080e00000, 0x0000000080f00000, 0x0000000080f00000|100%| O|  |TAMS 0x0000000080f00000, 0x0000000080e00000| Untracked 
|  15|0x0000000080f00000, 0x0000000081000000, 0x0000000081000000|100%| O|  |TAMS 0x0000000081000000, 0x0000000080f00000| Complete 
|  16|0x0000000081000000, 0x0000000081100000, 0x0000000081100000|100%| O|  |TAMS 0x0000000081100000, 0x0000000081000000| Complete 
|  17|0x0000000081100000, 0x0000000081200000, 0x0000000081200000|100%|HS|  |TAMS 0x0000000081200000, 0x0000000081100000| Complete 
|  18|0x0000000081200000, 0x0000000081300000, 0x0000000081300000|100%| O|  |TAMS 0x0000000081300000, 0x0000000081200000| Untracked 
|  19|0x0000000081300000, 0x0000000081400000, 0x0000000081400000|100%| O|  |TAMS 0x0000000081400000, 0x0000000081300000| Untracked 
|  20|0x0000000081400000, 0x0000000081500000, 0x0000000081500000|100%| O|  |TAMS 0x0000000081500000, 0x0000000081400000| Untracked 
|  21|0x0000000081500000, 0x0000000081600000, 0x0000000081600000|100%| O|  |TAMS 0x0000000081600000, 0x0000000081500000| Complete 
|  22|0x0000000081600000, 0x0000000081700000, 0x0000000081700000|100%| O|  |TAMS 0x0000000081700000, 0x0000000081600000| Untracked 
|  23|0x0000000081700000, 0x0000000081800000, 0x0000000081800000|100%| O|  |TAMS 0x0000000081800000, 0x0000000081700000| Untracked 
|  24|0x0000000081800000, 0x0000000081900000, 0x0000000081900000|100%|HS|  |TAMS 0x0000000081900000, 0x0000000081800000| Complete 
|  25|0x0000000081900000, 0x0000000081a00000, 0x0000000081a00000|100%|HS|  |TAMS 0x0000000081a00000, 0x0000000081900000| Complete 
|  26|0x0000000081a00000, 0x0000000081b00000, 0x0000000081b00000|100%|HS|  |TAMS 0x0000000081b00000, 0x0000000081a00000| Complete 
|  27|0x0000000081b00000, 0x0000000081c00000, 0x0000000081c00000|100%|HC|  |TAMS 0x0000000081c00000, 0x0000000081b00000| Complete 
|  28|0x0000000081c00000, 0x0000000081d00000, 0x0000000081d00000|100%| O|  |TAMS 0x0000000081d00000, 0x0000000081c00000| Untracked 
|  29|0x0000000081d00000, 0x0000000081e00000, 0x0000000081e00000|100%| O|  |TAMS 0x0000000081e00000, 0x0000000081d00000| Untracked 
|  30|0x0000000081e00000, 0x0000000081f00000, 0x0000000081f00000|100%| O|  |TAMS 0x0000000081f00000, 0x0000000081e00000| Untracked 
|  31|0x0000000081f00000, 0x0000000082000000, 0x0000000082000000|100%| O|  |TAMS 0x0000000082000000, 0x0000000081f00000| Complete 
|  32|0x0000000082000000, 0x0000000082100000, 0x0000000082100000|100%| O|  |TAMS 0x0000000082100000, 0x0000000082000000| Untracked 
|  33|0x0000000082100000, 0x0000000082200000, 0x0000000082200000|100%| O|  |TAMS 0x0000000082200000, 0x0000000082100000| Untracked 
|  34|0x0000000082200000, 0x0000000082300000, 0x0000000082300000|100%| O|  |TAMS 0x0000000082300000, 0x0000000082200000| Untracked 
|  35|0x0000000082300000, 0x0000000082400000, 0x0000000082400000|100%| O|  |TAMS 0x0000000082400000, 0x0000000082300000| Untracked 
|  36|0x0000000082400000, 0x0000000082500000, 0x0000000082500000|100%| O|  |TAMS 0x0000000082500000, 0x0000000082400000| Untracked 
|  37|0x0000000082500000, 0x0000000082600000, 0x0000000082600000|100%| O|  |TAMS 0x0000000082600000, 0x0000000082500000| Untracked 
|  38|0x0000000082600000, 0x0000000082700000, 0x0000000082700000|100%| O|  |TAMS 0x0000000082700000, 0x0000000082600000| Untracked 
|  39|0x0000000082700000, 0x0000000082800000, 0x0000000082800000|100%| O|  |TAMS 0x0000000082800000, 0x0000000082700000| Untracked 
|  40|0x0000000082800000, 0x0000000082900000, 0x0000000082900000|100%| O|  |TAMS 0x0000000082900000, 0x0000000082800000| Complete 
|  41|0x0000000082900000, 0x0000000082a00000, 0x0000000082a00000|100%| O|  |TAMS 0x0000000082a00000, 0x0000000082900000| Complete 
|  42|0x0000000082a00000, 0x0000000082b00000, 0x0000000082b00000|100%| O|  |TAMS 0x0000000082b00000, 0x0000000082a00000| Complete 
|  43|0x0000000082b00000, 0x0000000082c00000, 0x0000000082c00000|100%| O|  |TAMS 0x0000000082c00000, 0x0000000082b00000| Complete 
|  44|0x0000000082c00000, 0x0000000082d00000, 0x0000000082d00000|100%| O|  |TAMS 0x0000000082d00000, 0x0000000082c00000| Complete 
|  45|0x0000000082d00000, 0x0000000082e00000, 0x0000000082e00000|100%| O|  |TAMS 0x0000000082e00000, 0x0000000082d00000| Untracked 
|  46|0x0000000082e00000, 0x0000000082f00000, 0x0000000082f00000|100%| O|  |TAMS 0x0000000082f00000, 0x0000000082e00000| Complete 
|  47|0x0000000082f00000, 0x0000000083000000, 0x0000000083000000|100%| O|  |TAMS 0x0000000083000000, 0x0000000082f00000| Untracked 
|  48|0x0000000083000000, 0x0000000083100000, 0x0000000083100000|100%| O|  |TAMS 0x0000000083100000, 0x0000000083000000| Untracked 
|  49|0x0000000083100000, 0x0000000083200000, 0x0000000083200000|100%| O|  |TAMS 0x0000000083200000, 0x0000000083100000| Untracked 
|  50|0x0000000083200000, 0x0000000083300000, 0x0000000083300000|100%| O|  |TAMS 0x0000000083300000, 0x0000000083200000| Complete 
|  51|0x0000000083300000, 0x0000000083400000, 0x0000000083400000|100%| O|  |TAMS 0x0000000083400000, 0x0000000083300000| Complete 
|  52|0x0000000083400000, 0x0000000083500000, 0x0000000083500000|100%|HS|  |TAMS 0x0000000083500000, 0x0000000083400000| Complete 
|  53|0x0000000083500000, 0x0000000083600000, 0x0000000083600000|100%| O|  |TAMS 0x0000000083600000, 0x0000000083500000| Complete 
|  54|0x0000000083600000, 0x0000000083700000, 0x0000000083700000|100%| O|  |TAMS 0x0000000083700000, 0x0000000083600000| Complete 
|  55|0x0000000083700000, 0x0000000083800000, 0x0000000083800000|100%| O|  |TAMS 0x0000000083800000, 0x0000000083700000| Complete 
|  56|0x0000000083800000, 0x0000000083900000, 0x0000000083900000|100%| O|  |TAMS 0x0000000083900000, 0x0000000083800000| Complete 
|  57|0x0000000083900000, 0x0000000083a00000, 0x0000000083a00000|100%|HS|  |TAMS 0x0000000083a00000, 0x0000000083900000| Complete 
|  58|0x0000000083a00000, 0x0000000083b00000, 0x0000000083b00000|100%| O|  |TAMS 0x0000000083b00000, 0x0000000083a00000| Untracked 
|  59|0x0000000083b00000, 0x0000000083c00000, 0x0000000083c00000|100%| O|  |TAMS 0x0000000083c00000, 0x0000000083b00000| Complete 
|  60|0x0000000083c00000, 0x0000000083d00000, 0x0000000083d00000|100%| O|  |TAMS 0x0000000083d00000, 0x0000000083c00000| Complete 
|  61|0x0000000083d00000, 0x0000000083e00000, 0x0000000083e00000|100%| O|  |TAMS 0x0000000083e00000, 0x0000000083d00000| Complete 
|  62|0x0000000083e00000, 0x0000000083f00000, 0x0000000083f00000|100%| O|  |TAMS 0x0000000083f00000, 0x0000000083e00000| Complete 
|  63|0x0000000083f00000, 0x0000000084000000, 0x0000000084000000|100%| O|  |TAMS 0x0000000084000000, 0x0000000083f00000| Complete 
|  64|0x0000000084000000, 0x0000000084100000, 0x0000000084100000|100%|HS|  |TAMS 0x0000000084000000, 0x0000000084000000| Complete 
|  65|0x0000000084100000, 0x0000000084200000, 0x0000000084200000|100%| O|  |TAMS 0x0000000084200000, 0x0000000084100000| Untracked 
|  66|0x0000000084200000, 0x0000000084300000, 0x0000000084300000|100%| O|  |TAMS 0x0000000084300000, 0x0000000084200000| Complete 
|  67|0x0000000084300000, 0x0000000084400000, 0x0000000084400000|100%| O|  |TAMS 0x0000000084400000, 0x0000000084300000| Complete 
|  68|0x0000000084400000, 0x0000000084500000, 0x0000000084500000|100%| O|  |TAMS 0x0000000084500000, 0x0000000084400000| Complete 
|  69|0x0000000084500000, 0x0000000084600000, 0x0000000084600000|100%| O|  |TAMS 0x0000000084600000, 0x0000000084500000| Untracked 
|  70|0x0000000084600000, 0x0000000084700000, 0x0000000084700000|100%| O|  |TAMS 0x0000000084700000, 0x0000000084600000| Complete 
|  71|0x0000000084700000, 0x0000000084800000, 0x0000000084800000|100%| O|  |TAMS 0x0000000084800000, 0x0000000084700000| Complete 
|  72|0x0000000084800000, 0x0000000084900000, 0x0000000084900000|100%| O|  |TAMS 0x0000000084900000, 0x0000000084800000| Untracked 
|  73|0x0000000084900000, 0x0000000084a00000, 0x0000000084a00000|100%| O|  |TAMS 0x0000000084a00000, 0x0000000084900000| Untracked 
|  74|0x0000000084a00000, 0x0000000084b00000, 0x0000000084b00000|100%| O|  |TAMS 0x0000000084b00000, 0x0000000084a00000| Untracked 
|  75|0x0000000084b00000, 0x0000000084c00000, 0x0000000084c00000|100%| O|  |TAMS 0x0000000084c00000, 0x0000000084b00000| Untracked 
|  76|0x0000000084c00000, 0x0000000084d00000, 0x0000000084d00000|100%| O|  |TAMS 0x0000000084d00000, 0x0000000084c00000| Untracked 
|  77|0x0000000084d00000, 0x0000000084e00000, 0x0000000084e00000|100%| O|  |TAMS 0x0000000084e00000, 0x0000000084d00000| Untracked 
|  78|0x0000000084e00000, 0x0000000084f00000, 0x0000000084f00000|100%| O|  |TAMS 0x0000000084f00000, 0x0000000084e00000| Complete 
|  79|0x0000000084f00000, 0x0000000085000000, 0x0000000085000000|100%| O|  |TAMS 0x0000000085000000, 0x0000000084f00000| Untracked 
|  80|0x0000000085000000, 0x0000000085100000, 0x0000000085100000|100%| O|  |TAMS 0x0000000085000000, 0x0000000085000000| Untracked 
|  81|0x0000000085100000, 0x0000000085200000, 0x0000000085200000|100%| O|  |TAMS 0x0000000085200000, 0x0000000085100000| Complete 
|  82|0x0000000085200000, 0x0000000085300000, 0x0000000085300000|100%| O|  |TAMS 0x0000000085300000, 0x0000000085200000| Complete 
|  83|0x0000000085300000, 0x0000000085400000, 0x0000000085400000|100%| O|  |TAMS 0x0000000085400000, 0x0000000085300000| Untracked 
|  84|0x0000000085400000, 0x0000000085500000, 0x0000000085500000|100%| O|  |TAMS 0x0000000085500000, 0x0000000085400000| Complete 
|  85|0x0000000085500000, 0x0000000085600000, 0x0000000085600000|100%| O|  |TAMS 0x0000000085600000, 0x0000000085500000| Complete 
|  86|0x0000000085600000, 0x0000000085700000, 0x0000000085700000|100%| O|  |TAMS 0x0000000085700000, 0x0000000085600000| Complete 
|  87|0x0000000085700000, 0x0000000085800000, 0x0000000085800000|100%| O|  |TAMS 0x0000000085800000, 0x0000000085700000| Untracked 
|  88|0x0000000085800000, 0x0000000085900000, 0x0000000085900000|100%| O|  |TAMS 0x0000000085900000, 0x0000000085800000| Untracked 
|  89|0x0000000085900000, 0x0000000085a00000, 0x0000000085a00000|100%| O|  |TAMS 0x0000000085a00000, 0x0000000085900000| Complete 
|  90|0x0000000085a00000, 0x0000000085b00000, 0x0000000085b00000|100%| O|  |TAMS 0x0000000085b00000, 0x0000000085a00000| Untracked 
|  91|0x0000000085b00000, 0x0000000085c00000, 0x0000000085c00000|100%| O|  |TAMS 0x0000000085c00000, 0x0000000085b00000| Untracked 
|  92|0x0000000085c00000, 0x0000000085d00000, 0x0000000085d00000|100%| O|  |TAMS 0x0000000085d00000, 0x0000000085c00000| Untracked 
|  93|0x0000000085d00000, 0x0000000085e00000, 0x0000000085e00000|100%| O|  |TAMS 0x0000000085e00000, 0x0000000085d00000| Untracked 
|  94|0x0000000085e00000, 0x0000000085f00000, 0x0000000085f00000|100%| O|  |TAMS 0x0000000085f00000, 0x0000000085e00000| Complete 
|  95|0x0000000085f00000, 0x0000000086000000, 0x0000000086000000|100%| O|  |TAMS 0x0000000086000000, 0x0000000085f00000| Untracked 
|  96|0x0000000086000000, 0x0000000086100000, 0x0000000086100000|100%| O|  |TAMS 0x0000000086100000, 0x0000000086000000| Complete 
|  97|0x0000000086100000, 0x0000000086200000, 0x0000000086200000|100%| O|  |TAMS 0x0000000086200000, 0x0000000086100000| Untracked 
|  98|0x0000000086200000, 0x0000000086300000, 0x0000000086300000|100%| O|  |TAMS 0x0000000086300000, 0x0000000086200000| Complete 
|  99|0x0000000086300000, 0x0000000086400000, 0x0000000086400000|100%| O|  |TAMS 0x0000000086300000, 0x0000000086300000| Untracked 
| 100|0x0000000086400000, 0x0000000086500000, 0x0000000086500000|100%| O|  |TAMS 0x0000000086500000, 0x0000000086400000| Untracked 
| 101|0x0000000086500000, 0x0000000086600000, 0x0000000086600000|100%| O|  |TAMS 0x0000000086600000, 0x0000000086500000| Untracked 
| 102|0x0000000086600000, 0x0000000086700000, 0x0000000086700000|100%| O|  |TAMS 0x0000000086700000, 0x0000000086600000| Untracked 
| 103|0x0000000086700000, 0x0000000086800000, 0x0000000086800000|100%| O|  |TAMS 0x0000000086800000, 0x0000000086700000| Untracked 
| 104|0x0000000086800000, 0x0000000086900000, 0x0000000086900000|100%| O|  |TAMS 0x0000000086800000, 0x0000000086800000| Untracked 
| 105|0x0000000086900000, 0x0000000086a00000, 0x0000000086a00000|100%| O|  |TAMS 0x0000000086a00000, 0x0000000086900000| Complete 
| 106|0x0000000086a00000, 0x0000000086b00000, 0x0000000086b00000|100%| O|  |TAMS 0x0000000086b00000, 0x0000000086a00000| Complete 
| 107|0x0000000086b00000, 0x0000000086c00000, 0x0000000086c00000|100%| O|  |TAMS 0x0000000086c00000, 0x0000000086b00000| Untracked 
| 108|0x0000000086c00000, 0x0000000086d00000, 0x0000000086d00000|100%| O|  |TAMS 0x0000000086d00000, 0x0000000086c00000| Complete 
| 109|0x0000000086d00000, 0x0000000086e00000, 0x0000000086e00000|100%| O|  |TAMS 0x0000000086e00000, 0x0000000086d00000| Complete 
| 110|0x0000000086e00000, 0x0000000086f00000, 0x0000000086f00000|100%| O|  |TAMS 0x0000000086f00000, 0x0000000086e00000| Complete 
| 111|0x0000000086f00000, 0x0000000087000000, 0x0000000087000000|100%| O|  |TAMS 0x0000000087000000, 0x0000000086f00000| Complete 
| 112|0x0000000087000000, 0x0000000087100000, 0x0000000087100000|100%| O|  |TAMS 0x0000000087100000, 0x0000000087000000| Complete 
| 113|0x0000000087100000, 0x0000000087200000, 0x0000000087200000|100%| O|  |TAMS 0x0000000087200000, 0x0000000087100000| Complete 
| 114|0x0000000087200000, 0x0000000087300000, 0x0000000087300000|100%| O|  |TAMS 0x0000000087300000, 0x0000000087200000| Untracked 
| 115|0x0000000087300000, 0x0000000087400000, 0x0000000087400000|100%| O|  |TAMS 0x0000000087400000, 0x0000000087300000| Untracked 
| 116|0x0000000087400000, 0x0000000087500000, 0x0000000087500000|100%| O|  |TAMS 0x0000000087500000, 0x0000000087400000| Untracked 
| 117|0x0000000087500000, 0x0000000087600000, 0x0000000087600000|100%| O|  |TAMS 0x0000000087600000, 0x0000000087500000| Complete 
| 118|0x0000000087600000, 0x0000000087700000, 0x0000000087700000|100%| O|  |TAMS 0x0000000087700000, 0x0000000087600000| Complete 
| 119|0x0000000087700000, 0x0000000087800000, 0x0000000087800000|100%| O|  |TAMS 0x0000000087700000, 0x0000000087700000| Untracked 
| 120|0x0000000087800000, 0x0000000087900000, 0x0000000087900000|100%| O|  |TAMS 0x0000000087800000, 0x0000000087800000| Untracked 
| 121|0x0000000087900000, 0x0000000087a00000, 0x0000000087a00000|100%|HS|  |TAMS 0x0000000087a00000, 0x0000000087900000| Complete 
| 122|0x0000000087a00000, 0x0000000087b00000, 0x0000000087b00000|100%|HC|  |TAMS 0x0000000087b00000, 0x0000000087a00000| Complete 
| 123|0x0000000087b00000, 0x0000000087c00000, 0x0000000087c00000|100%| O|  |TAMS 0x0000000087c00000, 0x0000000087b00000| Untracked 
| 124|0x0000000087c00000, 0x0000000087d00000, 0x0000000087d00000|100%| O|  |TAMS 0x0000000087d00000, 0x0000000087c00000| Untracked 
| 125|0x0000000087d00000, 0x0000000087e00000, 0x0000000087e00000|100%| O|  |TAMS 0x0000000087d00000, 0x0000000087d00000| Untracked 
| 126|0x0000000087e00000, 0x0000000087f00000, 0x0000000087f00000|100%| O|  |TAMS 0x0000000087e00000, 0x0000000087e00000| Untracked 
| 127|0x0000000087f00000, 0x0000000088000000, 0x0000000088000000|100%| O|  |TAMS 0x0000000088000000, 0x0000000087f00000| Complete 
| 128|0x0000000088000000, 0x0000000088100000, 0x0000000088100000|100%| O|  |TAMS 0x0000000088100000, 0x0000000088000000| Complete 
| 129|0x0000000088100000, 0x0000000088200000, 0x0000000088200000|100%| O|  |TAMS 0x0000000088200000, 0x0000000088100000| Complete 
| 130|0x0000000088200000, 0x0000000088300000, 0x0000000088300000|100%| O|  |TAMS 0x0000000088300000, 0x0000000088200000| Untracked 
| 131|0x0000000088300000, 0x0000000088400000, 0x0000000088400000|100%| O|  |TAMS 0x0000000088400000, 0x0000000088300000| Untracked 
| 132|0x0000000088400000, 0x0000000088500000, 0x0000000088500000|100%| O|  |TAMS 0x0000000088500000, 0x0000000088400000| Untracked 
| 133|0x0000000088500000, 0x0000000088600000, 0x0000000088600000|100%| O|  |TAMS 0x0000000088600000, 0x0000000088500000| Untracked 
| 134|0x0000000088600000, 0x0000000088700000, 0x0000000088700000|100%| O|  |TAMS 0x0000000088700000, 0x0000000088600000| Untracked 
| 135|0x0000000088700000, 0x0000000088800000, 0x0000000088800000|100%| O|  |TAMS 0x0000000088800000, 0x0000000088700000| Untracked 
| 136|0x0000000088800000, 0x0000000088900000, 0x0000000088900000|100%| O|  |TAMS 0x0000000088900000, 0x0000000088800000| Complete 
| 137|0x0000000088900000, 0x0000000088a00000, 0x0000000088a00000|100%| O|  |TAMS 0x0000000088a00000, 0x0000000088900000| Complete 
| 138|0x0000000088a00000, 0x0000000088b00000, 0x0000000088b00000|100%| O|  |TAMS 0x0000000088b00000, 0x0000000088a00000| Complete 
| 139|0x0000000088b00000, 0x0000000088c00000, 0x0000000088c00000|100%| O|  |TAMS 0x0000000088c00000, 0x0000000088b00000| Untracked 
| 140|0x0000000088c00000, 0x0000000088d00000, 0x0000000088d00000|100%|HS|  |TAMS 0x0000000088c00000, 0x0000000088c00000| Complete 
| 141|0x0000000088d00000, 0x0000000088e00000, 0x0000000088e00000|100%|HS|  |TAMS 0x0000000088d00000, 0x0000000088d00000| Complete 
| 142|0x0000000088e00000, 0x0000000088f00000, 0x0000000088f00000|100%| O|  |TAMS 0x0000000088e00000, 0x0000000088e00000| Untracked 
| 143|0x0000000088f00000, 0x0000000089000000, 0x0000000089000000|100%| O|  |TAMS 0x0000000088f00000, 0x0000000088f00000| Untracked 
| 144|0x0000000089000000, 0x0000000089100000, 0x0000000089100000|100%| O|  |TAMS 0x0000000089000000, 0x0000000089000000| Untracked 
| 145|0x0000000089100000, 0x0000000089100000, 0x0000000089200000|  0%| F|  |TAMS 0x0000000089100000, 0x0000000089100000| Untracked 
| 146|0x0000000089200000, 0x0000000089200000, 0x0000000089300000|  0%| F|  |TAMS 0x0000000089200000, 0x0000000089200000| Untracked 
| 147|0x0000000089300000, 0x0000000089300000, 0x0000000089400000|  0%| F|  |TAMS 0x0000000089300000, 0x0000000089300000| Untracked 
| 148|0x0000000089400000, 0x0000000089400000, 0x0000000089500000|  0%| F|  |TAMS 0x0000000089400000, 0x0000000089400000| Untracked 
| 149|0x0000000089500000, 0x0000000089500000, 0x0000000089600000|  0%| F|  |TAMS 0x0000000089500000, 0x0000000089500000| Untracked 
| 150|0x0000000089600000, 0x0000000089600000, 0x0000000089700000|  0%| F|  |TAMS 0x0000000089600000, 0x0000000089600000| Untracked 
| 151|0x0000000089700000, 0x0000000089700000, 0x0000000089800000|  0%| F|  |TAMS 0x0000000089700000, 0x0000000089700000| Untracked 
| 152|0x0000000089800000, 0x0000000089800000, 0x0000000089900000|  0%| F|  |TAMS 0x0000000089800000, 0x0000000089800000| Untracked 
| 153|0x0000000089900000, 0x0000000089900000, 0x0000000089a00000|  0%| F|  |TAMS 0x0000000089900000, 0x0000000089900000| Untracked 
| 154|0x0000000089a00000, 0x0000000089a00000, 0x0000000089b00000|  0%| F|  |TAMS 0x0000000089a00000, 0x0000000089a00000| Untracked 
| 155|0x0000000089b00000, 0x0000000089b00000, 0x0000000089c00000|  0%| F|  |TAMS 0x0000000089b00000, 0x0000000089b00000| Untracked 
| 156|0x0000000089c00000, 0x0000000089c00000, 0x0000000089d00000|  0%| F|  |TAMS 0x0000000089c00000, 0x0000000089c00000| Untracked 
| 157|0x0000000089d00000, 0x0000000089d00000, 0x0000000089e00000|  0%| F|  |TAMS 0x0000000089d00000, 0x0000000089d00000| Untracked 
| 158|0x0000000089e00000, 0x0000000089e00000, 0x0000000089f00000|  0%| F|  |TAMS 0x0000000089e00000, 0x0000000089e00000| Untracked 
| 159|0x0000000089f00000, 0x0000000089f00000, 0x000000008a000000|  0%| F|  |TAMS 0x0000000089f00000, 0x0000000089f00000| Untracked 
| 160|0x000000008a000000, 0x000000008a000000, 0x000000008a100000|  0%| F|  |TAMS 0x000000008a000000, 0x000000008a000000| Untracked 
| 161|0x000000008a100000, 0x000000008a100000, 0x000000008a200000|  0%| F|  |TAMS 0x000000008a100000, 0x000000008a100000| Untracked 
| 162|0x000000008a200000, 0x000000008a200000, 0x000000008a300000|  0%| F|  |TAMS 0x000000008a200000, 0x000000008a200000| Untracked 
| 163|0x000000008a300000, 0x000000008a300000, 0x000000008a400000|  0%| F|  |TAMS 0x000000008a300000, 0x000000008a300000| Untracked 
| 164|0x000000008a400000, 0x000000008a400000, 0x000000008a500000|  0%| F|  |TAMS 0x000000008a400000, 0x000000008a400000| Untracked 
| 165|0x000000008a500000, 0x000000008a500000, 0x000000008a600000|  0%| F|  |TAMS 0x000000008a500000, 0x000000008a500000| Untracked 
| 166|0x000000008a600000, 0x000000008a600000, 0x000000008a700000|  0%| F|  |TAMS 0x000000008a600000, 0x000000008a600000| Untracked 
| 167|0x000000008a700000, 0x000000008a700000, 0x000000008a800000|  0%| F|  |TAMS 0x000000008a700000, 0x000000008a700000| Untracked 
| 168|0x000000008a800000, 0x000000008a800000, 0x000000008a900000|  0%| F|  |TAMS 0x000000008a800000, 0x000000008a800000| Untracked 
| 169|0x000000008a900000, 0x000000008a900000, 0x000000008aa00000|  0%| F|  |TAMS 0x000000008a900000, 0x000000008a900000| Untracked 
| 170|0x000000008aa00000, 0x000000008aa00000, 0x000000008ab00000|  0%| F|  |TAMS 0x000000008aa00000, 0x000000008aa00000| Untracked 
| 171|0x000000008ab00000, 0x000000008ab00000, 0x000000008ac00000|  0%| F|  |TAMS 0x000000008ab00000, 0x000000008ab00000| Untracked 
| 172|0x000000008ac00000, 0x000000008ac00000, 0x000000008ad00000|  0%| F|  |TAMS 0x000000008ac00000, 0x000000008ac00000| Untracked 
| 173|0x000000008ad00000, 0x000000008ad00000, 0x000000008ae00000|  0%| F|  |TAMS 0x000000008ad00000, 0x000000008ad00000| Untracked 
| 174|0x000000008ae00000, 0x000000008ae00000, 0x000000008af00000|  0%| F|  |TAMS 0x000000008ae00000, 0x000000008ae00000| Untracked 
| 175|0x000000008af00000, 0x000000008af00000, 0x000000008b000000|  0%| F|  |TAMS 0x000000008af00000, 0x000000008af00000| Untracked 
| 176|0x000000008b000000, 0x000000008b000000, 0x000000008b100000|  0%| F|  |TAMS 0x000000008b000000, 0x000000008b000000| Untracked 
| 177|0x000000008b100000, 0x000000008b100000, 0x000000008b200000|  0%| F|  |TAMS 0x000000008b100000, 0x000000008b100000| Untracked 
| 178|0x000000008b200000, 0x000000008b200000, 0x000000008b300000|  0%| F|  |TAMS 0x000000008b200000, 0x000000008b200000| Untracked 
| 179|0x000000008b300000, 0x000000008b300000, 0x000000008b400000|  0%| F|  |TAMS 0x000000008b300000, 0x000000008b300000| Untracked 
| 180|0x000000008b400000, 0x000000008b450020, 0x000000008b500000| 31%| S|CS|TAMS 0x000000008b400000, 0x000000008b400000| Complete 
| 181|0x000000008b500000, 0x000000008b600000, 0x000000008b600000|100%| S|CS|TAMS 0x000000008b500000, 0x000000008b500000| Complete 
| 182|0x000000008b600000, 0x000000008b700000, 0x000000008b700000|100%| S|CS|TAMS 0x000000008b600000, 0x000000008b600000| Complete 
| 183|0x000000008b700000, 0x000000008b700000, 0x000000008b800000|  0%| F|  |TAMS 0x000000008b700000, 0x000000008b700000| Untracked 
| 184|0x000000008b800000, 0x000000008b800000, 0x000000008b900000|  0%| F|  |TAMS 0x000000008b800000, 0x000000008b800000| Untracked 
| 185|0x000000008b900000, 0x000000008b900000, 0x000000008ba00000|  0%| F|  |TAMS 0x000000008b900000, 0x000000008b900000| Untracked 
| 186|0x000000008ba00000, 0x000000008ba00000, 0x000000008bb00000|  0%| F|  |TAMS 0x000000008ba00000, 0x000000008ba00000| Untracked 
| 187|0x000000008bb00000, 0x000000008bb00000, 0x000000008bc00000|  0%| F|  |TAMS 0x000000008bb00000, 0x000000008bb00000| Untracked 
| 188|0x000000008bc00000, 0x000000008bd00000, 0x000000008bd00000|100%| S|CS|TAMS 0x000000008bc00000, 0x000000008bc00000| Complete 
| 189|0x000000008bd00000, 0x000000008bd00000, 0x000000008be00000|  0%| F|  |TAMS 0x000000008bd00000, 0x000000008bd00000| Untracked 
| 190|0x000000008be00000, 0x000000008be00000, 0x000000008bf00000|  0%| F|  |TAMS 0x000000008be00000, 0x000000008be00000| Untracked 
| 191|0x000000008bf00000, 0x000000008bf00000, 0x000000008c000000|  0%| F|  |TAMS 0x000000008bf00000, 0x000000008bf00000| Untracked 
| 192|0x000000008c000000, 0x000000008c000000, 0x000000008c100000|  0%| F|  |TAMS 0x000000008c000000, 0x000000008c000000| Untracked 
| 193|0x000000008c100000, 0x000000008c100000, 0x000000008c200000|  0%| F|  |TAMS 0x000000008c100000, 0x000000008c100000| Untracked 
| 194|0x000000008c200000, 0x000000008c200000, 0x000000008c300000|  0%| F|  |TAMS 0x000000008c200000, 0x000000008c200000| Untracked 
| 195|0x000000008c300000, 0x000000008c300000, 0x000000008c400000|  0%| F|  |TAMS 0x000000008c300000, 0x000000008c300000| Untracked 
| 196|0x000000008c400000, 0x000000008c400000, 0x000000008c500000|  0%| F|  |TAMS 0x000000008c400000, 0x000000008c400000| Untracked 
| 197|0x000000008c500000, 0x000000008c500000, 0x000000008c600000|  0%| F|  |TAMS 0x000000008c500000, 0x000000008c500000| Untracked 
| 198|0x000000008c600000, 0x000000008c600000, 0x000000008c700000|  0%| F|  |TAMS 0x000000008c600000, 0x000000008c600000| Untracked 
| 199|0x000000008c700000, 0x000000008c700000, 0x000000008c800000|  0%| F|  |TAMS 0x000000008c700000, 0x000000008c700000| Untracked 
| 200|0x000000008c800000, 0x000000008c800000, 0x000000008c900000|  0%| F|  |TAMS 0x000000008c800000, 0x000000008c800000| Untracked 
| 201|0x000000008c900000, 0x000000008c900000, 0x000000008ca00000|  0%| F|  |TAMS 0x000000008c900000, 0x000000008c900000| Untracked 
| 202|0x000000008ca00000, 0x000000008ca00000, 0x000000008cb00000|  0%| F|  |TAMS 0x000000008ca00000, 0x000000008ca00000| Untracked 
| 203|0x000000008cb00000, 0x000000008cb00000, 0x000000008cc00000|  0%| F|  |TAMS 0x000000008cb00000, 0x000000008cb00000| Untracked 
| 204|0x000000008cc00000, 0x000000008cc00000, 0x000000008cd00000|  0%| F|  |TAMS 0x000000008cc00000, 0x000000008cc00000| Untracked 
| 205|0x000000008cd00000, 0x000000008cd00000, 0x000000008ce00000|  0%| F|  |TAMS 0x000000008cd00000, 0x000000008cd00000| Untracked 
| 206|0x000000008ce00000, 0x000000008ce00000, 0x000000008cf00000|  0%| F|  |TAMS 0x000000008ce00000, 0x000000008ce00000| Untracked 
| 207|0x000000008cf00000, 0x000000008cf00000, 0x000000008d000000|  0%| F|  |TAMS 0x000000008cf00000, 0x000000008cf00000| Untracked 
| 208|0x000000008d000000, 0x000000008d000000, 0x000000008d100000|  0%| F|  |TAMS 0x000000008d000000, 0x000000008d000000| Untracked 
| 209|0x000000008d100000, 0x000000008d100000, 0x000000008d200000|  0%| F|  |TAMS 0x000000008d100000, 0x000000008d100000| Untracked 
| 210|0x000000008d200000, 0x000000008d200000, 0x000000008d300000|  0%| F|  |TAMS 0x000000008d200000, 0x000000008d200000| Untracked 
| 211|0x000000008d300000, 0x000000008d300000, 0x000000008d400000|  0%| F|  |TAMS 0x000000008d300000, 0x000000008d300000| Untracked 
| 212|0x000000008d400000, 0x000000008d400000, 0x000000008d500000|  0%| F|  |TAMS 0x000000008d400000, 0x000000008d400000| Untracked 
| 213|0x000000008d500000, 0x000000008d500000, 0x000000008d600000|  0%| F|  |TAMS 0x000000008d500000, 0x000000008d500000| Untracked 
| 214|0x000000008d600000, 0x000000008d600000, 0x000000008d700000|  0%| F|  |TAMS 0x000000008d600000, 0x000000008d600000| Untracked 
| 215|0x000000008d700000, 0x000000008d700000, 0x000000008d800000|  0%| F|  |TAMS 0x000000008d700000, 0x000000008d700000| Untracked 
| 216|0x000000008d800000, 0x000000008d800000, 0x000000008d900000|  0%| F|  |TAMS 0x000000008d800000, 0x000000008d800000| Untracked 
| 217|0x000000008d900000, 0x000000008d900000, 0x000000008da00000|  0%| F|  |TAMS 0x000000008d900000, 0x000000008d900000| Untracked 
| 218|0x000000008da00000, 0x000000008da7c2a0, 0x000000008db00000| 48%| E|  |TAMS 0x000000008da00000, 0x000000008da00000| Complete 
| 219|0x000000008db00000, 0x000000008dc00000, 0x000000008dc00000|100%| E|CS|TAMS 0x000000008db00000, 0x000000008db00000| Complete 
| 220|0x000000008dc00000, 0x000000008dd00000, 0x000000008dd00000|100%| E|  |TAMS 0x000000008dc00000, 0x000000008dc00000| Complete 
| 221|0x000000008dd00000, 0x000000008de00000, 0x000000008de00000|100%| E|CS|TAMS 0x000000008dd00000, 0x000000008dd00000| Complete 

Card table byte_map: [0x0000016b7ef30000,0x0000016b7f330000] _byte_map_base: 0x0000016b7eb30000

Marking Bits (Prev, Next): (CMBitMap*) 0x0000016b6a22e8e8, (CMBitMap*) 0x0000016b6a22e920
 Prev Bits: [0x0000016b00000000, 0x0000016b02000000)
 Next Bits: [0x0000016b02000000, 0x0000016b04000000)

Polling page: 0x0000016b6a080000

Metaspace:

Usage:
  Non-class:    114.90 MB capacity,   112.57 MB ( 98%) used,     1.86 MB (  2%) free+waste,   478.13 KB ( <1%) overhead. 
      Class:     17.27 MB capacity,    15.89 MB ( 92%) used,     1.18 MB (  7%) free+waste,   207.94 KB (  1%) overhead. 
       Both:    132.17 MB capacity,   128.46 MB ( 97%) used,     3.04 MB (  2%) free+waste,   686.06 KB ( <1%) overhead. 

Virtual space:
  Non-class space:      116.00 MB reserved,     115.00 MB (>99%) committed 
      Class space:        1.00 GB reserved,      17.32 MB (  2%) committed 
             Both:        1.11 GB reserved,     132.32 MB ( 12%) committed 

Chunk freelists:
   Non-Class:  0 bytes
       Class:  0 bytes
        Both:  0 bytes

MaxMetaspaceSize: 17179869184.00 GB
CompressedClassSpaceSize: 1.00 GB

CodeHeap 'non-profiled nmethods': size=120064Kb used=16417Kb max_used=16909Kb free=103647Kb
 bounds [0x0000016b76fd0000, 0x0000016b78060000, 0x0000016b7e510000]
CodeHeap 'profiled nmethods': size=120000Kb used=50419Kb max_used=52829Kb free=69580Kb
 bounds [0x0000016b6faa0000, 0x0000016b72e60000, 0x0000016b76fd0000]
CodeHeap 'non-nmethods': size=5696Kb used=2368Kb max_used=2456Kb free=3327Kb
 bounds [0x0000016b6f510000, 0x0000016b6f790000, 0x0000016b6faa0000]
 total_blobs=23859 nmethods=22869 adapters=900
 compilation: enabled
              stopped_count=0, restarted_count=0
 full_count=0

Compilation events (20 events):
Event: 1069.432 Thread 0x0000016b0684b000 nmethod 26396 0x0000016b77507410 code [0x0000016b775075e0, 0x0000016b77507cb8]
Event: 1069.433 Thread 0x0000016b0684b000 26400       4       java.util.stream.SpinedBuffer::copyInto (129 bytes)
Event: 1069.441 Thread 0x0000016b0684b000 nmethod 26400 0x0000016b77506810 code [0x0000016b775069c0, 0x0000016b77507038]
Event: 1069.441 Thread 0x0000016b0684b000 26402       4       java.util.stream.Nodes$SpinedNodeBuilder::asArray (29 bytes)
Event: 1069.452 Thread 0x0000016b0684b000 nmethod 26402 0x0000016b77517190 code [0x0000016b77517360, 0x0000016b77517a78]
Event: 1069.452 Thread 0x0000016b0684b000 26376       4       java.util.stream.Nodes$SpinedNodeBuilder::end (29 bytes)
Event: 1069.452 Thread 0x0000016b0684b000 nmethod 26376 0x0000016b774b1410 code [0x0000016b774b15a0, 0x0000016b774b15f8]
Event: 1069.452 Thread 0x0000016b0684b000 26390       4       java.util.stream.SpinedBuffer::asArray (46 bytes)
Event: 1069.462 Thread 0x0000016b06852800 26405       2       com.android.tools.r8.code.O3::a (1 bytes)
Event: 1069.462 Thread 0x0000016b06852800 nmethod 26405 0x0000016b6fca3010 code [0x0000016b6fca31c0, 0x0000016b6fca32b8]
Event: 1069.463 Thread 0x0000016b0684b000 nmethod 26390 0x0000016b77584510 code [0x0000016b775846e0, 0x0000016b77584df8]
Event: 1069.463 Thread 0x0000016b0684b000 26377       4       java.util.stream.Nodes$SpinedNodeBuilder::build (25 bytes)
Event: 1069.463 Thread 0x0000016b0684b000 nmethod 26377 0x0000016b774ba690 code [0x0000016b774ba820, 0x0000016b774ba878]
Event: 1069.463 Thread 0x0000016b0684b000 26367       4       com.android.tools.r8.internal.KL0$$Lambda$1722/0x0000000100ec0440::apply (5 bytes)
Event: 1069.464 Thread 0x0000016b0684b000 nmethod 26367 0x0000016b774ba310 code [0x0000016b774ba4a0, 0x0000016b774ba5d8]
Event: 1069.464 Thread 0x0000016b0684b000 26391       4       java.util.stream.Nodes$SpinedNodeBuilder::copyInto (30 bytes)
Event: 1069.473 Thread 0x0000016b0684b000 nmethod 26391 0x0000016b7758cd90 code [0x0000016b7758cf40, 0x0000016b7758d5b8]
Event: 1069.473 Thread 0x0000016b0684b000 26406       4       com.android.tools.r8.dex.N::a (20 bytes)
Event: 1069.508 Thread 0x0000016b06852800 26410       2       java.util.stream.SortedOps$SizedRefSortingSink::end (129 bytes)
Event: 1069.508 Thread 0x0000016b06852800 nmethod 26410 0x0000016b6fca2810 code [0x0000016b6fca2a20, 0x0000016b6fca2dd8]

GC Heap History (20 events):
Event: 1064.960 GC heap before
{Heap before GC invocations=77 (full 0):
 garbage-first heap   total 227328K, used 177636K [0x0000000080000000, 0x0000000100000000)
  region size 1024K, 68 young (69632K), 9 survivors (9216K)
 Metaspace       used 129432K, capacity 133039K, committed 133196K, reserved 1165312K
  class space    used 16030K, capacity 17381K, committed 17484K, reserved 1048576K
}
Event: 1064.984 GC heap after
{Heap after GC invocations=78 (full 0):
 garbage-first heap   total 227328K, used 123285K [0x0000000080000000, 0x0000000100000000)
  region size 1024K, 9 young (9216K), 9 survivors (9216K)
 Metaspace       used 129432K, capacity 133039K, committed 133196K, reserved 1165312K
  class space    used 16030K, capacity 17381K, committed 17484K, reserved 1048576K
}
Event: 1065.019 GC heap before
{Heap before GC invocations=78 (full 0):
 garbage-first heap   total 227328K, used 124309K [0x0000000080000000, 0x0000000100000000)
  region size 1024K, 11 young (11264K), 9 survivors (9216K)
 Metaspace       used 129438K, capacity 133039K, committed 133196K, reserved 1165312K
  class space    used 16030K, capacity 17381K, committed 17484K, reserved 1048576K
}
Event: 1065.035 GC heap after
{Heap after GC invocations=79 (full 0):
 garbage-first heap   total 227328K, used 117167K [0x0000000080000000, 0x0000000100000000)
  region size 1024K, 2 young (2048K), 2 survivors (2048K)
 Metaspace       used 129438K, capacity 133039K, committed 133196K, reserved 1165312K
  class space    used 16030K, capacity 17381K, committed 17484K, reserved 1048576K
}
Event: 1065.378 GC heap before
{Heap before GC invocations=79 (full 0):
 garbage-first heap   total 227328K, used 172463K [0x0000000080000000, 0x0000000100000000)
  region size 1024K, 56 young (57344K), 2 survivors (2048K)
 Metaspace       used 129458K, capacity 133103K, committed 133452K, reserved 1165312K
  class space    used 16030K, capacity 17381K, committed 17484K, reserved 1048576K
}
Event: 1065.384 GC heap after
{Heap after GC invocations=80 (full 0):
 garbage-first heap   total 227328K, used 116429K [0x0000000080000000, 0x0000000100000000)
  region size 1024K, 1 young (1024K), 1 survivors (1024K)
 Metaspace       used 129458K, capacity 133103K, committed 133452K, reserved 1165312K
  class space    used 16030K, capacity 17381K, committed 17484K, reserved 1048576K
}
Event: 1066.166 GC heap before
{Heap before GC invocations=81 (full 0):
 garbage-first heap   total 227328K, used 192205K [0x0000000080000000, 0x0000000100000000)
  region size 1024K, 60 young (61440K), 1 survivors (1024K)
 Metaspace       used 129551K, capacity 133145K, committed 133452K, reserved 1165312K
  class space    used 16037K, capacity 17391K, committed 17484K, reserved 1048576K
}
Event: 1066.173 GC heap after
{Heap after GC invocations=82 (full 0):
 garbage-first heap   total 227328K, used 118944K [0x0000000080000000, 0x0000000100000000)
  region size 1024K, 4 young (4096K), 4 survivors (4096K)
 Metaspace       used 129551K, capacity 133145K, committed 133452K, reserved 1165312K
  class space    used 16037K, capacity 17391K, committed 17484K, reserved 1048576K
}
Event: 1066.350 GC heap before
{Heap before GC invocations=82 (full 0):
 garbage-first heap   total 227328K, used 126112K [0x0000000080000000, 0x0000000100000000)
  region size 1024K, 11 young (11264K), 4 survivors (4096K)
 Metaspace       used 129555K, capacity 133209K, committed 133452K, reserved 1165312K
  class space    used 16037K, capacity 17391K, committed 17484K, reserved 1048576K
}
Event: 1066.358 GC heap after
{Heap after GC invocations=83 (full 0):
 garbage-first heap   total 227328K, used 114670K [0x0000000080000000, 0x0000000100000000)
  region size 1024K, 1 young (1024K), 1 survivors (1024K)
 Metaspace       used 129555K, capacity 133209K, committed 133452K, reserved 1165312K
  class space    used 16037K, capacity 17391K, committed 17484K, reserved 1048576K
}
Event: 1067.638 GC heap before
{Heap before GC invocations=83 (full 0):
 garbage-first heap   total 227328K, used 172014K [0x0000000080000000, 0x0000000100000000)
  region size 1024K, 59 young (60416K), 1 survivors (1024K)
 Metaspace       used 130804K, capacity 134465K, committed 134604K, reserved 1167360K
  class space    used 16192K, capacity 17592K, committed 17612K, reserved 1048576K
}
Event: 1067.646 GC heap after
{Heap after GC invocations=84 (full 0):
 garbage-first heap   total 227328K, used 116170K [0x0000000080000000, 0x0000000100000000)
  region size 1024K, 2 young (2048K), 2 survivors (2048K)
 Metaspace       used 130804K, capacity 134465K, committed 134604K, reserved 1167360K
  class space    used 16192K, capacity 17592K, committed 17612K, reserved 1048576K
}
Event: 1068.551 GC heap before
{Heap before GC invocations=85 (full 0):
 garbage-first heap   total 227328K, used 179105K [0x0000000080000000, 0x0000000100000000)
  region size 1024K, 65 young (66560K), 2 survivors (2048K)
 Metaspace       used 131108K, capacity 134740K, committed 134860K, reserved 1167360K
  class space    used 16205K, capacity 17596K, committed 17612K, reserved 1048576K
}
Event: 1068.587 GC heap after
{Heap after GC invocations=86 (full 0):
 garbage-first heap   total 227328K, used 140083K [0x0000000080000000, 0x0000000100000000)
  region size 1024K, 9 young (9216K), 9 survivors (9216K)
 Metaspace       used 131108K, capacity 134740K, committed 134860K, reserved 1167360K
  class space    used 16205K, capacity 17596K, committed 17612K, reserved 1048576K
}
Event: 1068.611 GC heap before
{Heap before GC invocations=86 (full 0):
 garbage-first heap   total 227328K, used 142131K [0x0000000080000000, 0x0000000100000000)
  region size 1024K, 11 young (11264K), 9 survivors (9216K)
 Metaspace       used 131108K, capacity 134740K, committed 134860K, reserved 1167360K
  class space    used 16205K, capacity 17596K, committed 17612K, reserved 1048576K
}
Event: 1068.636 GC heap after
{Heap after GC invocations=87 (full 0):
 garbage-first heap   total 227328K, used 132079K [0x0000000080000000, 0x0000000100000000)
  region size 1024K, 2 young (2048K), 2 survivors (2048K)
 Metaspace       used 131108K, capacity 134740K, committed 134860K, reserved 1167360K
  class space    used 16205K, capacity 17596K, committed 17612K, reserved 1048576K
}
Event: 1068.986 GC heap before
{Heap before GC invocations=87 (full 0):
 garbage-first heap   total 227328K, used 174063K [0x0000000080000000, 0x0000000100000000)
  region size 1024K, 44 young (45056K), 2 survivors (2048K)
 Metaspace       used 131201K, capacity 134908K, committed 135116K, reserved 1167360K
  class space    used 16213K, capacity 17607K, committed 17612K, reserved 1048576K
}
Event: 1069.009 GC heap after
{Heap after GC invocations=88 (full 0):
 garbage-first heap   total 227328K, used 145408K [0x0000000080000000, 0x0000000100000000)
  region size 1024K, 6 young (6144K), 6 survivors (6144K)
 Metaspace       used 131201K, capacity 134908K, committed 135116K, reserved 1167360K
  class space    used 16213K, capacity 17607K, committed 17612K, reserved 1048576K
}
Event: 1069.377 GC heap before
{Heap before GC invocations=88 (full 0):
 garbage-first heap   total 227328K, used 176128K [0x0000000080000000, 0x0000000100000000)
  region size 1024K, 40 young (40960K), 6 survivors (6144K)
 Metaspace       used 131238K, capacity 134909K, committed 135116K, reserved 1167360K
  class space    used 16214K, capacity 17607K, committed 17612K, reserved 1048576K
}
Event: 1069.399 GC heap after
{Heap after GC invocations=89 (full 0):
 garbage-first heap   total 227328K, used 147743K [0x0000000080000000, 0x0000000100000000)
  region size 1024K, 5 young (5120K), 5 survivors (5120K)
 Metaspace       used 131238K, capacity 134909K, committed 135116K, reserved 1167360K
  class space    used 16214K, capacity 17607K, committed 17612K, reserved 1048576K
}

Deoptimization events (20 events):
Event: 1069.287 Thread 0x0000016b0a37c000 DEOPT PACKING pc=0x0000016b77ee5f90 sp=0x000000656b1fa1e0
Event: 1069.287 Thread 0x0000016b0a37c000 DEOPT UNPACKING pc=0x0000016b6f5365af sp=0x000000656b1fa180 mode 2
Event: 1069.287 Thread 0x0000016b0a37c000 Uncommon trap: trap_request=0xffffffde fr.pc=0x0000016b77ee5f90 relative=0x0000000000000790
Event: 1069.287 Thread 0x0000016b0a37c000 Uncommon trap: reason=class_check action=maybe_recompile pc=0x0000016b77ee5f90 method=org.apache.xerces.parsers.AbstractSAXParser.endElement(Lorg/apache/xerces/xni/QName;Lorg/apache/xerces/xni/Augmentations;)V @ 78 c2
Event: 1069.287 Thread 0x0000016b0a37c000 DEOPT PACKING pc=0x0000016b77ee5f90 sp=0x000000656b1fa170
Event: 1069.287 Thread 0x0000016b0a37c000 DEOPT UNPACKING pc=0x0000016b6f5365af sp=0x000000656b1fa110 mode 2
Event: 1069.415 Thread 0x0000016b0f87c000 Uncommon trap: trap_request=0xffffffcc fr.pc=0x0000016b774baeb4 relative=0x00000000000003d4
Event: 1069.415 Thread 0x0000016b0f87c000 Uncommon trap: reason=intrinsic_or_type_checked_inlining action=make_not_entrant pc=0x0000016b774baeb4 method=java.util.stream.SpinedBuffer.copyInto([Ljava/lang/Object;I)V @ 87 c2
Event: 1069.415 Thread 0x0000016b0f87c000 DEOPT PACKING pc=0x0000016b774baeb4 sp=0x000000656b8fd610
Event: 1069.416 Thread 0x0000016b0f87c000 DEOPT UNPACKING pc=0x0000016b6f5365af sp=0x000000656b8fd448 mode 2
Event: 1069.426 Thread 0x0000016b0f87c000 Uncommon trap: trap_request=0xffffffcc fr.pc=0x0000016b774cad44 relative=0x0000000000000404
Event: 1069.426 Thread 0x0000016b0f87c000 Uncommon trap: reason=intrinsic_or_type_checked_inlining action=make_not_entrant pc=0x0000016b774cad44 method=java.util.stream.SpinedBuffer.copyInto([Ljava/lang/Object;I)V @ 125 c2
Event: 1069.426 Thread 0x0000016b0f87c000 DEOPT PACKING pc=0x0000016b774cad44 sp=0x000000656b8fd3f0
Event: 1069.426 Thread 0x0000016b0f87c000 DEOPT UNPACKING pc=0x0000016b6f5365af sp=0x000000656b8fd390 mode 2
Event: 1069.432 Thread 0x0000016b0f87c000 Uncommon trap: trap_request=0xffffffcc fr.pc=0x0000016b77507788 relative=0x00000000000001a8
Event: 1069.432 Thread 0x0000016b0f87c000 Uncommon trap: reason=intrinsic_or_type_checked_inlining action=make_not_entrant pc=0x0000016b77507788 method=java.util.stream.SpinedBuffer.copyInto([Ljava/lang/Object;I)V @ 51 c2
Event: 1069.432 Thread 0x0000016b0f87c000 DEOPT PACKING pc=0x0000016b77507788 sp=0x000000656b8fd600
Event: 1069.432 Thread 0x0000016b0f87c000 DEOPT UNPACKING pc=0x0000016b6f5365af sp=0x000000656b8fd448 mode 2
Event: 1069.504 Thread 0x0000016b0f87c000 DEOPT PACKING pc=0x0000016b722bca48 sp=0x000000656b8fd750
Event: 1069.504 Thread 0x0000016b0f87c000 DEOPT UNPACKING pc=0x0000016b6f536d5e sp=0x000000656b8fcc38 mode 0

Classes redefined (0 events):
No events

Internal exceptions (20 events):
Event: 1066.444 Thread 0x0000016b0a375800 Exception <a 'sun/nio/fs/WindowsException'{0x000000008d8cd2f0}> (0x000000008d8cd2f0) thrown at [./src/hotspot/share/prims/jni.cpp, line 615]
Event: 1066.457 Thread 0x0000016b0a375800 Exception <a 'sun/nio/fs/WindowsException'{0x000000008d8ce3c8}> (0x000000008d8ce3c8) thrown at [./src/hotspot/share/prims/jni.cpp, line 615]
Event: 1066.660 Thread 0x0000016b0a37c000 Exception <a 'sun/nio/fs/WindowsException'{0x000000008c96b370}> (0x000000008c96b370) thrown at [./src/hotspot/share/prims/jni.cpp, line 615]
Event: 1066.661 Thread 0x0000016b0a37c000 Exception <a 'sun/nio/fs/WindowsException'{0x000000008c96c208}> (0x000000008c96c208) thrown at [./src/hotspot/share/prims/jni.cpp, line 615]
Event: 1066.750 Thread 0x0000016b0a37c000 Exception <a 'sun/nio/fs/WindowsException'{0x000000008c585da0}> (0x000000008c585da0) thrown at [./src/hotspot/share/prims/jni.cpp, line 615]
Event: 1066.750 Thread 0x0000016b0a37c000 Exception <a 'sun/nio/fs/WindowsException'{0x000000008c586c60}> (0x000000008c586c60) thrown at [./src/hotspot/share/prims/jni.cpp, line 615]
Event: 1066.759 Thread 0x0000016b0f87c000 Exception <a 'sun/nio/fs/WindowsException'{0x000000008c43b4d0}> (0x000000008c43b4d0) thrown at [./src/hotspot/share/prims/jni.cpp, line 615]
Event: 1066.794 Thread 0x0000016b0a375800 Exception <a 'java/lang/NoSuchMethodError'{0x000000008c3d11b0}: <clinit>> (0x000000008c3d11b0) thrown at [./src/hotspot/share/prims/jni.cpp, line 1362]
Event: 1066.976 Thread 0x0000016b0a375800 Exception <a 'sun/nio/fs/WindowsException'{0x000000008bf9bd40}> (0x000000008bf9bd40) thrown at [./src/hotspot/share/prims/jni.cpp, line 615]
Event: 1066.979 Thread 0x0000016b0a375800 Exception <a 'sun/nio/fs/WindowsException'{0x000000008bf9cc18}> (0x000000008bf9cc18) thrown at [./src/hotspot/share/prims/jni.cpp, line 615]
Event: 1066.979 Thread 0x0000016b0a375800 Exception <a 'sun/nio/fs/WindowsException'{0x000000008bf9cf28}> (0x000000008bf9cf28) thrown at [./src/hotspot/share/prims/jni.cpp, line 615]
Event: 1066.979 Thread 0x0000016b0a375800 Exception <a 'sun/nio/fs/WindowsException'{0x000000008bf9ddc8}> (0x000000008bf9ddc8) thrown at [./src/hotspot/share/prims/jni.cpp, line 615]
Event: 1066.979 Thread 0x0000016b0a375800 Exception <a 'sun/nio/fs/WindowsException'{0x000000008bf9e0b8}> (0x000000008bf9e0b8) thrown at [./src/hotspot/share/prims/jni.cpp, line 615]
Event: 1066.979 Thread 0x0000016b0a375800 Exception <a 'sun/nio/fs/WindowsException'{0x000000008be2fb88}> (0x000000008be2fb88) thrown at [./src/hotspot/share/prims/jni.cpp, line 615]
Event: 1067.346 Thread 0x0000016b0a62a000 Exception <a 'sun/nio/fs/WindowsException'{0x000000008b160a60}> (0x000000008b160a60) thrown at [./src/hotspot/share/prims/jni.cpp, line 615]
Event: 1067.346 Thread 0x0000016b0a62a000 Exception <a 'sun/nio/fs/WindowsException'{0x000000008b162388}> (0x000000008b162388) thrown at [./src/hotspot/share/prims/jni.cpp, line 615]
Event: 1067.352 Thread 0x0000016b0a62a000 Implicit null exception at 0x0000016b770390a9 to 0x0000016b77039190
Event: 1067.357 Thread 0x0000016b0a377000 Exception <a 'sun/nio/fs/WindowsException'{0x000000008b0878b8}> (0x000000008b0878b8) thrown at [./src/hotspot/share/prims/jni.cpp, line 615]
Event: 1067.358 Thread 0x0000016b0a377000 Exception <a 'sun/nio/fs/WindowsException'{0x000000008b087bb0}> (0x000000008b087bb0) thrown at [./src/hotspot/share/prims/jni.cpp, line 615]
Event: 1067.735 Thread 0x0000016b0f87c000 Exception <a 'sun/nio/fs/WindowsException'{0x000000008d9d0358}> (0x000000008d9d0358) thrown at [./src/hotspot/share/prims/jni.cpp, line 615]

Events (20 events):
Event: 1069.171 Executing VM operation: RevokeBias
Event: 1069.171 Executing VM operation: RevokeBias done
Event: 1069.212 Executing VM operation: RevokeBias
Event: 1069.213 Executing VM operation: RevokeBias done
Event: 1069.217 Executing VM operation: RevokeBias
Event: 1069.217 Executing VM operation: RevokeBias done
Event: 1069.226 loading class com/android/tools/r8/graph/P1
Event: 1069.226 loading class com/android/tools/r8/graph/P1 done
Event: 1069.252 Executing VM operation: RevokeBias
Event: 1069.252 Executing VM operation: RevokeBias done
Event: 1069.254 Executing VM operation: RevokeBias
Event: 1069.254 Executing VM operation: RevokeBias done
Event: 1069.254 Executing VM operation: RevokeBias
Event: 1069.254 Executing VM operation: RevokeBias done
Event: 1069.315 Executing VM operation: CGC_Operation
Event: 1069.333 Executing VM operation: CGC_Operation done
Event: 1069.377 Executing VM operation: G1CollectForAllocation
Event: 1069.399 Executing VM operation: G1CollectForAllocation done
Event: 1069.506 Executing VM operation: CGC_Operation
Event: 1069.506 Executing VM operation: CGC_Operation done


Dynamic libraries:
0x00007ff7cde50000 - 0x00007ff7cde5a000 	C:\Program Files\Android\Android Studio\jre\bin\java.exe
0x00007ff926690000 - 0x00007ff926871000 	C:\Windows\SYSTEM32\ntdll.dll
0x00007ff9258e0000 - 0x00007ff925991000 	C:\Windows\System32\KERNEL32.DLL
0x00007ff922ad0000 - 0x00007ff922d43000 	C:\Windows\System32\KERNELBASE.dll
0x00007ff9236b0000 - 0x00007ff9237a8000 	C:\Windows\System32\ucrtbase.dll
0x00007ff919520000 - 0x00007ff919537000 	C:\Program Files\Android\Android Studio\jre\bin\VCRUNTIME140.dll
0x00007ff919500000 - 0x00007ff919519000 	C:\Program Files\Android\Android Studio\jre\bin\jli.dll
0x00007ff9264d0000 - 0x00007ff926660000 	C:\Windows\System32\USER32.dll
0x00007ff9237b0000 - 0x00007ff9237d0000 	C:\Windows\System32\win32u.dll
0x00007ff90e300000 - 0x00007ff90e569000 	C:\Windows\WinSxS\amd64_microsoft.windows.common-controls_6595b64144ccf1df_6.0.17134.1246_none_d3ffb9d77c90723d\COMCTL32.dll
0x00007ff923b10000 - 0x00007ff923b38000 	C:\Windows\System32\GDI32.dll
0x00007ff923b40000 - 0x00007ff923bde000 	C:\Windows\System32\msvcrt.dll
0x00007ff9234c0000 - 0x00007ff923651000 	C:\Windows\System32\gdi32full.dll
0x00007ff925df0000 - 0x00007ff926111000 	C:\Windows\System32\combase.dll
0x00007ff923a70000 - 0x00007ff923b0f000 	C:\Windows\System32\msvcp_win.dll
0x00007ff925530000 - 0x00007ff925654000 	C:\Windows\System32\RPCRT4.dll
0x00007ff922a50000 - 0x00007ff922ac9000 	C:\Windows\System32\bcryptPrimitives.dll
0x00007ff926430000 - 0x00007ff92645d000 	C:\Windows\System32\IMM32.DLL
0x00007ff908760000 - 0x00007ff9087fd000 	C:\Program Files\Android\Android Studio\jre\bin\msvcp140.dll
0x00007ff8f5c90000 - 0x00007ff8f6765000 	C:\Program Files\Android\Android Studio\jre\bin\server\jvm.dll
0x00007ff926120000 - 0x00007ff9261c1000 	C:\Windows\System32\ADVAPI32.dll
0x00007ff923de0000 - 0x00007ff923e3b000 	C:\Windows\System32\sechost.dll
0x00007ff9264c0000 - 0x00007ff9264c8000 	C:\Windows\System32\PSAPI.DLL
0x00007ff915fa0000 - 0x00007ff915fa9000 	C:\Windows\SYSTEM32\WSOCK32.dll
0x00007ff91ffa0000 - 0x00007ff91ffc3000 	C:\Windows\SYSTEM32\WINMM.dll
0x00007ff919280000 - 0x00007ff91928a000 	C:\Windows\SYSTEM32\VERSION.dll
0x00007ff9263b0000 - 0x00007ff92641c000 	C:\Windows\System32\WS2_32.dll
0x00007ff91ff40000 - 0x00007ff91ff6a000 	C:\Windows\SYSTEM32\WINMMBASE.dll
0x00007ff923660000 - 0x00007ff9236a9000 	C:\Windows\System32\cfgmgr32.dll
0x00007ff922990000 - 0x00007ff9229a1000 	C:\Windows\System32\kernel.appcore.dll
0x00007ff915f70000 - 0x00007ff915f81000 	C:\Program Files\Android\Android Studio\jre\bin\verify.dll
0x00007ff922480000 - 0x00007ff922649000 	C:\Windows\SYSTEM32\DBGHELP.DLL
0x00007ff9223b0000 - 0x00007ff9223d9000 	C:\Windows\SYSTEM32\dbgcore.DLL
0x00007ff915f40000 - 0x00007ff915f69000 	C:\Program Files\Android\Android Studio\jre\bin\java.dll
0x00007ff915f30000 - 0x00007ff915f3b000 	C:\Program Files\Android\Android Studio\jre\bin\jimage.dll
0x00007ff9159d0000 - 0x00007ff9159e8000 	C:\Program Files\Android\Android Studio\jre\bin\zip.dll
0x00007ff923fc0000 - 0x00007ff925405000 	C:\Windows\System32\SHELL32.dll
0x00007ff926230000 - 0x00007ff9262d9000 	C:\Windows\System32\shcore.dll
0x00007ff922d50000 - 0x00007ff923460000 	C:\Windows\System32\windows.storage.dll
0x00007ff923be0000 - 0x00007ff923c31000 	C:\Windows\System32\shlwapi.dll
0x00007ff922a00000 - 0x00007ff922a1f000 	C:\Windows\System32\profapi.dll
0x00007ff9229b0000 - 0x00007ff9229fc000 	C:\Windows\System32\powrprof.dll
0x00007ff922a40000 - 0x00007ff922a4a000 	C:\Windows\System32\FLTLIB.DLL
0x00007ff90b8e0000 - 0x00007ff90b8fa000 	C:\Program Files\Android\Android Studio\jre\bin\net.dll
0x00007ff91c6a0000 - 0x00007ff91c77d000 	C:\Windows\SYSTEM32\WINHTTP.dll
0x00007ff921e50000 - 0x00007ff921eb6000 	C:\Windows\system32\mswsock.dll
0x00007ff9096a0000 - 0x00007ff9096b4000 	C:\Program Files\Android\Android Studio\jre\bin\nio.dll
0x00007ff91bf80000 - 0x00007ff91bfa7000 	C:\Users\user\.gradle\native\e1d6ef7f7dcc3fd88c89a11ec53ec762bb8ba0a96d01ffa2cd45eb1d1d8dd5c5\windows-amd64\native-platform.dll
0x00007ff8f6d20000 - 0x00007ff8f6e64000 	C:\Users\user\.gradle\native\5664cfc778a61ccfe75a443a1ab52a65af34e5dc3c78e0209fed803814484fcb\windows-amd64\native-platform-file-events.dll
0x00007ff915f20000 - 0x00007ff915f2a000 	C:\Program Files\Android\Android Studio\jre\bin\management.dll
0x00007ff909690000 - 0x00007ff90969d000 	C:\Program Files\Android\Android Studio\jre\bin\management_ext.dll
0x00007ff922650000 - 0x00007ff922667000 	C:\Windows\SYSTEM32\CRYPTSP.dll
0x00007ff921a00000 - 0x00007ff921a33000 	C:\Windows\system32\rsaenh.dll
0x00007ff9223e0000 - 0x00007ff922405000 	C:\Windows\SYSTEM32\bcrypt.dll
0x00007ff922890000 - 0x00007ff9228b8000 	C:\Windows\SYSTEM32\USERENV.dll
0x00007ff922000000 - 0x00007ff92200b000 	C:\Windows\SYSTEM32\CRYPTBASE.dll
0x00007ff921ba0000 - 0x00007ff921bd8000 	C:\Windows\SYSTEM32\IPHLPAPI.DLL
0x00007ff925520000 - 0x00007ff925528000 	C:\Windows\System32\NSI.dll
0x00007ff9175e0000 - 0x00007ff9175f6000 	C:\Windows\SYSTEM32\dhcpcsvc6.DLL
0x00007ff918ed0000 - 0x00007ff918eea000 	C:\Windows\SYSTEM32\dhcpcsvc.DLL
0x00007ff9216f0000 - 0x00007ff921721000 	C:\Windows\SYSTEM32\ntmarta.dll
0x00007ff920090000 - 0x00007ff92011b000 	C:\Windows\system32\apphelp.dll
0x00007ff8f7ee0000 - 0x00007ff8f7f07000 	C:\Program Files\Android\Android Studio\jre\bin\sunec.dll

dbghelp: loaded successfully - version: 4.0.5 - missing functions: none
symbol engine: initialized successfully - sym options: 0x614 - pdb path: .;C:\Program Files\Android\Android Studio\jre\bin;C:\Windows\SYSTEM32;C:\Windows\WinSxS\amd64_microsoft.windows.common-controls_6595b64144ccf1df_6.0.17134.1246_none_d3ffb9d77c90723d;C:\Program Files\Android\Android Studio\jre\bin\server;C:\Users\user\.gradle\native\e1d6ef7f7dcc3fd88c89a11ec53ec762bb8ba0a96d01ffa2cd45eb1d1d8dd5c5\windows-amd64;C:\Users\user\.gradle\native\5664cfc778a61ccfe75a443a1ab52a65af34e5dc3c78e0209fed803814484fcb\windows-amd64

VM Arguments:
jvm_args: --add-opens=java.base/java.util=ALL-UNNAMED --add-opens=java.base/java.lang=ALL-UNNAMED --add-opens=java.base/java.lang.invoke=ALL-UNNAMED --add-opens=java.base/java.util=ALL-UNNAMED --add-opens=java.prefs/java.util.prefs=ALL-UNNAMED --add-opens=java.prefs/java.util.prefs=ALL-UNNAMED --add-opens=java.base/java.nio.charset=ALL-UNNAMED --add-opens=java.base/java.net=ALL-UNNAMED --add-opens=java.base/java.util.concurrent.atomic=ALL-UNNAMED -Xmx2048m -Dfile.encoding=UTF-8 -Duser.country=US -Duser.language=en -Duser.variant 
java_command: org.gradle.launcher.daemon.bootstrap.GradleDaemon 7.2
java_class_path (initial): C:\Users\user\.gradle\wrapper\dists\gradle-7.2-bin\2dnblmf4td7x66yl1d74lt32g\gradle-7.2\lib\gradle-launcher-7.2.jar
Launcher Type: SUN_STANDARD

[Global flags]
     intx CICompilerCount                          = 3                                         {product} {ergonomic}
     uint ConcGCThreads                            = 1                                         {product} {ergonomic}
     uint G1ConcRefinementThreads                  = 4                                         {product} {ergonomic}
   size_t G1HeapRegionSize                         = 1048576                                   {product} {ergonomic}
    uintx GCDrainStackTargetSize                   = 64                                        {product} {ergonomic}
   size_t InitialHeapSize                          = 134217728                                 {product} {ergonomic}
   size_t MarkStackSize                            = 4194304                                   {product} {ergonomic}
   size_t MaxHeapSize                              = 2147483648                                {product} {command line}
   size_t MaxNewSize                               = 1287651328                                {product} {ergonomic}
   size_t MinHeapDeltaBytes                        = 1048576                                   {product} {ergonomic}
    uintx NonNMethodCodeHeapSize                   = 5830732                                {pd product} {ergonomic}
    uintx NonProfiledCodeHeapSize                  = 122913754                              {pd product} {ergonomic}
    uintx ProfiledCodeHeapSize                     = 122913754                              {pd product} {ergonomic}
    uintx ReservedCodeCacheSize                    = 251658240                              {pd product} {ergonomic}
     bool SegmentedCodeCache                       = true                                      {product} {ergonomic}
     bool UseCompressedClassPointers               = true                                 {lp64_product} {ergonomic}
     bool UseCompressedOops                        = true                                 {lp64_product} {ergonomic}
     bool UseG1GC                                  = true                                      {product} {ergonomic}
     bool UseLargePagesIndividualAllocation        = false                                  {pd product} {ergonomic}

Logging:
Log output configuration:
 #0: stdout all=warning uptime,level,tags
 #1: stderr all=off uptime,level,tags

Environment Variables:
PATH=C:\Windows\system32;C:\Windows;C:\Windows\System32\Wbem;C:\Windows\System32\WindowsPowerShell\v1.0\;C:\Windows\System32\OpenSSH\;C:\Program Files (x86)\ATI Technologies\ATI.ACE\Core-Static;C:\Users\user\AppData\Local\Microsoft\WindowsApps;
USERNAME=user
OS=Windows_NT
PROCESSOR_IDENTIFIER=Intel64 Family 6 Model 42 Stepping 7, GenuineIntel



---------------  S Y S T E M  ---------------

OS: Windows 10 , 64 bit Build 17134 (10.0.17134.753)
OS uptime: 0 days 0:24 hours

CPU:total 4 (initial active 4) (4 cores per cpu, 1 threads per core) family 6 model 42 stepping 7 microcode 0x2f, cmov, cx8, fxsr, mmx, sse, sse2, sse3, ssse3, sse4.1, sse4.2, popcnt, avx, aes, clmul, tsc, tscinvbit

Memory: 4k page, system-wide physical 8169M (2853M free)
TotalPageFile size 9449M (AvailPageFile size 4049M)
current process WorkingSet (physical memory assigned to process): 605M, peak: 610M
current process commit charge ("private bytes"): 631M, peak: 637M

vm_info: OpenJDK 64-Bit Server VM (11.0.11+9-b60-7590822) for windows-amd64 JRE (11.0.11+9-b60-7590822), built on Jul 29 2021 21:43:44 by "builder" with MS VC++ 14.0 (VS2015)

END.
